

================================================================
== Vivado HLS Report for 'fir'
================================================================
* Date:           Fri Oct 12 23:14:33 2018

* Version:        2017.4 (Build 2086221 on Fri Dec 15 21:13:33 MST 2017)
* Project:        baseline
* Solution:       solution1
* Product family: zynq
* Target device:  xc7z020clg400-1


================================================================
== Performance Estimates
================================================================
+ Timing (ns): 
    * Summary: 
    +--------+-------+----------+------------+
    |  Clock | Target| Estimated| Uncertainty|
    +--------+-------+----------+------------+
    |ap_clk  |  10.00|      6.51|        1.25|
    +--------+-------+----------+------------+

+ Latency (clock cycles): 
    * Summary: 
    +-----+-----+-----+-----+---------+
    |  Latency  |  Interval | Pipeline|
    | min | max | min | max |   Type  |
    +-----+-----+-----+-----+---------+
    |  513|  513|  513|  513|   none  |
    +-----+-----+-----+-----+---------+

    + Detail: 
        * Instance: 
        N/A

        * Loop: 
        +----------+-----+-----+----------+-----------+-----------+------+----------+
        |          |  Latency  | Iteration|  Initiation Interval  | Trip |          |
        | Loop Name| min | max |  Latency |  achieved |   target  | Count| Pipelined|
        +----------+-----+-----+----------+-----------+-----------+------+----------+
        |- Loop 1  |  512|  512|         4|          -|          -|   128|    no    |
        +----------+-----+-----+----------+-----------+-----------+------+----------+



================================================================
== Utilization Estimates
================================================================
* Summary: 
+-----------------+---------+-------+--------+-------+
|       Name      | BRAM_18K| DSP48E|   FF   |  LUT  |
+-----------------+---------+-------+--------+-------+
|DSP              |        -|      1|       -|      -|
|Expression       |        -|      -|       0|     41|
|FIFO             |        -|      -|       -|      -|
|Instance         |        -|      -|       -|      -|
|Memory           |        1|      -|       5|     10|
|Multiplexer      |        -|      -|       -|     96|
|Register         |        -|      -|      54|      -|
+-----------------+---------+-------+--------+-------+
|Total            |        1|      1|      59|    147|
+-----------------+---------+-------+--------+-------+
|Available        |      280|    220|  106400|  53200|
+-----------------+---------+-------+--------+-------+
|Utilization (%)  |    ~0   |   ~0  |   ~0   |   ~0  |
+-----------------+---------+-------+--------+-------+

+ Detail: 
    * Instance: 
    N/A

    * DSP48: 
    +-------------------------+----------------------+--------------+
    |         Instance        |        Module        |  Expression  |
    +-------------------------+----------------------+--------------+
    |fir_mac_muladd_8sbkb_U1  |fir_mac_muladd_8sbkb  | i0 * i1 + i2 |
    +-------------------------+----------------------+--------------+

    * Memory: 
    +----------+------------+---------+---+----+------+-----+------+-------------+
    |  Memory  |   Module   | BRAM_18K| FF| LUT| Words| Bits| Banks| W*Bits*Banks|
    +----------+------------+---------+---+----+------+-----+------+-------------+
    |c_U       |fir_c       |        0|  5|  10|   128|    5|     1|          640|
    |regMem_U  |fir_regMem  |        1|  0|   0|   128|    8|     1|         1024|
    +----------+------------+---------+---+----+------+-----+------+-------------+
    |Total     |            |        1|  5|  10|   256|   13|     2|         1664|
    +----------+------------+---------+---+----+------+-----+------+-------------+

    * FIFO: 
    N/A

    * Expression: 
    +-----------------+----------+-------+---+----+------------+------------+
    |  Variable Name  | Operation| DSP48E| FF| LUT| Bitwidth P0| Bitwidth P1|
    +-----------------+----------+-------+---+----+------------+------------+
    |i_1_fu_165_p2    |     +    |      0|  0|  15|           8|           2|
    |tmp_4_fu_139_p2  |     +    |      0|  0|  15|           2|           7|
    |tmp_2_fu_129_p2  |   icmp   |      0|  0|  11|           8|           1|
    +-----------------+----------+-------+---+----+------------+------------+
    |Total            |          |      0|  0|  41|          18|          10|
    +-----------------+----------+-------+---+----+------------+------------+

    * Multiplexer: 
    +-----------------+----+-----------+-----+-----------+
    |       Name      | LUT| Input Size| Bits| Total Bits|
    +-----------------+----+-----------+-----+-----------+
    |ap_NS_fsm        |  33|          6|    1|          6|
    |i_reg_87         |   9|          2|    8|         16|
    |regMem_address0  |  21|          4|    7|         28|
    |regMem_d0        |  15|          3|    8|         24|
    |sum_reg_99       |   9|          2|   19|         38|
    |xij1_reg_111     |   9|          2|    8|         16|
    +-----------------+----+-----------+-----+-----------+
    |Total            |  96|         19|   51|        128|
    +-----------------+----+-----------+-----+-----------+

    * Register: 
    +----------------+----+----+-----+-----------+
    |      Name      | FF | LUT| Bits| Const Bits|
    +----------------+----+----+-----+-----------+
    |ap_CS_fsm       |   5|   0|    5|          0|
    |c_load_reg_219  |   5|   0|    5|          0|
    |i_1_reg_214     |   8|   0|    8|          0|
    |i_reg_87        |   8|   0|    8|          0|
    |sum_reg_99      |  19|   0|   19|          0|
    |tmp_2_reg_195   |   1|   0|    1|          0|
    |xij1_reg_111    |   8|   0|    8|          0|
    +----------------+----+----+-----+-----------+
    |Total           |  54|   0|   54|          0|
    +----------------+----+----+-----+-----------+



================================================================
== Interface
================================================================
* Summary: 
+----------+-----+-----+------------+--------------+--------------+
| RTL Ports| Dir | Bits|  Protocol  | Source Object|    C Type    |
+----------+-----+-----+------------+--------------+--------------+
|ap_clk    |  in |    1| ap_ctrl_hs |      fir     | return value |
|ap_rst    |  in |    1| ap_ctrl_hs |      fir     | return value |
|ap_start  |  in |    1| ap_ctrl_hs |      fir     | return value |
|ap_done   | out |    1| ap_ctrl_hs |      fir     | return value |
|ap_idle   | out |    1| ap_ctrl_hs |      fir     | return value |
|ap_ready  | out |    1| ap_ctrl_hs |      fir     | return value |
|y         | out |   32|   ap_vld   |       y      |    pointer   |
|y_ap_vld  | out |    1|   ap_vld   |       y      |    pointer   |
|x         |  in |    8|   ap_none  |       x      |    scalar    |
+----------+-----+-----+------------+--------------+--------------+

