

================================================================
== Vivado HLS Report for 'cordiccart2pol'
================================================================
* Date:           Fri Oct 26 15:03:20 2018

* Version:        2017.4 (Build 2086221 on Fri Dec 15 21:13:33 MST 2017)
* Project:        cordiccart2pol
* Solution:       solution1
* Product family: zynq
* Target device:  xc7z020clg400-1


================================================================
== Performance Estimates
================================================================
+ Timing (ns): 
    * Summary: 
    +--------+-------+----------+------------+
    |  Clock | Target| Estimated| Uncertainty|
    +--------+-------+----------+------------+
    |ap_clk  |  10.00|      8.72|        1.25|
    +--------+-------+----------+------------+

+ Latency (clock cycles): 
    * Summary: 
    +-----+-----+-----+-----+----------+
    |  Latency  |  Interval | Pipeline |
    | min | max | min | max |   Type   |
    +-----+-----+-----+-----+----------+
    |   15|   15|    1|    1| function |
    +-----+-----+-----+-----+----------+

    + Detail: 
        * Instance: 
        N/A

        * Loop: 
        N/A



================================================================
== Utilization Estimates
================================================================
* Summary: 
+-----------------+---------+-------+--------+-------+
|       Name      | BRAM_18K| DSP48E|   FF   |  LUT  |
+-----------------+---------+-------+--------+-------+
|DSP              |        -|      1|       -|      -|
|Expression       |        -|      -|       0|   6837|
|FIFO             |        -|      -|       -|      -|
|Instance         |        -|      -|       -|      -|
|Memory           |        -|      -|       -|      -|
|Multiplexer      |        -|      -|       -|      -|
|Register         |        0|      -|    1169|     32|
+-----------------+---------+-------+--------+-------+
|Total            |        0|      1|    1169|   6869|
+-----------------+---------+-------+--------+-------+
|Available        |      280|    220|  106400|  53200|
+-----------------+---------+-------+--------+-------+
|Utilization (%)  |        0|   ~0  |       1|     12|
+-----------------+---------+-------+--------+-------+

+ Detail: 
    * Instance: 
    N/A

    * DSP48: 
    +-------------------------+----------------------+-----------+
    |         Instance        |        Module        | Expression|
    +-------------------------+----------------------+-----------+
    |cordiccart2pol_mubkb_U1  |cordiccart2pol_mubkb  |  i0 * i1  |
    +-------------------------+----------------------+-----------+

    * Memory: 
    N/A

    * FIFO: 
    N/A

    * Expression: 
    +--------------------------------+----------+-------+---+----+------------+------------+
    |          Variable Name         | Operation| DSP48E| FF| LUT| Bitwidth P0| Bitwidth P1|
    +--------------------------------+----------+-------+---+----+------------+------------+
    |p_Val2_21_10_fu_5002_p2         |     +    |      0|  0|  22|          15|          15|
    |p_Val2_21_11_fu_5356_p2         |     +    |      0|  0|  22|          15|          15|
    |p_Val2_21_12_fu_5726_p2         |     +    |      0|  0|  22|          15|          15|
    |p_Val2_21_13_fu_5982_p2         |     +    |      0|  0|  22|          15|          15|
    |p_Val2_21_1_fu_833_p2           |     +    |      0|  0|  22|          15|          15|
    |p_Val2_21_2_fu_1164_p2          |     +    |      0|  0|  22|          15|          15|
    |p_Val2_21_3_fu_1445_p2          |     +    |      0|  0|  22|          15|          15|
    |p_Val2_21_4_fu_1887_p2          |     +    |      0|  0|  22|          15|          15|
    |p_Val2_21_5_fu_2361_p2          |     +    |      0|  0|  22|          15|          15|
    |p_Val2_21_6_fu_2705_p2          |     +    |      0|  0|  22|          15|          15|
    |p_Val2_21_7_fu_3203_p2          |     +    |      0|  0|  22|          15|          15|
    |p_Val2_21_8_fu_3636_p2          |     +    |      0|  0|  22|          15|          15|
    |p_Val2_21_9_fu_4082_p2          |     +    |      0|  0|  22|          15|          15|
    |p_Val2_21_s_fu_4528_p2          |     +    |      0|  0|  22|          15|          15|
    |p_Val2_22_10_fu_5016_p2         |     +    |      0|  0|  21|          14|          14|
    |p_Val2_22_11_fu_5427_p2         |     +    |      0|  0|  21|          14|          14|
    |p_Val2_22_12_fu_5747_p2         |     +    |      0|  0|  21|          14|          14|
    |p_Val2_22_13_fu_6015_p2         |     +    |      0|  0|  21|          14|          14|
    |p_Val2_22_1_fu_847_p2           |     +    |      0|  0|  21|          14|          14|
    |p_Val2_22_2_fu_1178_p2          |     +    |      0|  0|  21|          14|          14|
    |p_Val2_22_3_fu_1459_p2          |     +    |      0|  0|  21|          14|          14|
    |p_Val2_22_4_fu_1901_p2          |     +    |      0|  0|  21|          14|          14|
    |p_Val2_22_5_fu_2375_p2          |     +    |      0|  0|  21|          14|          14|
    |p_Val2_22_6_fu_2719_p2          |     +    |      0|  0|  21|          14|          14|
    |p_Val2_22_7_fu_3217_p2          |     +    |      0|  0|  21|          14|          14|
    |p_Val2_22_8_fu_3650_p2          |     +    |      0|  0|  21|          14|          14|
    |p_Val2_22_9_fu_4096_p2          |     +    |      0|  0|  21|          14|          14|
    |p_Val2_22_s_fu_4542_p2          |     +    |      0|  0|  21|          14|          14|
    |p_Val2_25_1_fu_4818_p2          |     +    |      0|  0|  23|           2|          16|
    |p_Val2_25_3_fu_1505_p2          |     +    |      0|  0|  23|           9|          16|
    |p_Val2_25_4_fu_1947_p2          |     +    |      0|  0|  23|           9|          16|
    |p_Val2_25_5_fu_2177_p2          |     +    |      0|  0|  23|           8|          16|
    |p_Val2_25_6_fu_2729_p2          |     +    |      0|  0|  23|           7|          16|
    |p_Val2_25_7_fu_3265_p2          |     +    |      0|  0|  23|           6|          16|
    |p_Val2_25_8_fu_3698_p2          |     +    |      0|  0|  23|           5|          16|
    |p_Val2_25_9_fu_4144_p2          |     +    |      0|  0|  23|           4|          16|
    |p_Val2_25_s_fu_4588_p2          |     +    |      0|  0|  23|           3|          16|
    |p_Val2_26_1_fu_4832_p2          |     +    |      0|  0|  22|           2|          15|
    |p_Val2_26_3_fu_1519_p2          |     +    |      0|  0|  22|           9|          15|
    |p_Val2_26_4_fu_1961_p2          |     +    |      0|  0|  22|           9|          15|
    |p_Val2_26_5_fu_2191_p2          |     +    |      0|  0|  22|           8|          15|
    |p_Val2_26_6_fu_2743_p2          |     +    |      0|  0|  22|           7|          15|
    |p_Val2_26_7_fu_3279_p2          |     +    |      0|  0|  22|           6|          15|
    |p_Val2_26_8_fu_3712_p2          |     +    |      0|  0|  22|           5|          15|
    |p_Val2_26_9_fu_4158_p2          |     +    |      0|  0|  22|           4|          15|
    |p_Val2_26_s_fu_4602_p2          |     +    |      0|  0|  22|           3|          15|
    |p_Val2_29_1_fu_5077_p2          |     +    |      0|  0|  23|           3|          16|
    |p_Val2_29_3_fu_1550_p2          |     +    |      0|  0|  23|          10|          16|
    |p_Val2_29_4_fu_1992_p2          |     +    |      0|  0|  23|          10|          16|
    |p_Val2_29_5_fu_2436_p2          |     +    |      0|  0|  23|           9|          16|
    |p_Val2_29_6_fu_2865_p2          |     +    |      0|  0|  23|           8|          16|
    |p_Val2_29_7_fu_3311_p2          |     +    |      0|  0|  23|           7|          16|
    |p_Val2_29_8_fu_3744_p2          |     +    |      0|  0|  23|           6|          16|
    |p_Val2_29_9_fu_4190_p2          |     +    |      0|  0|  23|           5|          16|
    |p_Val2_29_s_fu_4633_p2          |     +    |      0|  0|  23|           4|          16|
    |p_Val2_30_1_fu_5090_p2          |     +    |      0|  0|  22|           3|          15|
    |p_Val2_30_3_fu_1564_p2          |     +    |      0|  0|  22|          10|          15|
    |p_Val2_30_4_fu_2006_p2          |     +    |      0|  0|  22|          10|          15|
    |p_Val2_30_5_fu_2449_p2          |     +    |      0|  0|  22|           9|          15|
    |p_Val2_30_6_fu_2878_p2          |     +    |      0|  0|  22|           8|          15|
    |p_Val2_30_7_fu_3325_p2          |     +    |      0|  0|  22|           7|          15|
    |p_Val2_30_8_fu_3758_p2          |     +    |      0|  0|  22|           6|          15|
    |p_Val2_30_9_fu_4204_p2          |     +    |      0|  0|  22|           5|          15|
    |p_Val2_30_s_fu_4647_p2          |     +    |      0|  0|  22|           4|          15|
    |p_Val2_6_fu_6232_p2             |     +    |      0|  0|  22|          15|          15|
    |p_Val2_7_fu_520_p2              |     +    |      0|  0|  22|          15|          15|
    |p_Val2_8_10_fu_4860_p2          |     +    |      0|  0|  22|          15|          15|
    |p_Val2_8_11_fu_5266_p2          |     +    |      0|  0|  22|          15|          15|
    |p_Val2_8_12_fu_5566_p2          |     +    |      0|  0|  22|          15|          15|
    |p_Val2_8_1_fu_675_p2            |     +    |      0|  0|  22|          15|          15|
    |p_Val2_8_2_fu_1022_p2           |     +    |      0|  0|  22|          15|          15|
    |p_Val2_8_3_fu_1303_p2           |     +    |      0|  0|  22|          15|          15|
    |p_Val2_8_4_fu_1745_p2           |     +    |      0|  0|  22|          15|          15|
    |p_Val2_8_5_fu_2219_p2           |     +    |      0|  0|  22|          15|          15|
    |p_Val2_8_6_fu_2619_p2           |     +    |      0|  0|  22|          15|          15|
    |p_Val2_8_7_fu_3045_p2           |     +    |      0|  0|  22|          15|          15|
    |p_Val2_8_8_fu_3478_p2           |     +    |      0|  0|  22|          15|          15|
    |p_Val2_8_9_fu_3924_p2           |     +    |      0|  0|  22|          15|          15|
    |p_Val2_8_fu_452_p2              |     +    |      0|  0|  22|          15|          15|
    |p_Val2_8_s_fu_4386_p2           |     +    |      0|  0|  22|          15|          15|
    |p_Val2_9_10_fu_4874_p2          |     +    |      0|  0|  21|          14|          14|
    |p_Val2_9_11_fu_5280_p2          |     +    |      0|  0|  21|          14|          14|
    |p_Val2_9_12_fu_5580_p2          |     +    |      0|  0|  21|          14|          14|
    |p_Val2_9_1_fu_689_p2            |     +    |      0|  0|  21|          14|          14|
    |p_Val2_9_2_fu_1036_p2           |     +    |      0|  0|  21|          14|          14|
    |p_Val2_9_3_fu_1317_p2           |     +    |      0|  0|  21|          14|          14|
    |p_Val2_9_4_fu_1759_p2           |     +    |      0|  0|  21|          14|          14|
    |p_Val2_9_5_fu_2233_p2           |     +    |      0|  0|  21|          14|          14|
    |p_Val2_9_6_fu_2633_p2           |     +    |      0|  0|  21|          14|          14|
    |p_Val2_9_7_fu_3059_p2           |     +    |      0|  0|  21|          14|          14|
    |p_Val2_9_8_fu_3492_p2           |     +    |      0|  0|  21|          14|          14|
    |p_Val2_9_9_fu_3938_p2           |     +    |      0|  0|  21|          14|          14|
    |p_Val2_9_fu_466_p2              |     +    |      0|  0|  21|          14|          14|
    |p_Val2_9_s_fu_4400_p2           |     +    |      0|  0|  21|          14|          14|
    |sel_tmp12_fu_1263_p2            |     +    |      0|  0|  15|          15|          15|
    |sel_tmp9_fu_1002_p2             |     +    |      0|  0|  15|          15|          15|
    |storemerge_fu_989_p2            |     +    |      0|  0|  22|          15|          15|
    |p_Val2_11_10_fu_4890_p2         |     -    |      0|  0|  22|          15|          15|
    |p_Val2_11_11_fu_5290_p2         |     -    |      0|  0|  22|          15|          15|
    |p_Val2_11_12_fu_5602_p2         |     -    |      0|  0|  22|          15|          15|
    |p_Val2_11_13_fu_5928_p2         |     -    |      0|  0|  22|          15|          15|
    |p_Val2_11_14_fu_6138_p2         |     -    |      0|  0|  22|          15|          15|
    |p_Val2_11_1_fu_707_p2           |     -    |      0|  0|  22|          15|          15|
    |p_Val2_11_2_fu_1052_p2          |     -    |      0|  0|  22|          15|          15|
    |p_Val2_11_3_fu_1333_p2          |     -    |      0|  0|  22|          15|          15|
    |p_Val2_11_4_fu_1775_p2          |     -    |      0|  0|  22|          15|          15|
    |p_Val2_11_5_fu_2249_p2          |     -    |      0|  0|  22|          15|          15|
    |p_Val2_11_6_fu_2643_p2          |     -    |      0|  0|  22|          15|          15|
    |p_Val2_11_7_fu_3077_p2          |     -    |      0|  0|  22|          15|          15|
    |p_Val2_11_8_fu_3510_p2          |     -    |      0|  0|  22|          15|          15|
    |p_Val2_11_9_fu_3956_p2          |     -    |      0|  0|  22|          15|          15|
    |p_Val2_11_s_fu_4416_p2          |     -    |      0|  0|  22|          15|          15|
    |p_Val2_18_10_fu_4952_p2         |     -    |      0|  0|  22|          15|          15|
    |p_Val2_18_11_fu_5326_p2         |     -    |      0|  0|  22|          15|          15|
    |p_Val2_18_12_fu_5678_p2         |     -    |      0|  0|  22|          15|          15|
    |p_Val2_18_13_fu_5882_p2         |     -    |      0|  0|  22|          15|          15|
    |p_Val2_18_1_fu_781_p2           |     -    |      0|  0|  22|          15|          15|
    |p_Val2_18_2_fu_1114_p2          |     -    |      0|  0|  22|          15|          15|
    |p_Val2_18_3_fu_1395_p2          |     -    |      0|  0|  22|          15|          15|
    |p_Val2_18_4_fu_1837_p2          |     -    |      0|  0|  22|          15|          15|
    |p_Val2_18_5_fu_2311_p2          |     -    |      0|  0|  22|          15|          15|
    |p_Val2_18_6_fu_2679_p2          |     -    |      0|  0|  22|          15|          15|
    |p_Val2_18_7_fu_3151_p2          |     -    |      0|  0|  22|          15|          15|
    |p_Val2_18_8_fu_3584_p2          |     -    |      0|  0|  22|          15|          15|
    |p_Val2_18_9_fu_4030_p2          |     -    |      0|  0|  22|          15|          15|
    |p_Val2_18_s_fu_4478_p2          |     -    |      0|  0|  22|          15|          15|
    |p_Val2_2_fu_264_p2              |     -    |      0|  0|  22|           1|          15|
    |p_Val2_5_fu_502_p2              |     -    |      0|  0|  22|          15|          15|
    |p_Val2_s_6_fu_484_p2            |     -    |      0|  0|  22|          15|          15|
    |p_Val2_s_fu_234_p2              |     -    |      0|  0|  22|           1|          15|
    |ap_block_pp0_stage0_01001       |    and   |      0|  0|   8|           1|           1|
    |neg_src_fu_6261_p2              |    and   |      0|  0|   8|           1|           1|
    |overflow_fu_6278_p2             |    and   |      0|  0|   8|           1|           1|
    |sel_tmp101_fu_5131_p2           |    and   |      0|  0|   8|           1|           1|
    |sel_tmp104_fu_5151_p2           |    and   |      0|  0|   8|           1|           1|
    |sel_tmp107_fu_5171_p2           |    and   |      0|  0|   8|           1|           1|
    |sel_tmp110_fu_5466_p2           |    and   |      0|  0|   8|           1|           1|
    |sel_tmp113_fu_5485_p2           |    and   |      0|  0|   8|           1|           1|
    |sel_tmp116_fu_5503_p2           |    and   |      0|  0|   8|           1|           1|
    |sel_tmp119_fu_5786_p2           |    and   |      0|  0|   8|           1|           1|
    |sel_tmp122_fu_5803_p2           |    and   |      0|  0|   8|           1|           1|
    |sel_tmp125_fu_5820_p2           |    and   |      0|  0|   8|           1|           1|
    |sel_tmp128_fu_6042_p2           |    and   |      0|  0|   8|           1|           1|
    |sel_tmp131_fu_6059_p2           |    and   |      0|  0|   8|           1|           1|
    |sel_tmp134_fu_6076_p2           |    and   |      0|  0|   8|           1|           1|
    |sel_tmp139_fu_6176_p2           |    and   |      0|  0|   8|           1|           1|
    |sel_tmp13_fu_1609_p2            |    and   |      0|  0|   8|           1|           1|
    |sel_tmp16_fu_1629_p2            |    and   |      0|  0|   8|           1|           1|
    |sel_tmp19_fu_1649_p2            |    and   |      0|  0|   8|           1|           1|
    |sel_tmp24_fu_2051_p2            |    and   |      0|  0|   8|           1|           1|
    |sel_tmp27_fu_2071_p2            |    and   |      0|  0|   8|           1|           1|
    |sel_tmp30_fu_2091_p2            |    and   |      0|  0|   8|           1|           1|
    |sel_tmp35_fu_2490_p2            |    and   |      0|  0|   8|           1|           1|
    |sel_tmp38_fu_2510_p2            |    and   |      0|  0|   8|           1|           1|
    |sel_tmp41_fu_2530_p2            |    and   |      0|  0|   8|           1|           1|
    |sel_tmp46_fu_2919_p2            |    and   |      0|  0|   8|           1|           1|
    |sel_tmp49_fu_2938_p2            |    and   |      0|  0|   8|           1|           1|
    |sel_tmp4_fu_342_p2              |    and   |      0|  0|   8|           1|           1|
    |sel_tmp52_fu_2956_p2            |    and   |      0|  0|   8|           1|           1|
    |sel_tmp57_fu_3351_p2            |    and   |      0|  0|   8|           1|           1|
    |sel_tmp60_fu_3363_p2            |    and   |      0|  0|   8|           1|           1|
    |sel_tmp63_fu_3375_p2            |    and   |      0|  0|   8|           1|           1|
    |sel_tmp68_fu_3794_p2            |    and   |      0|  0|   8|           1|           1|
    |sel_tmp71_fu_3814_p2            |    and   |      0|  0|   8|           1|           1|
    |sel_tmp74_fu_3834_p2            |    and   |      0|  0|   8|           1|           1|
    |sel_tmp79_fu_4250_p2            |    and   |      0|  0|   8|           1|           1|
    |sel_tmp7_fu_348_p2              |    and   |      0|  0|   8|           1|           1|
    |sel_tmp82_fu_4270_p2            |    and   |      0|  0|   8|           1|           1|
    |sel_tmp85_fu_4290_p2            |    and   |      0|  0|   8|           1|           1|
    |sel_tmp90_fu_4692_p2            |    and   |      0|  0|   8|           1|           1|
    |sel_tmp93_fu_4712_p2            |    and   |      0|  0|   8|           1|           1|
    |sel_tmp96_fu_4732_p2            |    and   |      0|  0|   8|           1|           1|
    |sel_tmp_fu_374_p2               |    and   |      0|  0|   8|           1|           1|
    |tmp4_fu_368_p2                  |    and   |      0|  0|   8|           1|           1|
    |tmp_1_fu_322_p2                 |    and   |      0|  0|  21|          14|          14|
    |tmp_17_10_fu_4846_p2            |   icmp   |      0|  0|  13|          14|           1|
    |tmp_17_11_fu_5238_p2            |   icmp   |      0|  0|  13|          14|           1|
    |tmp_17_12_fu_5540_p2            |   icmp   |      0|  0|  13|          14|           1|
    |tmp_17_13_fu_5856_p2            |   icmp   |      0|  0|  13|          14|           1|
    |tmp_17_14_fu_6112_p2            |   icmp   |      0|  0|  13|          14|           1|
    |tmp_17_1_fu_647_p2              |   icmp   |      0|  0|  13|          14|           1|
    |tmp_17_2_fu_1008_p2             |   icmp   |      0|  0|  13|          14|           1|
    |tmp_17_3_fu_1289_p2             |   icmp   |      0|  0|  13|          14|           1|
    |tmp_17_4_fu_1731_p2             |   icmp   |      0|  0|  13|          14|           1|
    |tmp_17_5_fu_2205_p2             |   icmp   |      0|  0|  13|          14|           1|
    |tmp_17_6_fu_2591_p2             |   icmp   |      0|  0|  13|          14|           1|
    |tmp_17_7_fu_3017_p2             |   icmp   |      0|  0|  13|          14|           1|
    |tmp_17_8_fu_3450_p2             |   icmp   |      0|  0|  13|          14|           1|
    |tmp_17_9_fu_3896_p2             |   icmp   |      0|  0|  13|          14|           1|
    |tmp_17_s_fu_4372_p2             |   icmp   |      0|  0|  13|          14|           1|
    |tmp_s_fu_534_p2                 |   icmp   |      0|  0|  13|          14|           1|
    |brmerge_i2_fu_6272_p2           |    or    |      0|  0|   8|           1|           1|
    |not_carry_fu_6250_p2            |    or    |      0|  0|   8|           1|           1|
    |or_cond1_fu_5216_p2             |    or    |      0|  0|   8|           1|           1|
    |or_cond_fu_952_p2               |    or    |      0|  0|   8|           1|           1|
    |newSel1_fu_956_p3               |  select  |      0|  0|  14|           1|          14|
    |newSel2_fu_963_p3               |  select  |      0|  0|  14|           1|          14|
    |newSel3_fu_971_p3               |  select  |      0|  0|  14|           1|          14|
    |newSel4_fu_5209_p3              |  select  |      0|  0|  15|           1|          15|
    |newSel5_fu_5222_p3              |  select  |      0|  0|  15|           1|          15|
    |newSel6_fu_5230_p3              |  select  |      0|  0|  15|           1|          15|
    |newSel_fu_945_p3                |  select  |      0|  0|  14|           1|          13|
    |op_V_read_assign_1_fu_420_p3    |  select  |      0|  0|  14|           1|          14|
    |op_V_read_assign_2_fu_428_p3    |  select  |      0|  0|  14|           1|          14|
    |op_V_read_assign_3_fu_436_p3    |  select  |      0|  0|  14|           1|          14|
    |op_V_read_assign_fu_412_p3      |  select  |      0|  0|  14|           1|          14|
    |p_Val2_20_12_fu_5740_p3         |  select  |      0|  0|   2|           1|           2|
    |p_Val2_20_13_fu_6008_p3         |  select  |      0|  0|   2|           1|           2|
    |r_V                             |  select  |      0|  0|  15|           1|          15|
    |sel_tmp100_fu_4778_p3           |  select  |      0|  0|  15|           1|          15|
    |sel_tmp102_fu_5137_p3           |  select  |      0|  0|  14|           1|          14|
    |sel_tmp105_fu_5157_p3           |  select  |      0|  0|  14|           1|          14|
    |sel_tmp108_fu_5185_p3           |  select  |      0|  0|  14|           1|          14|
    |sel_tmp109_fu_5193_p3           |  select  |      0|  0|  14|           1|          14|
    |sel_tmp10_fu_1239_p3            |  select  |      0|  0|  14|           1|          14|
    |sel_tmp111_fu_5471_p3           |  select  |      0|  0|  14|           1|          14|
    |sel_tmp114_fu_5490_p3           |  select  |      0|  0|  14|           1|          14|
    |sel_tmp117_fu_5517_p3           |  select  |      0|  0|  14|           1|          14|
    |sel_tmp118_fu_5525_p3           |  select  |      0|  0|  14|           1|          14|
    |sel_tmp11_fu_1247_p3            |  select  |      0|  0|  14|           1|          14|
    |sel_tmp120_fu_5791_p3           |  select  |      0|  0|  14|           1|          14|
    |sel_tmp123_fu_5808_p3           |  select  |      0|  0|  14|           1|          14|
    |sel_tmp126_fu_5833_p3           |  select  |      0|  0|  14|           1|          14|
    |sel_tmp127_fu_5841_p3           |  select  |      0|  0|  14|           1|          14|
    |sel_tmp129_fu_6047_p3           |  select  |      0|  0|  14|           1|          14|
    |sel_tmp132_fu_6064_p3           |  select  |      0|  0|  14|           1|          14|
    |sel_tmp135_fu_6089_p3           |  select  |      0|  0|  14|           1|          14|
    |sel_tmp136_fu_6097_p3           |  select  |      0|  0|  14|           1|          14|
    |sel_tmp137_fu_6190_p3           |  select  |      0|  0|  14|           1|          14|
    |sel_tmp14_fu_1615_p3            |  select  |      0|  0|  14|           1|          14|
    |sel_tmp17_fu_1635_p3            |  select  |      0|  0|  14|           1|          14|
    |sel_tmp1_fu_380_p3              |  select  |      0|  0|  14|           1|          14|
    |sel_tmp20_fu_1663_p3            |  select  |      0|  0|  14|           1|          14|
    |sel_tmp21_fu_1671_p3            |  select  |      0|  0|  14|           1|          14|
    |sel_tmp21_v_cast_fu_995_p3      |  select  |      0|  0|  12|           1|          11|
    |sel_tmp21_v_fu_1255_p3          |  select  |      0|  0|  11|           1|          10|
    |sel_tmp22_fu_1687_p3            |  select  |      0|  0|  15|           1|          15|
    |sel_tmp23_fu_1695_p3            |  select  |      0|  0|  15|           1|          15|
    |sel_tmp25_fu_2057_p3            |  select  |      0|  0|  14|           1|          14|
    |sel_tmp28_fu_2077_p3            |  select  |      0|  0|  14|           1|          14|
    |sel_tmp2_fu_388_p3              |  select  |      0|  0|  14|           1|          14|
    |sel_tmp31_fu_2105_p3            |  select  |      0|  0|  14|           1|          14|
    |sel_tmp32_fu_2113_p3            |  select  |      0|  0|  14|           1|          14|
    |sel_tmp33_fu_2129_p3            |  select  |      0|  0|  15|           1|          15|
    |sel_tmp34_fu_2137_p3            |  select  |      0|  0|  15|           1|          15|
    |sel_tmp36_fu_2496_p3            |  select  |      0|  0|  14|           1|          14|
    |sel_tmp39_fu_2516_p3            |  select  |      0|  0|  14|           1|          14|
    |sel_tmp42_fu_2544_p3            |  select  |      0|  0|  14|           1|          14|
    |sel_tmp43_fu_2552_p3            |  select  |      0|  0|  14|           1|          14|
    |sel_tmp44_fu_2568_p3            |  select  |      0|  0|  15|           1|          15|
    |sel_tmp45_fu_2576_p3            |  select  |      0|  0|  15|           1|          15|
    |sel_tmp47_fu_2924_p3            |  select  |      0|  0|  14|           1|          14|
    |sel_tmp50_fu_2943_p3            |  select  |      0|  0|  14|           1|          14|
    |sel_tmp53_fu_2970_p3            |  select  |      0|  0|  14|           1|          14|
    |sel_tmp54_fu_2978_p3            |  select  |      0|  0|  14|           1|          14|
    |sel_tmp55_fu_2994_p3            |  select  |      0|  0|  15|           1|          15|
    |sel_tmp56_fu_3002_p3            |  select  |      0|  0|  15|           1|          15|
    |sel_tmp58_fu_3397_p3            |  select  |      0|  0|  14|           1|          14|
    |sel_tmp5_fu_396_p3              |  select  |      0|  0|  14|           1|          14|
    |sel_tmp61_fu_3402_p3            |  select  |      0|  0|  14|           1|          14|
    |sel_tmp64_fu_3414_p3            |  select  |      0|  0|  14|           1|          14|
    |sel_tmp65_fu_3419_p3            |  select  |      0|  0|  14|           1|          14|
    |sel_tmp66_fu_3431_p3            |  select  |      0|  0|  15|           1|          15|
    |sel_tmp67_fu_3437_p3            |  select  |      0|  0|  15|           1|          15|
    |sel_tmp69_fu_3800_p3            |  select  |      0|  0|  14|           1|          14|
    |sel_tmp6_fu_909_p3              |  select  |      0|  0|  14|           1|          14|
    |sel_tmp72_fu_3820_p3            |  select  |      0|  0|  14|           1|          14|
    |sel_tmp75_fu_3840_p3            |  select  |      0|  0|  14|           1|          14|
    |sel_tmp76_fu_3848_p3            |  select  |      0|  0|  14|           1|          14|
    |sel_tmp77_fu_3856_p3            |  select  |      0|  0|  15|           1|          15|
    |sel_tmp78_fu_3864_p3            |  select  |      0|  0|  15|           1|          15|
    |sel_tmp80_fu_4256_p3            |  select  |      0|  0|  14|           1|          14|
    |sel_tmp83_fu_4276_p3            |  select  |      0|  0|  14|           1|          14|
    |sel_tmp86_fu_4304_p3            |  select  |      0|  0|  14|           1|          14|
    |sel_tmp87_fu_4312_p3            |  select  |      0|  0|  14|           1|          14|
    |sel_tmp88_fu_4328_p3            |  select  |      0|  0|  15|           1|          15|
    |sel_tmp89_fu_4336_p3            |  select  |      0|  0|  15|           1|          15|
    |sel_tmp8_fu_917_p3              |  select  |      0|  0|  14|           1|          14|
    |sel_tmp91_fu_4698_p3            |  select  |      0|  0|  14|           1|          14|
    |sel_tmp94_fu_4718_p3            |  select  |      0|  0|  14|           1|          14|
    |sel_tmp97_fu_4746_p3            |  select  |      0|  0|  14|           1|          14|
    |sel_tmp98_fu_4754_p3            |  select  |      0|  0|  14|           1|          14|
    |sel_tmp99_fu_4770_p3            |  select  |      0|  0|  15|           1|          15|
    |storemerge_3_fu_1703_p3         |  select  |      0|  0|  15|           1|          15|
    |storemerge_4_fu_2145_p3         |  select  |      0|  0|  15|           1|          15|
    |storemerge_5_fu_2583_p3         |  select  |      0|  0|  15|           1|          15|
    |storemerge_6_fu_3009_p3         |  select  |      0|  0|  15|           1|          15|
    |storemerge_7_fu_3443_p3         |  select  |      0|  0|  15|           1|          15|
    |storemerge_8_fu_3890_p3         |  select  |      0|  0|  15|           1|          15|
    |storemerge_9_fu_4344_p3         |  select  |      0|  0|  15|           1|          15|
    |storemerge_s_fu_4786_p3         |  select  |      0|  0|  15|           1|          15|
    |storemerge_v_cast_ca_fu_982_p3  |  select  |      0|  0|  13|           1|          12|
    |this_assign_10_fu_4464_p3       |  select  |      0|  0|  14|           1|          14|
    |this_assign_11_fu_4938_p3       |  select  |      0|  0|  14|           1|          14|
    |this_assign_12_fu_5402_p3       |  select  |      0|  0|  14|           1|          14|
    |this_assign_13_fu_5650_p3       |  select  |      0|  0|  14|           1|          14|
    |this_assign_14_fu_2789_p3       |  select  |      0|  0|  14|           1|          14|
    |this_assign_15_fu_3125_p3       |  select  |      0|  0|  14|           1|          14|
    |this_assign_1_fu_755_p3         |  select  |      0|  0|  14|           1|          14|
    |this_assign_2_fu_1100_p3        |  select  |      0|  0|  14|           1|          14|
    |this_assign_3_fu_1381_p3        |  select  |      0|  0|  14|           1|          14|
    |this_assign_4_10_fu_5051_p3     |  select  |      0|  0|  14|           1|          14|
    |this_assign_4_1_fu_883_p3       |  select  |      0|  0|  14|           1|          14|
    |this_assign_4_2_fu_1213_p3      |  select  |      0|  0|  14|           1|          14|
    |this_assign_4_3_fu_1494_p3      |  select  |      0|  0|  14|           1|          14|
    |this_assign_4_4_fu_1936_p3      |  select  |      0|  0|  14|           1|          14|
    |this_assign_4_5_fu_2410_p3      |  select  |      0|  0|  14|           1|          14|
    |this_assign_4_6_fu_2843_p3      |  select  |      0|  0|  14|           1|          14|
    |this_assign_4_7_fu_3253_p3      |  select  |      0|  0|  14|           1|          14|
    |this_assign_4_8_fu_3686_p3      |  select  |      0|  0|  14|           1|          14|
    |this_assign_4_9_fu_4132_p3      |  select  |      0|  0|  14|           1|          14|
    |this_assign_4_fu_609_p3         |  select  |      0|  0|  14|           1|          14|
    |this_assign_4_s_fu_4577_p3      |  select  |      0|  0|  14|           1|          14|
    |this_assign_5_fu_2297_p3        |  select  |      0|  0|  14|           1|          14|
    |this_assign_6_10_fu_4988_p3     |  select  |      0|  0|  14|           1|          14|
    |this_assign_6_11_fu_5417_p3     |  select  |      0|  0|  14|           1|          14|
    |this_assign_6_12_fu_5714_p3     |  select  |      0|  0|  14|           1|          14|
    |this_assign_6_13_fu_5970_p3     |  select  |      0|  0|  14|           1|          14|
    |this_assign_6_1_fu_817_p3       |  select  |      0|  0|  14|           1|          14|
    |this_assign_6_2_fu_1150_p3      |  select  |      0|  0|  14|           1|          14|
    |this_assign_6_3_fu_1431_p3      |  select  |      0|  0|  14|           1|          14|
    |this_assign_6_4_fu_1873_p3      |  select  |      0|  0|  14|           1|          14|
    |this_assign_6_5_fu_2347_p3      |  select  |      0|  0|  14|           1|          14|
    |this_assign_6_6_fu_2811_p3      |  select  |      0|  0|  14|           1|          14|
    |this_assign_6_7_fu_3187_p3      |  select  |      0|  0|  14|           1|          14|
    |this_assign_6_8_fu_3620_p3      |  select  |      0|  0|  14|           1|          14|
    |this_assign_6_9_fu_4066_p3      |  select  |      0|  0|  14|           1|          14|
    |this_assign_6_fu_585_p3         |  select  |      0|  0|  14|           1|          14|
    |this_assign_6_s_fu_4514_p3      |  select  |      0|  0|  14|           1|          14|
    |this_assign_7_10_fu_5069_p3     |  select  |      0|  0|  14|           1|          14|
    |this_assign_7_1_fu_901_p3       |  select  |      0|  0|  14|           1|          14|
    |this_assign_7_2_fu_1231_p3      |  select  |      0|  0|  14|           1|          14|
    |this_assign_7_3_fu_1542_p3      |  select  |      0|  0|  14|           1|          14|
    |this_assign_7_4_fu_1984_p3      |  select  |      0|  0|  14|           1|          14|
    |this_assign_7_5_fu_2428_p3      |  select  |      0|  0|  14|           1|          14|
    |this_assign_7_6_fu_2858_p3      |  select  |      0|  0|  14|           1|          14|
    |this_assign_7_7_fu_3303_p3      |  select  |      0|  0|  14|           1|          14|
    |this_assign_7_8_fu_3736_p3      |  select  |      0|  0|  14|           1|          14|
    |this_assign_7_9_fu_4182_p3      |  select  |      0|  0|  14|           1|          14|
    |this_assign_7_fu_624_p3         |  select  |      0|  0|  14|           1|          14|
    |this_assign_7_s_fu_4625_p3      |  select  |      0|  0|  14|           1|          14|
    |this_assign_8_fu_3558_p3        |  select  |      0|  0|  14|           1|          14|
    |this_assign_9_fu_4004_p3        |  select  |      0|  0|  14|           1|          14|
    |this_assign_fu_563_p3           |  select  |      0|  0|  14|           1|          14|
    |this_assign_s_fu_1823_p3        |  select  |      0|  0|  14|           1|          14|
    |tmp_27_12_fu_5594_p3            |  select  |      0|  0|   2|           1|           2|
    |tmp_27_13_fu_5920_p3            |  select  |      0|  0|   2|           1|           2|
    |tmp_27_14_fu_6130_p3            |  select  |      0|  0|   2|           1|           2|
    |tmp_44_12_fu_5670_p3            |  select  |      0|  0|   2|           1|           2|
    |tmp_44_13_fu_5874_p3            |  select  |      0|  0|   2|           1|           2|
    |x_V_buf_1_ph_fu_404_p3          |  select  |      0|  0|  14|           1|          14|
    |x_V_buf_2_10_fu_5826_p3         |  select  |      0|  0|  14|           1|          14|
    |x_V_buf_2_11_fu_6082_p3         |  select  |      0|  0|  14|           1|          14|
    |x_V_buf_2_12_fu_6195_p3         |  select  |      0|  0|  14|           1|          14|
    |x_V_buf_2_1_fu_5177_p3          |  select  |      0|  0|  14|           1|          14|
    |x_V_buf_2_2_fu_5509_p3          |  select  |      0|  0|  14|           1|          14|
    |x_V_buf_2_3_fu_1655_p3          |  select  |      0|  0|  14|           1|          14|
    |x_V_buf_2_4_fu_2097_p3          |  select  |      0|  0|  14|           1|          14|
    |x_V_buf_2_5_fu_2536_p3          |  select  |      0|  0|  14|           1|          14|
    |x_V_buf_2_6_fu_2962_p3          |  select  |      0|  0|  14|           1|          14|
    |x_V_buf_2_7_fu_3408_p3          |  select  |      0|  0|  14|           1|          14|
    |x_V_buf_2_8_fu_3880_p3          |  select  |      0|  0|  14|           1|          14|
    |x_V_buf_2_9_fu_4296_p3          |  select  |      0|  0|  14|           1|          14|
    |x_V_buf_2_fu_631_p3             |  select  |      0|  0|  14|           1|          14|
    |x_V_buf_2_s_fu_4738_p3          |  select  |      0|  0|  14|           1|          14|
    |y_V_buf_2_10_fu_5848_p3         |  select  |      0|  0|  14|           1|          14|
    |y_V_buf_2_11_fu_6104_p3         |  select  |      0|  0|  14|           1|          14|
    |y_V_buf_2_1_fu_5201_p3          |  select  |      0|  0|  14|           1|          14|
    |y_V_buf_2_2_fu_5532_p3          |  select  |      0|  0|  14|           1|          14|
    |y_V_buf_2_3_fu_1679_p3          |  select  |      0|  0|  14|           1|          14|
    |y_V_buf_2_4_fu_2121_p3          |  select  |      0|  0|  14|           1|          14|
    |y_V_buf_2_5_fu_2560_p3          |  select  |      0|  0|  14|           1|          14|
    |y_V_buf_2_6_fu_2986_p3          |  select  |      0|  0|  14|           1|          14|
    |y_V_buf_2_7_fu_3425_p3          |  select  |      0|  0|  14|           1|          14|
    |y_V_buf_2_8_fu_3885_p3          |  select  |      0|  0|  14|           1|          14|
    |y_V_buf_2_9_fu_4320_p3          |  select  |      0|  0|  14|           1|          14|
    |y_V_buf_2_fu_639_p3             |  select  |      0|  0|  14|           1|          14|
    |y_V_buf_2_s_fu_4762_p3          |  select  |      0|  0|  14|           1|          14|
    |ap_enable_pp0                   |    xor   |      0|  0|   8|           1|           2|
    |brmerge_i_i1_fu_296_p2          |    xor   |      0|  0|   8|           1|           1|
    |brmerge_i_i_fu_290_p2           |    xor   |      0|  0|   8|           1|           1|
    |brmerge_i_i_i1_10_fu_4922_p2    |    xor   |      0|  0|   8|           1|           1|
    |brmerge_i_i_i1_11_fu_5389_p2    |    xor   |      0|  0|   8|           1|           1|
    |brmerge_i_i_i1_12_fu_5634_p2    |    xor   |      0|  0|   8|           1|           1|
    |brmerge_i_i_i1_13_fu_5954_p2    |    xor   |      0|  0|   8|           1|           1|
    |brmerge_i_i_i1_14_fu_6164_p2    |    xor   |      0|  0|   8|           1|           1|
    |brmerge_i_i_i1_1_fu_739_p2      |    xor   |      0|  0|   8|           1|           1|
    |brmerge_i_i_i1_2_fu_1084_p2     |    xor   |      0|  0|   8|           1|           1|
    |brmerge_i_i_i1_3_fu_1365_p2     |    xor   |      0|  0|   8|           1|           1|
    |brmerge_i_i_i1_4_fu_1807_p2     |    xor   |      0|  0|   8|           1|           1|
    |brmerge_i_i_i1_5_fu_2281_p2     |    xor   |      0|  0|   8|           1|           1|
    |brmerge_i_i_i1_6_fu_2776_p2     |    xor   |      0|  0|   8|           1|           1|
    |brmerge_i_i_i1_7_fu_3109_p2     |    xor   |      0|  0|   8|           1|           1|
    |brmerge_i_i_i1_8_fu_3542_p2     |    xor   |      0|  0|   8|           1|           1|
    |brmerge_i_i_i1_9_fu_3988_p2     |    xor   |      0|  0|   8|           1|           1|
    |brmerge_i_i_i1_fu_550_p2        |    xor   |      0|  0|   8|           1|           1|
    |brmerge_i_i_i1_s_fu_4448_p2     |    xor   |      0|  0|   8|           1|           1|
    |brmerge_i_i_i2_10_fu_5029_p2    |    xor   |      0|  0|   8|           1|           1|
    |brmerge_i_i_i2_11_fu_5440_p2    |    xor   |      0|  0|   8|           1|           1|
    |brmerge_i_i_i2_12_fu_5760_p2    |    xor   |      0|  0|   8|           1|           1|
    |brmerge_i_i_i2_13_fu_5996_p2    |    xor   |      0|  0|   8|           1|           1|
    |brmerge_i_i_i2_1_fu_861_p2      |    xor   |      0|  0|   8|           1|           1|
    |brmerge_i_i_i2_2_fu_1191_p2     |    xor   |      0|  0|   8|           1|           1|
    |brmerge_i_i_i2_3_fu_1472_p2     |    xor   |      0|  0|   8|           1|           1|
    |brmerge_i_i_i2_4_fu_1914_p2     |    xor   |      0|  0|   8|           1|           1|
    |brmerge_i_i_i2_5_fu_2388_p2     |    xor   |      0|  0|   8|           1|           1|
    |brmerge_i_i_i2_6_fu_2825_p2     |    xor   |      0|  0|   8|           1|           1|
    |brmerge_i_i_i2_7_fu_3231_p2     |    xor   |      0|  0|   8|           1|           1|
    |brmerge_i_i_i2_8_fu_3664_p2     |    xor   |      0|  0|   8|           1|           1|
    |brmerge_i_i_i2_9_fu_4110_p2     |    xor   |      0|  0|   8|           1|           1|
    |brmerge_i_i_i2_fu_592_p2        |    xor   |      0|  0|   8|           1|           1|
    |brmerge_i_i_i2_s_fu_4555_p2     |    xor   |      0|  0|   8|           1|           1|
    |brmerge_i_i_i3_10_fu_5035_p2    |    xor   |      0|  0|   8|           1|           1|
    |brmerge_i_i_i3_11_fu_5444_p2    |    xor   |      0|  0|   8|           1|           1|
    |brmerge_i_i_i3_12_fu_5764_p2    |    xor   |      0|  0|   8|           1|           1|
    |brmerge_i_i_i3_13_fu_6028_p2    |    xor   |      0|  0|   8|           1|           1|
    |brmerge_i_i_i3_1_fu_867_p2      |    xor   |      0|  0|   8|           1|           1|
    |brmerge_i_i_i3_2_fu_1197_p2     |    xor   |      0|  0|   8|           1|           1|
    |brmerge_i_i_i3_3_fu_1478_p2     |    xor   |      0|  0|   8|           1|           1|
    |brmerge_i_i_i3_4_fu_1920_p2     |    xor   |      0|  0|   8|           1|           1|
    |brmerge_i_i_i3_5_fu_2394_p2     |    xor   |      0|  0|   8|           1|           1|
    |brmerge_i_i_i3_6_fu_2830_p2     |    xor   |      0|  0|   8|           1|           1|
    |brmerge_i_i_i3_7_fu_3237_p2     |    xor   |      0|  0|   8|           1|           1|
    |brmerge_i_i_i3_8_fu_3670_p2     |    xor   |      0|  0|   8|           1|           1|
    |brmerge_i_i_i3_9_fu_4116_p2     |    xor   |      0|  0|   8|           1|           1|
    |brmerge_i_i_i3_fu_597_p2        |    xor   |      0|  0|   8|           1|           1|
    |brmerge_i_i_i3_s_fu_4561_p2     |    xor   |      0|  0|   8|           1|           1|
    |brmerge_i_i_i4_1_fu_5103_p2     |    xor   |      0|  0|   8|           1|           1|
    |brmerge_i_i_i4_3_fu_1577_p2     |    xor   |      0|  0|   8|           1|           1|
    |brmerge_i_i_i4_4_fu_2019_p2     |    xor   |      0|  0|   8|           1|           1|
    |brmerge_i_i_i4_5_fu_2462_p2     |    xor   |      0|  0|   8|           1|           1|
    |brmerge_i_i_i4_6_fu_2891_p2     |    xor   |      0|  0|   8|           1|           1|
    |brmerge_i_i_i4_7_fu_3339_p2     |    xor   |      0|  0|   8|           1|           1|
    |brmerge_i_i_i4_8_fu_3772_p2     |    xor   |      0|  0|   8|           1|           1|
    |brmerge_i_i_i4_9_fu_4218_p2     |    xor   |      0|  0|   8|           1|           1|
    |brmerge_i_i_i4_s_fu_4660_p2     |    xor   |      0|  0|   8|           1|           1|
    |brmerge_i_i_i5_1_fu_5107_p2     |    xor   |      0|  0|   8|           1|           1|
    |brmerge_i_i_i5_3_fu_1583_p2     |    xor   |      0|  0|   8|           1|           1|
    |brmerge_i_i_i5_4_fu_2025_p2     |    xor   |      0|  0|   8|           1|           1|
    |brmerge_i_i_i5_5_fu_2466_p2     |    xor   |      0|  0|   8|           1|           1|
    |brmerge_i_i_i5_6_fu_2895_p2     |    xor   |      0|  0|   8|           1|           1|
    |brmerge_i_i_i5_7_fu_3345_p2     |    xor   |      0|  0|   8|           1|           1|
    |brmerge_i_i_i5_8_fu_3778_p2     |    xor   |      0|  0|   8|           1|           1|
    |brmerge_i_i_i5_9_fu_4224_p2     |    xor   |      0|  0|   8|           1|           1|
    |brmerge_i_i_i5_s_fu_4666_p2     |    xor   |      0|  0|   8|           1|           1|
    |brmerge_i_i_i_10_fu_4916_p2     |    xor   |      0|  0|   8|           1|           1|
    |brmerge_i_i_i_11_fu_5384_p2     |    xor   |      0|  0|   8|           1|           1|
    |brmerge_i_i_i_12_fu_5628_p2     |    xor   |      0|  0|   8|           1|           1|
    |brmerge_i_i_i_1_fu_733_p2       |    xor   |      0|  0|   8|           1|           1|
    |brmerge_i_i_i_2_fu_1078_p2      |    xor   |      0|  0|   8|           1|           1|
    |brmerge_i_i_i_3_fu_1359_p2      |    xor   |      0|  0|   8|           1|           1|
    |brmerge_i_i_i_4_fu_1801_p2      |    xor   |      0|  0|   8|           1|           1|
    |brmerge_i_i_i_5_fu_2275_p2      |    xor   |      0|  0|   8|           1|           1|
    |brmerge_i_i_i_6_fu_2771_p2      |    xor   |      0|  0|   8|           1|           1|
    |brmerge_i_i_i_7_fu_3103_p2      |    xor   |      0|  0|   8|           1|           1|
    |brmerge_i_i_i_8_fu_3536_p2      |    xor   |      0|  0|   8|           1|           1|
    |brmerge_i_i_i_9_fu_3982_p2      |    xor   |      0|  0|   8|           1|           1|
    |brmerge_i_i_i_fu_546_p2         |    xor   |      0|  0|   8|           1|           1|
    |brmerge_i_i_i_s_fu_4442_p2      |    xor   |      0|  0|   8|           1|           1|
    |deleted_zeros_fu_6256_p2        |    xor   |      0|  0|   8|           1|           1|
    |p_Result_2_not_fu_6245_p2       |    xor   |      0|  0|   8|           1|           2|
    |p_not_i_fu_6266_p2              |    xor   |      0|  0|   8|           1|           2|
    |rev_fu_362_p2                   |    xor   |      0|  0|   8|           1|           2|
    |sel_tmp103_fu_5145_p2           |    xor   |      0|  0|   8|           1|           2|
    |sel_tmp106_fu_5165_p2           |    xor   |      0|  0|   8|           1|           2|
    |sel_tmp112_fu_5479_p2           |    xor   |      0|  0|   8|           1|           2|
    |sel_tmp115_fu_5498_p2           |    xor   |      0|  0|   8|           1|           2|
    |sel_tmp121_fu_5797_p2           |    xor   |      0|  0|   8|           1|           2|
    |sel_tmp124_fu_5815_p2           |    xor   |      0|  0|   8|           1|           2|
    |sel_tmp130_fu_6053_p2           |    xor   |      0|  0|   8|           1|           2|
    |sel_tmp133_fu_6071_p2           |    xor   |      0|  0|   8|           1|           2|
    |sel_tmp138_fu_6170_p2           |    xor   |      0|  0|   8|           1|           2|
    |sel_tmp15_fu_1623_p2            |    xor   |      0|  0|   8|           1|           2|
    |sel_tmp18_fu_1643_p2            |    xor   |      0|  0|   8|           1|           2|
    |sel_tmp26_fu_2065_p2            |    xor   |      0|  0|   8|           1|           2|
    |sel_tmp29_fu_2085_p2            |    xor   |      0|  0|   8|           1|           2|
    |sel_tmp37_fu_2504_p2            |    xor   |      0|  0|   8|           1|           2|
    |sel_tmp3_fu_336_p2              |    xor   |      0|  0|   8|           1|           2|
    |sel_tmp40_fu_2524_p2            |    xor   |      0|  0|   8|           1|           2|
    |sel_tmp48_fu_2932_p2            |    xor   |      0|  0|   8|           1|           2|
    |sel_tmp51_fu_2951_p2            |    xor   |      0|  0|   8|           1|           2|
    |sel_tmp59_fu_3357_p2            |    xor   |      0|  0|   8|           1|           2|
    |sel_tmp62_fu_3369_p2            |    xor   |      0|  0|   8|           1|           2|
    |sel_tmp70_fu_3808_p2            |    xor   |      0|  0|   8|           1|           2|
    |sel_tmp73_fu_3828_p2            |    xor   |      0|  0|   8|           1|           2|
    |sel_tmp81_fu_4264_p2            |    xor   |      0|  0|   8|           1|           2|
    |sel_tmp84_fu_4284_p2            |    xor   |      0|  0|   8|           1|           2|
    |sel_tmp92_fu_4706_p2            |    xor   |      0|  0|   8|           1|           2|
    |sel_tmp95_fu_4726_p2            |    xor   |      0|  0|   8|           1|           2|
    +--------------------------------+----------+-------+---+----+------------+------------+
    |Total                           |          |      0|  0|6837|        2164|        4655|
    +--------------------------------+----------+-------+---+----+------------+------------+

    * Multiplexer: 
    N/A

    * Register: 
    +------------------------------------+----+----+-----+-----------+
    |                Name                | FF | LUT| Bits| Const Bits|
    +------------------------------------+----+----+-----+-----------+
    |ap_CS_fsm                           |   1|   0|    1|          0|
    |ap_enable_reg_pp0_iter1             |   1|   0|    1|          0|
    |ap_enable_reg_pp0_iter10            |   1|   0|    1|          0|
    |ap_enable_reg_pp0_iter11            |   1|   0|    1|          0|
    |ap_enable_reg_pp0_iter12            |   1|   0|    1|          0|
    |ap_enable_reg_pp0_iter13            |   1|   0|    1|          0|
    |ap_enable_reg_pp0_iter14            |   1|   0|    1|          0|
    |ap_enable_reg_pp0_iter15            |   1|   0|    1|          0|
    |ap_enable_reg_pp0_iter2             |   1|   0|    1|          0|
    |ap_enable_reg_pp0_iter3             |   1|   0|    1|          0|
    |ap_enable_reg_pp0_iter4             |   1|   0|    1|          0|
    |ap_enable_reg_pp0_iter5             |   1|   0|    1|          0|
    |ap_enable_reg_pp0_iter6             |   1|   0|    1|          0|
    |ap_enable_reg_pp0_iter7             |   1|   0|    1|          0|
    |ap_enable_reg_pp0_iter8             |   1|   0|    1|          0|
    |ap_enable_reg_pp0_iter9             |   1|   0|    1|          0|
    |ap_reg_pp0_iter1_sel_tmp4_reg_6317  |   1|   0|    1|          0|
    |ap_reg_pp0_iter1_sel_tmp7_reg_6322  |   1|   0|    1|          0|
    |ap_reg_pp0_iter1_sel_tmp_reg_6327   |   1|   0|    1|          0|
    |ap_reg_pp0_iter1_tmp_reg_6312       |   1|   0|    1|          0|
    |newSel6_reg_6853                    |  15|   0|   15|          0|
    |op_V_read_assign_3_reg_6333         |  14|   0|   14|          0|
    |p_Val2_10_reg_7060                  |  15|   0|   15|          0|
    |p_Val2_11_11_reg_6878               |  15|   0|   15|          0|
    |p_Val2_11_6_reg_6582                |  15|   0|   15|          0|
    |p_Val2_18_6_reg_6599                |  15|   0|   15|          0|
    |p_Val2_22_6_reg_6622                |  14|   0|   14|          0|
    |p_Val2_26_1_reg_6837                |  15|   0|   15|          0|
    |p_Val2_26_5_reg_6546                |  15|   0|   15|          0|
    |p_Val2_26_6_reg_6640                |  15|   0|   15|          0|
    |p_Val2_26_7_reg_6674                |  15|   0|   15|          0|
    |p_Val2_30_7_reg_6691                |  15|   0|   15|          0|
    |p_Val2_30_8_reg_6733                |  15|   0|   15|          0|
    |p_Val2_5_reg_6375                   |  15|   0|   15|          0|
    |p_Val2_9_11_reg_6871                |  14|   0|   14|          0|
    |p_Val2_9_6_reg_6575                 |  14|   0|   14|          0|
    |p_Val2_9_reg_6344                   |  14|   0|   14|          0|
    |p_Val2_s_6_reg_6358                 |  15|   0|   15|          0|
    |sel_tmp10_reg_6435                  |  14|   0|   14|          0|
    |sel_tmp11_reg_6441                  |  14|   0|   14|          0|
    |sel_tmp12_reg_6449                  |  14|   0|   15|          1|
    |sel_tmp139_reg_7048                 |   1|   0|    1|          0|
    |sel_tmp4_reg_6317                   |   1|   0|    1|          0|
    |sel_tmp57_reg_6697                  |   1|   0|    1|          0|
    |sel_tmp60_reg_6704                  |   1|   0|    1|          0|
    |sel_tmp63_reg_6711                  |   1|   0|    1|          0|
    |sel_tmp6_reg_6408                   |  14|   0|   14|          0|
    |sel_tmp72_reg_6738                  |  14|   0|   14|          0|
    |sel_tmp74_reg_6743                  |   1|   0|    1|          0|
    |sel_tmp76_reg_6750                  |  14|   0|   14|          0|
    |sel_tmp78_reg_6755                  |  15|   0|   15|          0|
    |sel_tmp7_reg_6322                   |   1|   0|    1|          0|
    |sel_tmp8_reg_6414                   |  14|   0|   14|          0|
    |sel_tmp_reg_6327                    |   1|   0|    1|          0|
    |signbit_reg_7053                    |   1|   0|    1|          0|
    |storemerge_3_reg_6483               |  15|   0|   15|          0|
    |storemerge_4_reg_6517               |  15|   0|   15|          0|
    |storemerge_5_reg_6557               |  15|   0|   15|          0|
    |storemerge_9_reg_6774               |  15|   0|   15|          0|
    |storemerge_s_reg_6808               |  15|   0|   15|          0|
    |this_assign_13_reg_6935             |  14|   0|   14|          0|
    |this_assign_15_reg_6651             |  14|   0|   14|          0|
    |this_assign_4_7_reg_6663            |  14|   0|   14|          0|
    |this_assign_6_12_reg_6963           |  14|   0|   14|          0|
    |this_assign_6_13_reg_7015           |  14|   0|   14|          0|
    |this_assign_6_7_reg_6657            |  14|   0|   14|          0|
    |this_assign_6_8_reg_6718            |  14|   0|   14|          0|
    |this_assign_7_7_reg_6680            |  14|   0|   14|          0|
    |this_assign_7_8_reg_6723            |  14|   0|   14|          0|
    |tmp_10_reg_6429                     |  12|   0|   12|          0|
    |tmp_12_reg_6463                     |  11|   0|   11|          0|
    |tmp_138_reg_6540                    |   1|   0|    1|          0|
    |tmp_139_reg_6552                    |   1|   0|    1|          0|
    |tmp_145_reg_6569                    |   1|   0|    1|          0|
    |tmp_147_reg_6587                    |   1|   0|    1|          0|
    |tmp_148_reg_6593                    |  14|   0|   14|          0|
    |tmp_14_reg_6497                     |  10|   0|   10|          0|
    |tmp_151_reg_6604                    |   1|   0|    1|          0|
    |tmp_152_reg_6610                    |  14|   0|   14|          0|
    |tmp_155_reg_6616                    |   1|   0|    1|          0|
    |tmp_158_reg_6634                    |   1|   0|    1|          0|
    |tmp_159_reg_6646                    |   1|   0|    1|          0|
    |tmp_16_reg_6529                     |   9|   0|    9|          0|
    |tmp_178_reg_6669                    |   1|   0|    1|          0|
    |tmp_17_11_reg_6858                  |   1|   0|    1|          0|
    |tmp_17_12_reg_6928                  |   1|   0|    1|          0|
    |tmp_17_13_reg_6986                  |   1|   0|    1|          0|
    |tmp_17_14_reg_7032                  |   1|   0|    1|          0|
    |tmp_17_1_reg_6403                   |   1|   0|    1|          0|
    |tmp_17_6_reg_6562                   |   1|   0|    1|          0|
    |tmp_181_reg_6686                    |   1|   0|    1|          0|
    |tmp_19_10_reg_6813                  |   3|   0|    3|          0|
    |tmp_19_2_reg_6422                   |  12|   0|   12|          0|
    |tmp_19_3_reg_6456                   |  11|   0|   11|          0|
    |tmp_19_4_reg_6490                   |  10|   0|   10|          0|
    |tmp_19_5_reg_6522                   |   9|   0|    9|          0|
    |tmp_19_s_reg_6781                   |   4|   0|    4|          0|
    |tmp_201_reg_6728                    |   1|   0|    1|          0|
    |tmp_258_reg_6831                    |   1|   0|    1|          0|
    |tmp_259_reg_6843                    |   1|   0|    1|          0|
    |tmp_265_reg_6865                    |   1|   0|    1|          0|
    |tmp_267_reg_6883                    |   1|   0|    1|          0|
    |tmp_268_reg_6889                    |  14|   0|   14|          0|
    |tmp_26_reg_6788                     |   4|   0|    4|          0|
    |tmp_271_reg_6900                    |   1|   0|    1|          0|
    |tmp_272_reg_6906                    |  14|   0|   14|          0|
    |tmp_273_reg_6912                    |   1|   0|    1|          0|
    |tmp_275_reg_6917                    |   1|   0|    1|          0|
    |tmp_286_reg_6941                    |   1|   0|    1|          0|
    |tmp_287_reg_6946                    |   1|   0|    1|          0|
    |tmp_288_reg_6952                    |  14|   0|   14|          0|
    |tmp_289_reg_6958                    |   1|   0|    1|          0|
    |tmp_28_reg_6820                     |   3|   0|    3|          0|
    |tmp_291_reg_6969                    |   1|   0|    1|          0|
    |tmp_295_reg_6993                    |   1|   0|    1|          0|
    |tmp_296_reg_6998                    |   1|   0|    1|          0|
    |tmp_297_reg_7004                    |  14|   0|   14|          0|
    |tmp_298_reg_7010                    |   1|   0|    1|          0|
    |tmp_305_reg_7021                    |   1|   0|    1|          0|
    |tmp_309_reg_7037                    |   1|   0|    1|          0|
    |tmp_310_reg_7042                    |  14|   0|   14|          0|
    |tmp_314_reg_7065                    |   1|   0|    1|          0|
    |tmp_31_reg_6895                     |   2|   0|    2|          0|
    |tmp_37_reg_6338                     |   1|   0|    1|          0|
    |tmp_40_reg_6352                     |   1|   0|    1|          0|
    |tmp_43_reg_6363                     |   1|   0|    1|          0|
    |tmp_46_reg_6369                     |  14|   0|   14|          0|
    |tmp_49_reg_6380                     |   1|   0|    1|          0|
    |tmp_50_reg_6386                     |  14|   0|   14|          0|
    |tmp_54_reg_6392                     |   1|   0|    1|          0|
    |tmp_61_1_reg_6826                   |  16|   0|   16|          0|
    |tmp_61_5_reg_6535                   |  16|   0|   16|          0|
    |tmp_61_6_reg_6629                   |  16|   0|   16|          0|
    |tmp_reg_6312                        |   1|   0|    1|          0|
    |tmp_s_reg_6398                      |   1|   0|    1|          0|
    |x_V_buf_2_10_reg_6975               |  14|   0|   14|          0|
    |x_V_buf_2_11_reg_7027               |  14|   0|   14|          0|
    |x_V_buf_2_3_reg_6469                |  14|   0|   14|          0|
    |x_V_buf_2_4_reg_6503                |  14|   0|   14|          0|
    |x_V_buf_2_9_reg_6760                |  14|   0|   14|          0|
    |x_V_buf_2_s_reg_6794                |  14|   0|   14|          0|
    |y_V_buf_2_10_reg_6981               |  14|   0|   14|          0|
    |y_V_buf_2_1_reg_6848                |  14|   0|   14|          0|
    |y_V_buf_2_2_reg_6923                |  14|   0|   14|          0|
    |y_V_buf_2_3_reg_6475                |  14|   0|   14|          0|
    |y_V_buf_2_4_reg_6509                |  14|   0|   14|          0|
    |y_V_buf_2_9_reg_6766                |  14|   0|   14|          0|
    |y_V_buf_2_s_reg_6800                |  14|   0|   14|          0|
    |newSel6_reg_6853                    |  64|  32|   15|          0|
    +------------------------------------+----+----+-----+-----------+
    |Total                               |1169|  32| 1121|          1|
    +------------------------------------+----+----+-----+-----------+



================================================================
== Interface
================================================================
* Summary: 
+----------------+-----+-----+------------+----------------+--------------+
|    RTL Ports   | Dir | Bits|  Protocol  |  Source Object |    C Type    |
+----------------+-----+-----+------------+----------------+--------------+
|ap_clk          |  in |    1| ap_ctrl_hs | cordiccart2pol | return value |
|ap_rst          |  in |    1| ap_ctrl_hs | cordiccart2pol | return value |
|ap_start        |  in |    1| ap_ctrl_hs | cordiccart2pol | return value |
|ap_done         | out |    1| ap_ctrl_hs | cordiccart2pol | return value |
|ap_idle         | out |    1| ap_ctrl_hs | cordiccart2pol | return value |
|ap_ready        | out |    1| ap_ctrl_hs | cordiccart2pol | return value |
|x_V             |  in |   14|   ap_none  |       x_V      |    scalar    |
|y_V             |  in |   14|   ap_none  |       y_V      |    scalar    |
|r_V             | out |   15|   ap_vld   |       r_V      |    pointer   |
|r_V_ap_vld      | out |    1|   ap_vld   |       r_V      |    pointer   |
|theta_V         | out |   15|   ap_vld   |     theta_V    |    pointer   |
|theta_V_ap_vld  | out |    1|   ap_vld   |     theta_V    |    pointer   |
+----------------+-----+-----+------------+----------------+--------------+

