

================================================================
== Vivado HLS Report for 'fir'
================================================================
* Date:           Fri Oct 12 19:17:27 2018

* Version:        2017.4 (Build 2086221 on Fri Dec 15 21:13:33 MST 2017)
* Project:        baseline
* Solution:       solution1
* Product family: zynq
* Target device:  xc7z020clg400-1


================================================================
== Performance Estimates
================================================================
+ Timing (ns): 
    * Summary: 
    +--------+-------+----------+------------+
    |  Clock | Target| Estimated| Uncertainty|
    +--------+-------+----------+------------+
    |ap_clk  |  10.00|      8.51|        1.25|
    +--------+-------+----------+------------+

+ Latency (clock cycles): 
    * Summary: 
    +-----+-----+-----+-----+---------+
    |  Latency  |  Interval | Pipeline|
    | min | max | min | max |   Type  |
    +-----+-----+-----+-----+---------+
    |  641|  641|  641|  641|   none  |
    +-----+-----+-----+-----+---------+

    + Detail: 
        * Instance: 
        N/A

        * Loop: 
        +----------+-----+-----+----------+-----------+-----------+------+----------+
        |          |  Latency  | Iteration|  Initiation Interval  | Trip |          |
        | Loop Name| min | max |  Latency |  achieved |   target  | Count| Pipelined|
        +----------+-----+-----+----------+-----------+-----------+------+----------+
        |- Loop 1  |  640|  640|         5|          -|          -|   128|    no    |
        +----------+-----+-----+----------+-----------+-----------+------+----------+



================================================================
== Utilization Estimates
================================================================
* Summary: 
+-----------------+---------+-------+--------+-------+
|       Name      | BRAM_18K| DSP48E|   FF   |  LUT  |
+-----------------+---------+-------+--------+-------+
|DSP              |        -|      -|       -|      -|
|Expression       |        -|      3|       0|     85|
|FIFO             |        -|      -|       -|      -|
|Instance         |        -|      -|       -|      -|
|Memory           |        1|      -|       5|     10|
|Multiplexer      |        -|      -|       -|    116|
|Register         |        -|      -|     156|      -|
+-----------------+---------+-------+--------+-------+
|Total            |        1|      3|     161|    211|
+-----------------+---------+-------+--------+-------+
|Available        |      280|    220|  106400|  53200|
+-----------------+---------+-------+--------+-------+
|Utilization (%)  |    ~0   |      1|   ~0   |   ~0  |
+-----------------+---------+-------+--------+-------+

+ Detail: 
    * Instance: 
    N/A

    * DSP48: 
    N/A

    * Memory: 
    +----------+------------+---------+---+----+------+-----+------+-------------+
    |  Memory  |   Module   | BRAM_18K| FF| LUT| Words| Bits| Banks| W*Bits*Banks|
    +----------+------------+---------+---+----+------+-----+------+-------------+
    |c_U       |fir_c       |        0|  5|  10|   128|    5|     1|          640|
    |regMem_U  |fir_regMem  |        1|  0|   0|   128|   32|     1|         4096|
    +----------+------------+---------+---+----+------+-----+------+-------------+
    |Total     |            |        1|  5|  10|   256|   37|     2|         4736|
    +----------+------------+---------+---+----+------+-----+------+-------------+

    * FIFO: 
    N/A

    * Expression: 
    +-----------------+----------+-------+---+----+------------+------------+
    |  Variable Name  | Operation| DSP48E| FF| LUT| Bitwidth P0| Bitwidth P1|
    +-----------------+----------+-------+---+----+------------+------------+
    |tmp_6_fu_161_p2  |     *    |      3|  0|  20|           5|          32|
    |grp_fu_120_p2    |     +    |      0|  0|  15|           8|           2|
    |sum_1_fu_167_p2  |     +    |      0|  0|  39|          32|          32|
    |tmp_1_fu_139_p2  |   icmp   |      0|  0|  11|           8|           1|
    +-----------------+----------+-------+---+----+------------+------------+
    |Total            |          |      3|  0|  85|          53|          67|
    +-----------------+----------+-------+---+----+------------+------------+

    * Multiplexer: 
    +-----------------+----+-----------+-----+-----------+
    |       Name      | LUT| Input Size| Bits| Total Bits|
    +-----------------+----+-----------+-----+-----------+
    |ap_NS_fsm        |  38|          7|    1|          7|
    |grp_fu_120_p0    |  15|          3|    8|         24|
    |i_reg_85         |   9|          2|    8|         16|
    |regMem_address0  |  21|          4|    7|         28|
    |regMem_d0        |  15|          3|   32|         96|
    |sum_reg_97       |   9|          2|   32|         64|
    |xij1_reg_110     |   9|          2|   32|         64|
    +-----------------+----+-----------+-----+-----------+
    |Total            | 116|         23|  120|        299|
    +-----------------+----+-----------+-----+-----------+

    * Register: 
    +----------------+----+----+-----+-----------+
    |      Name      | FF | LUT| Bits| Const Bits|
    +----------------+----+----+-----+-----------+
    |ap_CS_fsm       |   6|   0|    6|          0|
    |c_load_reg_211  |   5|   0|    5|          0|
    |i_1_reg_206     |   8|   0|    8|          0|
    |i_cast_reg_178  |  32|   0|   32|          0|
    |i_reg_85        |   8|   0|    8|          0|
    |sum_reg_97      |  32|   0|   32|          0|
    |tmp_1_reg_187   |   1|   0|    1|          0|
    |tmp_6_reg_216   |  32|   0|   32|          0|
    |xij1_reg_110    |  32|   0|   32|          0|
    +----------------+----+----+-----+-----------+
    |Total           | 156|   0|  156|          0|
    +----------------+----+----+-----+-----------+



================================================================
== Interface
================================================================
* Summary: 
+----------+-----+-----+------------+--------------+--------------+
| RTL Ports| Dir | Bits|  Protocol  | Source Object|    C Type    |
+----------+-----+-----+------------+--------------+--------------+
|ap_clk    |  in |    1| ap_ctrl_hs |      fir     | return value |
|ap_rst    |  in |    1| ap_ctrl_hs |      fir     | return value |
|ap_start  |  in |    1| ap_ctrl_hs |      fir     | return value |
|ap_done   | out |    1| ap_ctrl_hs |      fir     | return value |
|ap_idle   | out |    1| ap_ctrl_hs |      fir     | return value |
|ap_ready  | out |    1| ap_ctrl_hs |      fir     | return value |
|y         | out |   32|   ap_vld   |       y      |    pointer   |
|y_ap_vld  | out |    1|   ap_vld   |       y      |    pointer   |
|x         |  in |   32|   ap_none  |       x      |    scalar    |
+----------+-----+-----+------------+--------------+--------------+

