

================================================================
== Vivado HLS Report for 'dft'
================================================================
* Date:           Thu Nov  8 15:41:24 2018

* Version:        2017.4 (Build 2086221 on Fri Dec 15 21:13:33 MST 2017)
* Project:        hls
* Solution:       solution1
* Product family: zynq
* Target device:  xc7z020clg484-1


================================================================
== Performance Estimates
================================================================
+ Timing (ns): 
    * Summary: 
    +--------+-------+----------+------------+
    |  Clock | Target| Estimated| Uncertainty|
    +--------+-------+----------+------------+
    |ap_clk  |  10.00|      7.42|        1.25|
    +--------+-------+----------+------------+

+ Latency (clock cycles): 
    * Summary: 
    +---------+---------+---------+---------+---------+
    |      Latency      |      Interval     | Pipeline|
    |   min   |   max   |   min   |   max   |   Type  |
    +---------+---------+---------+---------+---------+
    |  1115138|  1115138|  1115138|  1115138|   none  |
    +---------+---------+---------+---------+---------+

    + Detail: 
        * Instance: 
        N/A

        * Loop: 
        +-------------+---------+---------+----------+-----------+-----------+------+----------+
        |             |      Latency      | Iteration|  Initiation Interval  | Trip |          |
        |  Loop Name  |   min   |   max   |  Latency |  achieved |   target  | Count| Pipelined|
        +-------------+---------+---------+----------+-----------+-----------+------+----------+
        |- Loop 1     |  1114624|  1114624|      4354|          -|          -|   256|    no    |
        | + Loop 1.1  |     4352|     4352|        17|          -|          -|   256|    no    |
        |- Loop 2     |      512|      512|         2|          -|          -|   256|    no    |
        +-------------+---------+---------+----------+-----------+-----------+------+----------+



================================================================
== Utilization Estimates
================================================================
* Summary: 
+-----------------+---------+-------+--------+-------+
|       Name      | BRAM_18K| DSP48E|   FF   |  LUT  |
+-----------------+---------+-------+--------+-------+
|DSP              |        -|      -|       -|      -|
|Expression       |        -|      0|       0|    128|
|FIFO             |        -|      -|       -|      -|
|Instance         |        -|     16|     982|   2064|
|Memory           |        4|      -|       0|      0|
|Multiplexer      |        -|      -|       -|    306|
|Register         |        -|      -|     492|      -|
+-----------------+---------+-------+--------+-------+
|Total            |        4|     16|    1474|   2498|
+-----------------+---------+-------+--------+-------+
|Available        |      280|    220|  106400|  53200|
+-----------------+---------+-------+--------+-------+
|Utilization (%)  |        1|      7|       1|      4|
+-----------------+---------+-------+--------+-------+

+ Detail: 
    * Instance: 
    +-------------------------+----------------------+---------+-------+-----+-----+
    |         Instance        |        Module        | BRAM_18K| DSP48E|  FF | LUT |
    +-------------------------+----------------------+---------+-------+-----+-----+
    |dft_fadd_32ns_32ng8j_U2  |dft_fadd_32ns_32ng8j  |        0|      2|  205|  390|
    |dft_faddfsub_32nsfYi_U1  |dft_faddfsub_32nsfYi  |        0|      2|  205|  390|
    |dft_fmul_32ns_32nhbi_U3  |dft_fmul_32ns_32nhbi  |        0|      3|  143|  321|
    |dft_fmul_32ns_32nhbi_U4  |dft_fmul_32ns_32nhbi  |        0|      3|  143|  321|
    |dft_fmul_32ns_32nhbi_U5  |dft_fmul_32ns_32nhbi  |        0|      3|  143|  321|
    |dft_fmul_32ns_32nhbi_U6  |dft_fmul_32ns_32nhbi  |        0|      3|  143|  321|
    +-------------------------+----------------------+---------+-------+-----+-----+
    |Total                    |                      |        0|     16|  982| 2064|
    +-------------------------+----------------------+---------+-------+-----+-----+

    * DSP48: 
    N/A

    * Memory: 
    +------------------------+----------------------+---------+---+----+------+-----+------+-------------+
    |         Memory         |        Module        | BRAM_18K| FF| LUT| Words| Bits| Banks| W*Bits*Banks|
    +------------------------+----------------------+---------+---+----+------+-----+------+-------------+
    |cos_coefficients_tab_U  |dft_cos_coefficiebkb  |        1|  0|   0|   256|   32|     1|         8192|
    |sin_coefficients_tab_U  |dft_sin_coefficiecud  |        1|  0|   0|   256|   32|     1|         8192|
    |temp_real_samples_U     |dft_temp_real_samdEe  |        1|  0|   0|   256|   32|     1|         8192|
    |temp_imag_samples_U     |dft_temp_real_samdEe  |        1|  0|   0|   256|   32|     1|         8192|
    +------------------------+----------------------+---------+---+----+------+-----+------+-------------+
    |Total                   |                      |        4|  0|   0|  1024|  128|     4|        32768|
    +------------------------+----------------------+---------+---+----+------+-----+------+-------------+

    * FIFO: 
    N/A

    * Expression: 
    +---------------------+----------+-------+---+----+------------+------------+
    |    Variable Name    | Operation| DSP48E| FF| LUT| Bitwidth P0| Bitwidth P1|
    +---------------------+----------+-------+---+----+------------+------------+
    |tmp_6_fu_275_p2      |     *    |      0|  0|  41|           8|           8|
    |i_2_fu_298_p2        |     +    |      0|  0|  16|           9|           1|
    |i_3_fu_247_p2        |     +    |      0|  0|  16|           1|           9|
    |j_1_fu_269_p2        |     +    |      0|  0|  16|           1|           9|
    |exitcond1_fu_263_p2  |   icmp   |      0|  0|  13|           9|          10|
    |exitcond2_fu_241_p2  |   icmp   |      0|  0|  13|           9|          10|
    |exitcond_fu_292_p2   |   icmp   |      0|  0|  13|           9|          10|
    +---------------------+----------+-------+---+----+------------+------------+
    |Total                |          |      0|  0| 128|          46|          57|
    +---------------------+----------+-------+---+----+------------+------------+

    * Multiplexer: 
    +----------------------------+-----+-----------+-----+-----------+
    |            Name            | LUT | Input Size| Bits| Total Bits|
    +----------------------------+-----+-----------+-----+-----------+
    |ap_NS_fsm                   |  105|         22|    1|         22|
    |grp_fu_198_opcode           |   15|          3|    2|          6|
    |grp_fu_198_p0               |   15|          3|   32|         96|
    |grp_fu_198_p1               |   15|          3|   32|         96|
    |grp_fu_202_p0               |   15|          3|   32|         96|
    |grp_fu_202_p1               |   15|          3|   32|         96|
    |i_1_reg_187                 |    9|          2|    9|         18|
    |i_reg_140                   |    9|          2|    9|         18|
    |imag_sample_address0        |   15|          3|    8|         24|
    |j_reg_176                   |    9|          2|    9|         18|
    |real_sample_address0        |   15|          3|    8|         24|
    |storemerge_reg_151          |    9|          2|   32|         64|
    |temp_imag_samples_address0  |   15|          3|    8|         24|
    |temp_real_samples_address0  |   21|          4|    8|         32|
    |temp_real_samples_d0        |   15|          3|   32|         96|
    |tmp_2_reg_164               |    9|          2|   32|         64|
    +----------------------------+-----+-----------+-----+-----------+
    |Total                       |  306|         63|  286|        794|
    +----------------------------+-----+-----------+-----+-----------+

    * Register: 
    +------------------------------+----+----+-----+-----------+
    |             Name             | FF | LUT| Bits| Const Bits|
    +------------------------------+----+----+-----+-----------+
    |ap_CS_fsm                     |  21|   0|   21|          0|
    |c_reg_361                     |  32|   0|   32|          0|
    |i_1_reg_187                   |   9|   0|    9|          0|
    |i_2_reg_408                   |   9|   0|    9|          0|
    |i_3_reg_318                   |   9|   0|    9|          0|
    |i_reg_140                     |   9|   0|    9|          0|
    |imag_sample_load_reg_379      |  32|   0|   32|          0|
    |j_1_reg_336                   |   9|   0|    9|          0|
    |j_reg_176                     |   9|   0|    9|          0|
    |real_sample_load_reg_373      |  32|   0|   32|          0|
    |reg_224                       |  32|   0|   32|          0|
    |reg_231                       |  32|   0|   32|          0|
    |s_reg_367                     |  32|   0|   32|          0|
    |storemerge_reg_151            |  32|   0|   32|          0|
    |temp_imag_samples_ad_reg_328  |   8|   0|    8|          0|
    |temp_real_samples_ad_reg_323  |   8|   0|    8|          0|
    |tmp_10_reg_395                |  32|   0|   32|          0|
    |tmp_11_reg_400                |  32|   0|   32|          0|
    |tmp_1_reg_310                 |   8|   0|    8|          0|
    |tmp_2_reg_164                 |  32|   0|   32|          0|
    |tmp_3_reg_413                 |   9|   0|   64|         55|
    |tmp_4_reg_390                 |  32|   0|   32|          0|
    |tmp_s_reg_385                 |  32|   0|   32|          0|
    +------------------------------+----+----+-----+-----------+
    |Total                         | 492|   0|  547|         55|
    +------------------------------+----+----+-----+-----------+



================================================================
== Interface
================================================================
* Summary: 
+----------------------+-----+-----+------------+--------------+--------------+
|       RTL Ports      | Dir | Bits|  Protocol  | Source Object|    C Type    |
+----------------------+-----+-----+------------+--------------+--------------+
|ap_clk                |  in |    1| ap_ctrl_hs |      dft     | return value |
|ap_rst                |  in |    1| ap_ctrl_hs |      dft     | return value |
|ap_start              |  in |    1| ap_ctrl_hs |      dft     | return value |
|ap_done               | out |    1| ap_ctrl_hs |      dft     | return value |
|ap_idle               | out |    1| ap_ctrl_hs |      dft     | return value |
|ap_ready              | out |    1| ap_ctrl_hs |      dft     | return value |
|real_sample_address0  | out |    8|  ap_memory |  real_sample |     array    |
|real_sample_ce0       | out |    1|  ap_memory |  real_sample |     array    |
|real_sample_we0       | out |    1|  ap_memory |  real_sample |     array    |
|real_sample_d0        | out |   32|  ap_memory |  real_sample |     array    |
|real_sample_q0        |  in |   32|  ap_memory |  real_sample |     array    |
|imag_sample_address0  | out |    8|  ap_memory |  imag_sample |     array    |
|imag_sample_ce0       | out |    1|  ap_memory |  imag_sample |     array    |
|imag_sample_we0       | out |    1|  ap_memory |  imag_sample |     array    |
|imag_sample_d0        | out |   32|  ap_memory |  imag_sample |     array    |
|imag_sample_q0        |  in |   32|  ap_memory |  imag_sample |     array    |
+----------------------+-----+-----+------------+--------------+--------------+

