

================================================================
== Vivado HLS Report for 'fir'
================================================================
* Date:           Fri Oct 12 21:17:56 2018

* Version:        2017.4 (Build 2086221 on Fri Dec 15 21:13:33 MST 2017)
* Project:        baseline
* Solution:       solution1
* Product family: zynq
* Target device:  xc7z020clg400-1


================================================================
== Performance Estimates
================================================================
+ Timing (ns): 
    * Summary: 
    +--------+-------+----------+------------+
    |  Clock | Target| Estimated| Uncertainty|
    +--------+-------+----------+------------+
    |ap_clk  |  10.00|      8.51|        1.25|
    +--------+-------+----------+------------+

+ Latency (clock cycles): 
    * Summary: 
    +-----+-----+-----+-----+---------+
    |  Latency  |  Interval | Pipeline|
    | min | max | min | max |   Type  |
    +-----+-----+-----+-----+---------+
    |  509|  509|  509|  509|   none  |
    +-----+-----+-----+-----+---------+

    + Detail: 
        * Instance: 
        N/A

        * Loop: 
        +----------+-----+-----+----------+-----------+-----------+------+----------+
        |          |  Latency  | Iteration|  Initiation Interval  | Trip |          |
        | Loop Name| min | max |  Latency |  achieved |   target  | Count| Pipelined|
        +----------+-----+-----+----------+-----------+-----------+------+----------+
        |- Loop 1  |  508|  508|         4|          -|          -|   127|    no    |
        +----------+-----+-----+----------+-----------+-----------+------+----------+



================================================================
== Utilization Estimates
================================================================
* Summary: 
+-----------------+---------+-------+--------+-------+
|       Name      | BRAM_18K| DSP48E|   FF   |  LUT  |
+-----------------+---------+-------+--------+-------+
|DSP              |        -|      -|       -|      -|
|Expression       |        -|      3|       0|    149|
|FIFO             |        -|      -|       -|      -|
|Instance         |        -|      -|       -|      -|
|Memory           |        1|      -|       5|     10|
|Multiplexer      |        -|      -|       -|     87|
|Register         |        -|      -|     127|      -|
+-----------------+---------+-------+--------+-------+
|Total            |        1|      3|     132|    246|
+-----------------+---------+-------+--------+-------+
|Available        |      280|    220|  106400|  53200|
+-----------------+---------+-------+--------+-------+
|Utilization (%)  |    ~0   |      1|   ~0   |   ~0  |
+-----------------+---------+-------+--------+-------+

+ Detail: 
    * Instance: 
    N/A

    * DSP48: 
    N/A

    * Memory: 
    +----------+------------+---------+---+----+------+-----+------+-------------+
    |  Memory  |   Module   | BRAM_18K| FF| LUT| Words| Bits| Banks| W*Bits*Banks|
    +----------+------------+---------+---+----+------+-----+------+-------------+
    |c_U       |fir_c       |        0|  5|  10|   128|    5|     1|          640|
    |regMem_U  |fir_regMem  |        1|  0|   0|   128|   32|     1|         4096|
    +----------+------------+---------+---+----+------+-----+------+-------------+
    |Total     |            |        1|  5|  10|   256|   37|     2|         4736|
    +----------+------------+---------+---+----+------+-----+------+-------------+

    * FIFO: 
    N/A

    * Expression: 
    +-----------------+----------+-------+---+----+------------+------------+
    |  Variable Name  | Operation| DSP48E| FF| LUT| Bitwidth P0| Bitwidth P1|
    +-----------------+----------+-------+---+----+------------+------------+
    |tmp_4_fu_154_p2  |     *    |      3|  0|  20|          32|           5|
    |i_1_fu_112_p2    |     +    |      0|  0|  15|           7|           2|
    |sum_1_fu_159_p2  |     +    |      0|  0|  39|          32|          32|
    |tmp1_fu_138_p2   |     +    |      0|  0|  32|          32|          32|
    |y                |     +    |      0|  0|  32|          32|          32|
    |tmp_fu_106_p2    |   icmp   |      0|  0|  11|           7|           1|
    +-----------------+----------+-------+---+----+------------+------------+
    |Total            |          |      3|  0| 149|         142|         104|
    +-----------------+----------+-------+---+----+------------+------------+

    * Multiplexer: 
    +-----------------+----+-----------+-----+-----------+
    |       Name      | LUT| Input Size| Bits| Total Bits|
    +-----------------+----+-----------+-----+-----------+
    |ap_NS_fsm        |  33|          6|    1|          6|
    |i_reg_83         |   9|          2|    7|         14|
    |regMem_address0  |  21|          4|    7|         28|
    |regMem_d0        |  15|          3|   32|         96|
    |sum_reg_94       |   9|          2|   32|         64|
    +-----------------+----+-----------+-----+-----------+
    |Total            |  87|         17|   79|        208|
    +-----------------+----+-----------+-----+-----------+

    * Register: 
    +---------------------+----+----+-----+-----------+
    |         Name        | FF | LUT| Bits| Const Bits|
    +---------------------+----+----+-----+-----------+
    |ap_CS_fsm            |   5|   0|    5|          0|
    |c_load_reg_199       |   5|   0|    5|          0|
    |i_1_reg_174          |   7|   0|    7|          0|
    |i_reg_83             |   7|   0|    7|          0|
    |regMem_load_reg_194  |  32|   0|   32|          0|
    |sum_reg_94           |  32|   0|   32|          0|
    |tmp_3_reg_184        |   7|   0|   64|         57|
    |tmp_4_reg_204        |  32|   0|   32|          0|
    +---------------------+----+----+-----+-----------+
    |Total                | 127|   0|  184|         57|
    +---------------------+----+----+-----+-----------+



================================================================
== Interface
================================================================
* Summary: 
+----------+-----+-----+------------+--------------+--------------+
| RTL Ports| Dir | Bits|  Protocol  | Source Object|    C Type    |
+----------+-----+-----+------------+--------------+--------------+
|ap_clk    |  in |    1| ap_ctrl_hs |      fir     | return value |
|ap_rst    |  in |    1| ap_ctrl_hs |      fir     | return value |
|ap_start  |  in |    1| ap_ctrl_hs |      fir     | return value |
|ap_done   | out |    1| ap_ctrl_hs |      fir     | return value |
|ap_idle   | out |    1| ap_ctrl_hs |      fir     | return value |
|ap_ready  | out |    1| ap_ctrl_hs |      fir     | return value |
|y         | out |   32|   ap_vld   |       y      |    pointer   |
|y_ap_vld  | out |    1|   ap_vld   |       y      |    pointer   |
|x         |  in |   32|   ap_none  |       x      |    scalar    |
+----------+-----+-----+------------+--------------+--------------+

