

================================================================
== Vivado HLS Report for 'cordiccart2pol'
================================================================
* Date:           Fri Oct 26 15:24:02 2018

* Version:        2017.4 (Build 2086221 on Fri Dec 15 21:13:33 MST 2017)
* Project:        cordiccart2pol
* Solution:       solution1
* Product family: zynq
* Target device:  xc7z020clg400-1


================================================================
== Performance Estimates
================================================================
+ Timing (ns): 
    * Summary: 
    +--------+-------+----------+------------+
    |  Clock | Target| Estimated| Uncertainty|
    +--------+-------+----------+------------+
    |ap_clk  |  10.00|      8.75|        1.25|
    +--------+-------+----------+------------+

+ Latency (clock cycles): 
    * Summary: 
    +-----+-----+-----+-----+----------+
    |  Latency  |  Interval | Pipeline |
    | min | max | min | max |   Type   |
    +-----+-----+-----+-----+----------+
    |   17|   17|    1|    1| function |
    +-----+-----+-----+-----+----------+

    + Detail: 
        * Instance: 
        N/A

        * Loop: 
        N/A



================================================================
== Utilization Estimates
================================================================
* Summary: 
+-----------------+---------+-------+--------+-------+
|       Name      | BRAM_18K| DSP48E|   FF   |  LUT  |
+-----------------+---------+-------+--------+-------+
|DSP              |        -|      1|       -|      -|
|Expression       |        -|      -|       0|   4599|
|FIFO             |        -|      -|       -|      -|
|Instance         |        -|      -|       -|      -|
|Memory           |        -|      -|       -|      -|
|Multiplexer      |        -|      -|       -|      -|
|Register         |        0|      -|    1955|    480|
+-----------------+---------+-------+--------+-------+
|Total            |        0|      1|    1955|   5079|
+-----------------+---------+-------+--------+-------+
|Available        |      280|    220|  106400|  53200|
+-----------------+---------+-------+--------+-------+
|Utilization (%)  |        0|   ~0  |       1|      9|
+-----------------+---------+-------+--------+-------+

+ Detail: 
    * Instance: 
    N/A

    * DSP48: 
    +-------------------------+----------------------+-----------+
    |         Instance        |        Module        | Expression|
    +-------------------------+----------------------+-----------+
    |cordiccart2pol_mubkb_U1  |cordiccart2pol_mubkb  |  i0 * i1  |
    +-------------------------+----------------------+-----------+

    * Memory: 
    N/A

    * FIFO: 
    N/A

    * Expression: 
    +---------------------------------+----------+-------+---+----+------------+------------+
    |          Variable Name          | Operation| DSP48E| FF| LUT| Bitwidth P0| Bitwidth P1|
    +---------------------------------+----------+-------+---+----+------------+------------+
    |p_Val2_10_fu_542_p2              |     +    |      0|  0|  23|          16|          16|
    |p_Val2_11_fu_555_p2              |     +    |      0|  0|  22|          15|          15|
    |p_Val2_13_fu_634_p2              |     +    |      0|  0|  23|          16|          16|
    |p_Val2_14_fu_647_p2              |     +    |      0|  0|  22|          15|          15|
    |p_Val2_16_10_fu_4104_p2          |     +    |      0|  0|  23|          16|          16|
    |p_Val2_16_11_fu_4227_p2          |     +    |      0|  0|  23|          16|          16|
    |p_Val2_16_1_fu_2520_p2           |     +    |      0|  0|  23|          16|          16|
    |p_Val2_16_2_fu_2775_p2           |     +    |      0|  0|  23|          16|          16|
    |p_Val2_16_3_fu_2844_p2           |     +    |      0|  0|  23|          16|          16|
    |p_Val2_16_4_fu_3099_p2           |     +    |      0|  0|  23|          16|          16|
    |p_Val2_16_5_fu_3168_p2           |     +    |      0|  0|  23|          16|          16|
    |p_Val2_16_6_fu_3423_p2           |     +    |      0|  0|  23|          16|          16|
    |p_Val2_16_7_fu_3492_p2           |     +    |      0|  0|  23|          16|          16|
    |p_Val2_16_8_fu_3787_p2           |     +    |      0|  0|  23|          16|          16|
    |p_Val2_16_9_fu_3856_p2           |     +    |      0|  0|  23|          16|          16|
    |p_Val2_16_s_fu_4035_p2           |     +    |      0|  0|  23|          16|          16|
    |p_Val2_17_10_fu_4118_p2          |     +    |      0|  0|  22|          15|          15|
    |p_Val2_17_11_fu_4241_p2          |     +    |      0|  0|  22|          15|          15|
    |p_Val2_17_1_fu_2534_p2           |     +    |      0|  0|  22|          15|          15|
    |p_Val2_17_2_fu_2789_p2           |     +    |      0|  0|  22|          15|          15|
    |p_Val2_17_3_fu_2858_p2           |     +    |      0|  0|  22|          15|          15|
    |p_Val2_17_4_fu_3113_p2           |     +    |      0|  0|  22|          15|          15|
    |p_Val2_17_5_fu_3182_p2           |     +    |      0|  0|  22|          15|          15|
    |p_Val2_17_6_fu_3437_p2           |     +    |      0|  0|  22|          15|          15|
    |p_Val2_17_7_fu_3506_p2           |     +    |      0|  0|  22|          15|          15|
    |p_Val2_17_8_fu_3801_p2           |     +    |      0|  0|  22|          15|          15|
    |p_Val2_17_9_fu_3870_p2           |     +    |      0|  0|  22|          15|          15|
    |p_Val2_17_s_fu_4049_p2           |     +    |      0|  0|  22|          15|          15|
    |p_Val2_23_10_fu_2905_p2          |     +    |      0|  0|  23|          16|          16|
    |p_Val2_23_11_fu_3229_p2          |     +    |      0|  0|  23|          16|          16|
    |p_Val2_23_12_fu_3553_p2          |     +    |      0|  0|  23|          16|          16|
    |p_Val2_23_13_fu_3690_p2          |     +    |      0|  0|  23|          16|          16|
    |p_Val2_23_14_fu_3999_p2          |     +    |      0|  0|  23|          16|          16|
    |p_Val2_23_1_fu_746_p2            |     +    |      0|  0|  23|          16|          16|
    |p_Val2_23_2_fu_935_p2            |     +    |      0|  0|  23|          16|          16|
    |p_Val2_23_3_fu_1121_p2           |     +    |      0|  0|  23|          16|          16|
    |p_Val2_23_4_fu_1307_p2           |     +    |      0|  0|  23|          16|          16|
    |p_Val2_23_5_fu_1493_p2           |     +    |      0|  0|  23|          16|          16|
    |p_Val2_23_6_fu_1679_p2           |     +    |      0|  0|  23|          16|          16|
    |p_Val2_23_7_fu_1865_p2           |     +    |      0|  0|  23|          16|          16|
    |p_Val2_23_8_fu_2051_p2           |     +    |      0|  0|  23|          16|          16|
    |p_Val2_23_9_fu_2237_p2           |     +    |      0|  0|  23|          16|          16|
    |p_Val2_23_s_fu_2581_p2           |     +    |      0|  0|  23|          16|          16|
    |p_Val2_24_10_fu_2919_p2          |     +    |      0|  0|  22|          15|          15|
    |p_Val2_24_11_fu_3243_p2          |     +    |      0|  0|  22|          15|          15|
    |p_Val2_24_12_fu_3567_p2          |     +    |      0|  0|  22|          15|          15|
    |p_Val2_24_13_fu_3704_p2          |     +    |      0|  0|  22|          15|          15|
    |p_Val2_24_14_fu_4013_p2          |     +    |      0|  0|  22|          15|          15|
    |p_Val2_24_1_fu_760_p2            |     +    |      0|  0|  22|          15|          15|
    |p_Val2_24_2_fu_949_p2            |     +    |      0|  0|  22|          15|          15|
    |p_Val2_24_3_fu_1135_p2           |     +    |      0|  0|  22|          15|          15|
    |p_Val2_24_4_fu_1321_p2           |     +    |      0|  0|  22|          15|          15|
    |p_Val2_24_5_fu_1507_p2           |     +    |      0|  0|  22|          15|          15|
    |p_Val2_24_6_fu_1693_p2           |     +    |      0|  0|  22|          15|          15|
    |p_Val2_24_7_fu_1879_p2           |     +    |      0|  0|  22|          15|          15|
    |p_Val2_24_8_fu_2065_p2           |     +    |      0|  0|  22|          15|          15|
    |p_Val2_24_9_fu_2251_p2           |     +    |      0|  0|  22|          15|          15|
    |p_Val2_24_s_fu_2595_p2           |     +    |      0|  0|  22|          15|          15|
    |p_Val2_30_10_fu_2965_p2          |     +    |      0|  0|  23|          16|          16|
    |p_Val2_30_11_fu_3289_p2          |     +    |      0|  0|  23|          16|          16|
    |p_Val2_30_12_fu_3613_p2          |     +    |      0|  0|  23|          16|          16|
    |p_Val2_30_13_fu_3917_p2          |     +    |      0|  0|  23|          16|          16|
    |p_Val2_30_1_fu_809_p2            |     +    |      0|  0|  23|          16|          16|
    |p_Val2_30_2_fu_995_p2            |     +    |      0|  0|  23|          16|          16|
    |p_Val2_30_3_fu_1181_p2           |     +    |      0|  0|  23|          16|          16|
    |p_Val2_30_4_fu_1367_p2           |     +    |      0|  0|  23|          16|          16|
    |p_Val2_30_5_fu_1553_p2           |     +    |      0|  0|  23|          16|          16|
    |p_Val2_30_6_fu_1739_p2           |     +    |      0|  0|  23|          16|          16|
    |p_Val2_30_7_fu_1925_p2           |     +    |      0|  0|  23|          16|          16|
    |p_Val2_30_8_fu_2111_p2           |     +    |      0|  0|  23|          16|          16|
    |p_Val2_30_9_fu_2297_p2           |     +    |      0|  0|  23|          16|          16|
    |p_Val2_30_s_fu_2641_p2           |     +    |      0|  0|  23|          16|          16|
    |p_Val2_31_10_fu_2979_p2          |     +    |      0|  0|  22|          15|          15|
    |p_Val2_31_11_fu_3303_p2          |     +    |      0|  0|  22|          15|          15|
    |p_Val2_31_12_fu_3627_p2          |     +    |      0|  0|  22|          15|          15|
    |p_Val2_31_13_fu_3931_p2          |     +    |      0|  0|  22|          15|          15|
    |p_Val2_31_1_fu_823_p2            |     +    |      0|  0|  22|          15|          15|
    |p_Val2_31_2_fu_1009_p2           |     +    |      0|  0|  22|          15|          15|
    |p_Val2_31_3_fu_1195_p2           |     +    |      0|  0|  22|          15|          15|
    |p_Val2_31_4_fu_1381_p2           |     +    |      0|  0|  22|          15|          15|
    |p_Val2_31_5_fu_1567_p2           |     +    |      0|  0|  22|          15|          15|
    |p_Val2_31_6_fu_1753_p2           |     +    |      0|  0|  22|          15|          15|
    |p_Val2_31_7_fu_1939_p2           |     +    |      0|  0|  22|          15|          15|
    |p_Val2_31_8_fu_2125_p2           |     +    |      0|  0|  22|          15|          15|
    |p_Val2_31_9_fu_2311_p2           |     +    |      0|  0|  22|          15|          15|
    |p_Val2_31_s_fu_2655_p2           |     +    |      0|  0|  22|          15|          15|
    |p_Val2_8_fu_4289_p2              |     +    |      0|  0|  22|          15|          15|
    |p_Val2_9_fu_2450_p2              |     +    |      0|  0|  23|          16|          16|
    |p_Val2_s_6_fu_2464_p2            |     +    |      0|  0|  22|          15|          15|
    |p_Val2_12_fu_476_p2              |     -    |      0|  0|  23|           1|          16|
    |p_Val2_19_10_fu_2716_p2          |     -    |      0|  0|  15|           1|           5|
    |p_Val2_19_11_fu_3040_p2          |     -    |      0|  0|  13|           1|           4|
    |p_Val2_19_12_fu_3364_p2          |     -    |      0|  0|  12|           1|           3|
    |p_Val2_19_1_fu_704_p2            |     -    |      0|  0|  22|           1|          15|
    |p_Val2_19_2_fu_884_p2            |     -    |      0|  0|  21|           1|          14|
    |p_Val2_19_3_fu_1070_p2           |     -    |      0|  0|  20|           1|          13|
    |p_Val2_19_4_fu_1256_p2           |     -    |      0|  0|  19|           1|          12|
    |p_Val2_19_5_fu_1442_p2           |     -    |      0|  0|  18|           1|          11|
    |p_Val2_19_6_fu_1628_p2           |     -    |      0|  0|  17|           1|          10|
    |p_Val2_19_7_fu_1814_p2           |     -    |      0|  0|  16|           1|           9|
    |p_Val2_19_8_fu_2000_p2           |     -    |      0|  0|  15|           1|           8|
    |p_Val2_19_9_fu_2186_p2           |     -    |      0|  0|  15|           1|           7|
    |p_Val2_19_s_fu_2372_p2           |     -    |      0|  0|  15|           1|           6|
    |p_Val2_26_10_fu_2744_p2          |     -    |      0|  0|  15|           1|           5|
    |p_Val2_26_11_fu_3068_p2          |     -    |      0|  0|  13|           1|           4|
    |p_Val2_26_12_fu_3392_p2          |     -    |      0|  0|  12|           1|           3|
    |p_Val2_26_1_fu_724_p2            |     -    |      0|  0|  22|           1|          15|
    |p_Val2_26_2_fu_912_p2            |     -    |      0|  0|  21|           1|          14|
    |p_Val2_26_3_fu_1098_p2           |     -    |      0|  0|  20|           1|          13|
    |p_Val2_26_4_fu_1284_p2           |     -    |      0|  0|  19|           1|          12|
    |p_Val2_26_5_fu_1470_p2           |     -    |      0|  0|  18|           1|          11|
    |p_Val2_26_6_fu_1656_p2           |     -    |      0|  0|  17|           1|          10|
    |p_Val2_26_7_fu_1842_p2           |     -    |      0|  0|  16|           1|           9|
    |p_Val2_26_8_fu_2028_p2           |     -    |      0|  0|  15|           1|           8|
    |p_Val2_26_9_fu_2214_p2           |     -    |      0|  0|  15|           1|           7|
    |p_Val2_26_s_fu_2400_p2           |     -    |      0|  0|  15|           1|           6|
    |p_Val2_2_fu_358_p2               |     -    |      0|  0|  23|           1|          16|
    |p_Val2_5_fu_454_p2               |     -    |      0|  0|  23|           1|          16|
    |p_Val2_s_fu_284_p2               |     -    |      0|  0|  23|           1|          16|
    |ap_block_pp0_stage0_01001        |    and   |      0|  0|   8|           1|           1|
    |brmerge40_demorgan_i_fu_4347_p2  |    and   |      0|  0|   8|           1|           1|
    |neg_src_fu_4324_p2               |    and   |      0|  0|   8|           1|           1|
    |overflow_fu_4341_p2              |    and   |      0|  0|   8|           1|           1|
    |r_V_3_1_fu_3982_p2               |    and   |      0|  0|   8|           1|           1|
    |sel_tmp11_fu_612_p2              |    and   |      0|  0|   8|           1|           1|
    |sel_tmp1_fu_332_p2               |    and   |      0|  0|   8|           1|           1|
    |sel_tmp4_fu_519_p2               |    and   |      0|  0|   8|           1|           1|
    |sel_tmp5_fu_400_p2               |    and   |      0|  0|   8|           1|           1|
    |not_tmp_21_s_fu_3976_p2          |   icmp   |      0|  0|  13|          15|           1|
    |tmp_1_fu_274_p2                  |   icmp   |      0|  0|  13|          15|           1|
    |tmp_21_10_fu_2692_p2             |   icmp   |      0|  0|  13|          15|           1|
    |tmp_21_11_fu_3016_p2             |   icmp   |      0|  0|  13|          15|           1|
    |tmp_21_12_fu_3340_p2             |   icmp   |      0|  0|  13|          15|           1|
    |tmp_21_13_fu_3664_p2             |   icmp   |      0|  0|  13|          15|           1|
    |tmp_21_1_fu_684_p2               |   icmp   |      0|  0|  13|          15|           1|
    |tmp_21_2_fu_860_p2               |   icmp   |      0|  0|  13|          15|           1|
    |tmp_21_3_fu_1046_p2              |   icmp   |      0|  0|  13|          15|           1|
    |tmp_21_4_fu_1232_p2              |   icmp   |      0|  0|  13|          15|           1|
    |tmp_21_5_fu_1418_p2              |   icmp   |      0|  0|  13|          15|           1|
    |tmp_21_6_fu_1604_p2              |   icmp   |      0|  0|  13|          15|           1|
    |tmp_21_7_fu_1790_p2              |   icmp   |      0|  0|  13|          15|           1|
    |tmp_21_8_fu_1976_p2              |   icmp   |      0|  0|  13|          15|           1|
    |tmp_21_9_fu_2162_p2              |   icmp   |      0|  0|  13|          15|           1|
    |tmp_21_s_fu_2348_p2              |   icmp   |      0|  0|  13|          15|           1|
    |tmp_4_fu_444_p2                  |   icmp   |      0|  0|  13|          15|           1|
    |tmp_6_fu_422_p2                  |   icmp   |      0|  0|  13|          15|           1|
    |brmerge_i5_fu_4335_p2            |    or    |      0|  0|   8|           1|           1|
    |brmerge_i_i5_fu_4358_p2          |    or    |      0|  0|   8|           1|           1|
    |not_carry_fu_4308_p2             |    or    |      0|  0|   8|           1|           1|
    |p_Val2_15_10_cast_s_fu_4086_p3   |  select  |      0|  0|   3|           1|           2|
    |p_Val2_15_11_cast_s_fu_4210_p3   |  select  |      0|  0|   2|           1|           1|
    |p_Val2_15_1_cast_c_fu_2502_p3    |  select  |      0|  0|  12|           1|          11|
    |p_Val2_15_2_cast_c_fu_2758_p3    |  select  |      0|  0|  11|           1|          10|
    |p_Val2_15_3_cast_c_fu_2826_p3    |  select  |      0|  0|  10|           1|           9|
    |p_Val2_15_4_cast_c_fu_3082_p3    |  select  |      0|  0|  10|           1|           9|
    |p_Val2_15_5_cast_c_fu_3150_p3    |  select  |      0|  0|   9|           1|           8|
    |p_Val2_15_6_cast_c_fu_3406_p3    |  select  |      0|  0|   8|           1|           7|
    |p_Val2_15_7_cast_c_fu_3474_p3    |  select  |      0|  0|   7|           1|           6|
    |p_Val2_15_8_cast_c_fu_3770_p3    |  select  |      0|  0|   6|           1|           5|
    |p_Val2_15_9_cast_c_fu_3838_p3    |  select  |      0|  0|   5|           1|           4|
    |p_Val2_15_cast_ca_fu_4018_p3     |  select  |      0|  0|   4|           1|           3|
    |p_Val2_25_13_cast_fu_3750_p3     |  select  |      0|  0|   2|           1|           2|
    |p_Val2_27_13_Val_fu_3762_p3      |  select  |      0|  0|   2|           1|           2|
    |p_Val2_4_fu_2414_p3              |  select  |      0|  0|  14|           1|          13|
    |p_Val2_cast_cast_fu_2432_p3      |  select  |      0|  0|  13|           1|          12|
    |r_V                              |  select  |      0|  0|  15|           1|          15|
    |r_V_3_fu_532_p3                  |  select  |      0|  0|  15|           1|          15|
    |r_V_4_10_fu_2750_p3              |  select  |      0|  0|   5|           1|           5|
    |r_V_4_11_fu_3074_p3              |  select  |      0|  0|   4|           1|           4|
    |r_V_4_12_fu_3398_p3              |  select  |      0|  0|   3|           1|           3|
    |r_V_4_1_fu_797_p3                |  select  |      0|  0|  15|           1|          15|
    |r_V_4_2_fu_918_p3                |  select  |      0|  0|  14|           1|          14|
    |r_V_4_3_fu_1104_p3               |  select  |      0|  0|  13|           1|          13|
    |r_V_4_4_fu_1290_p3               |  select  |      0|  0|  12|           1|          12|
    |r_V_4_5_fu_1476_p3               |  select  |      0|  0|  11|           1|          11|
    |r_V_4_6_fu_1662_p3               |  select  |      0|  0|  10|           1|          10|
    |r_V_4_7_fu_1848_p3               |  select  |      0|  0|   9|           1|           9|
    |r_V_4_8_fu_2034_p3               |  select  |      0|  0|   8|           1|           8|
    |r_V_4_9_fu_2220_p3               |  select  |      0|  0|   7|           1|           7|
    |r_V_4_fu_624_p3                  |  select  |      0|  0|  15|           1|          15|
    |r_V_4_s_fu_2406_p3               |  select  |      0|  0|   6|           1|           6|
    |sel_tmp10_fu_525_p3              |  select  |      0|  0|  15|           1|          15|
    |sel_tmp12_fu_617_p3              |  select  |      0|  0|  15|           1|          15|
    |sel_tmp13_fu_733_p3              |  select  |      0|  0|  15|           1|          15|
    |sel_tmp14_fu_890_p3              |  select  |      0|  0|  14|           1|          14|
    |sel_tmp15_fu_1076_p3             |  select  |      0|  0|  13|           1|          13|
    |sel_tmp16_fu_1262_p3             |  select  |      0|  0|  12|           1|          12|
    |sel_tmp17_fu_1448_p3             |  select  |      0|  0|  11|           1|          11|
    |sel_tmp18_fu_1634_p3             |  select  |      0|  0|  10|           1|          10|
    |sel_tmp19_fu_1820_p3             |  select  |      0|  0|   9|           1|           9|
    |sel_tmp20_fu_2006_p3             |  select  |      0|  0|   8|           1|           8|
    |sel_tmp21_fu_2192_p3             |  select  |      0|  0|   7|           1|           7|
    |sel_tmp22_fu_2378_p3             |  select  |      0|  0|   6|           1|           6|
    |sel_tmp23_fu_2722_p3             |  select  |      0|  0|   5|           1|           5|
    |sel_tmp24_fu_3046_p3             |  select  |      0|  0|   4|           1|           4|
    |sel_tmp25_fu_3370_p3             |  select  |      0|  0|   3|           1|           3|
    |sel_tmp2_fu_338_p3               |  select  |      0|  0|  15|           1|          15|
    |sel_tmp3_fu_2421_p3              |  select  |      0|  0|  14|           1|          14|
    |sel_tmp6_fu_406_p3               |  select  |      0|  0|  15|           1|          15|
    |sel_tmp7_fu_428_p3               |  select  |      0|  0|  15|           1|          15|
    |sel_tmp8_fu_436_p3               |  select  |      0|  0|  15|           1|          15|
    |theta_V                          |  select  |      0|  0|  15|           1|          15|
    |this_assign_10_10_fu_3008_p3     |  select  |      0|  0|  15|           1|          15|
    |this_assign_10_11_fu_3332_p3     |  select  |      0|  0|  15|           1|          15|
    |this_assign_10_12_fu_3656_p3     |  select  |      0|  0|  15|           1|          15|
    |this_assign_10_13_fu_3960_p3     |  select  |      0|  0|  15|           1|          15|
    |this_assign_10_1_fu_852_p3       |  select  |      0|  0|  15|           1|          15|
    |this_assign_10_2_fu_1038_p3      |  select  |      0|  0|  15|           1|          15|
    |this_assign_10_3_fu_1224_p3      |  select  |      0|  0|  15|           1|          15|
    |this_assign_10_4_fu_1410_p3      |  select  |      0|  0|  15|           1|          15|
    |this_assign_10_5_fu_1596_p3      |  select  |      0|  0|  15|           1|          15|
    |this_assign_10_6_fu_1782_p3      |  select  |      0|  0|  15|           1|          15|
    |this_assign_10_7_fu_1968_p3      |  select  |      0|  0|  15|           1|          15|
    |this_assign_10_8_fu_2154_p3      |  select  |      0|  0|  15|           1|          15|
    |this_assign_10_9_fu_2340_p3      |  select  |      0|  0|  15|           1|          15|
    |this_assign_10_s_fu_2684_p3      |  select  |      0|  0|  15|           1|          15|
    |this_assign_8_10_fu_4148_p3      |  select  |      0|  0|  15|           1|          15|
    |this_assign_8_1_fu_2564_p3       |  select  |      0|  0|  15|           1|          15|
    |this_assign_8_2_fu_2818_p3       |  select  |      0|  0|  15|           1|          15|
    |this_assign_8_3_fu_2888_p3       |  select  |      0|  0|  15|           1|          15|
    |this_assign_8_4_fu_3142_p3       |  select  |      0|  0|  15|           1|          15|
    |this_assign_8_5_fu_3212_p3       |  select  |      0|  0|  15|           1|          15|
    |this_assign_8_6_fu_3466_p3       |  select  |      0|  0|  15|           1|          15|
    |this_assign_8_7_fu_3536_p3       |  select  |      0|  0|  15|           1|          15|
    |this_assign_8_8_fu_3830_p3       |  select  |      0|  0|  15|           1|          15|
    |this_assign_8_9_fu_3900_p3       |  select  |      0|  0|  15|           1|          15|
    |this_assign_8_fu_2494_p3         |  select  |      0|  0|  15|           1|          15|
    |this_assign_8_s_fu_4078_p3       |  select  |      0|  0|  15|           1|          15|
    |this_assign_9_10_fu_2948_p3      |  select  |      0|  0|  15|           1|          15|
    |this_assign_9_11_fu_3272_p3      |  select  |      0|  0|  15|           1|          15|
    |this_assign_9_12_fu_3596_p3      |  select  |      0|  0|  15|           1|          15|
    |this_assign_9_13_fu_3734_p3      |  select  |      0|  0|  15|           1|          15|
    |this_assign_9_14_fu_4176_p3      |  select  |      0|  0|  15|           1|          15|
    |this_assign_9_1_fu_789_p3        |  select  |      0|  0|  15|           1|          15|
    |this_assign_9_2_fu_978_p3        |  select  |      0|  0|  15|           1|          15|
    |this_assign_9_3_fu_1164_p3       |  select  |      0|  0|  15|           1|          15|
    |this_assign_9_4_fu_1350_p3       |  select  |      0|  0|  15|           1|          15|
    |this_assign_9_5_fu_1536_p3       |  select  |      0|  0|  15|           1|          15|
    |this_assign_9_6_fu_1722_p3       |  select  |      0|  0|  15|           1|          15|
    |this_assign_9_7_fu_1908_p3       |  select  |      0|  0|  15|           1|          15|
    |this_assign_9_8_fu_2094_p3       |  select  |      0|  0|  15|           1|          15|
    |this_assign_9_9_fu_2280_p3       |  select  |      0|  0|  15|           1|          15|
    |this_assign_9_fu_584_p3          |  select  |      0|  0|  15|           1|          15|
    |this_assign_9_s_fu_2624_p3       |  select  |      0|  0|  15|           1|          15|
    |this_assign_s_fu_676_p3          |  select  |      0|  0|  15|           1|          15|
    |tmp_38_cast_cast_fu_2443_p3      |  select  |      0|  0|  13|           1|          12|
    |tmp_39_10_cast_cast_fu_4097_p3   |  select  |      0|  0|   3|           1|           2|
    |tmp_39_11_cast_cast_fu_4220_p3   |  select  |      0|  0|   2|           1|           1|
    |tmp_39_1_cast_cast_fu_2513_p3    |  select  |      0|  0|  12|           1|          11|
    |tmp_39_2_cast_cast_fu_2768_p3    |  select  |      0|  0|  11|           1|          10|
    |tmp_39_3_cast_cast_fu_2837_p3    |  select  |      0|  0|  10|           1|           9|
    |tmp_39_4_cast_cast_fu_3092_p3    |  select  |      0|  0|  10|           1|           9|
    |tmp_39_5_cast_cast_fu_3161_p3    |  select  |      0|  0|   9|           1|           8|
    |tmp_39_6_cast_cast_fu_3416_p3    |  select  |      0|  0|   8|           1|           7|
    |tmp_39_7_cast_cast_fu_3485_p3    |  select  |      0|  0|   7|           1|           6|
    |tmp_39_8_cast_cast_fu_3780_p3    |  select  |      0|  0|   6|           1|           5|
    |tmp_39_9_cast_cast_fu_3849_p3    |  select  |      0|  0|   5|           1|           4|
    |tmp_39_cast_cast_fu_4028_p3      |  select  |      0|  0|   4|           1|           3|
    |tmp_5_fu_414_p3                  |  select  |      0|  0|  15|           1|          15|
    |tmp_9_fu_346_p3                  |  select  |      0|  0|  15|           1|          15|
    |ap_enable_pp0                    |    xor   |      0|  0|   8|           1|           2|
    |brmerge_i_i1_fu_384_p2           |    xor   |      0|  0|   8|           1|           1|
    |brmerge_i_i6_fu_501_p2           |    xor   |      0|  0|   8|           1|           1|
    |brmerge_i_i8_fu_599_p2           |    xor   |      0|  0|   8|           1|           1|
    |brmerge_i_i_fu_310_p2            |    xor   |      0|  0|   8|           1|           1|
    |brmerge_i_i_i1_10_fu_2932_p2     |    xor   |      0|  0|   8|           1|           1|
    |brmerge_i_i_i1_11_fu_3256_p2     |    xor   |      0|  0|   8|           1|           1|
    |brmerge_i_i_i1_12_fu_3580_p2     |    xor   |      0|  0|   8|           1|           1|
    |brmerge_i_i_i1_13_fu_3718_p2     |    xor   |      0|  0|   8|           1|           1|
    |brmerge_i_i_i1_14_fu_4163_p2     |    xor   |      0|  0|   8|           1|           1|
    |brmerge_i_i_i1_1_fu_773_p2       |    xor   |      0|  0|   8|           1|           1|
    |brmerge_i_i_i1_2_fu_962_p2       |    xor   |      0|  0|   8|           1|           1|
    |brmerge_i_i_i1_3_fu_1148_p2      |    xor   |      0|  0|   8|           1|           1|
    |brmerge_i_i_i1_4_fu_1334_p2      |    xor   |      0|  0|   8|           1|           1|
    |brmerge_i_i_i1_5_fu_1520_p2      |    xor   |      0|  0|   8|           1|           1|
    |brmerge_i_i_i1_6_fu_1706_p2      |    xor   |      0|  0|   8|           1|           1|
    |brmerge_i_i_i1_7_fu_1892_p2      |    xor   |      0|  0|   8|           1|           1|
    |brmerge_i_i_i1_8_fu_2078_p2      |    xor   |      0|  0|   8|           1|           1|
    |brmerge_i_i_i1_9_fu_2264_p2      |    xor   |      0|  0|   8|           1|           1|
    |brmerge_i_i_i1_fu_568_p2         |    xor   |      0|  0|   8|           1|           1|
    |brmerge_i_i_i1_s_fu_2608_p2      |    xor   |      0|  0|   8|           1|           1|
    |brmerge_i_i_i2_10_fu_2992_p2     |    xor   |      0|  0|   8|           1|           1|
    |brmerge_i_i_i2_11_fu_3316_p2     |    xor   |      0|  0|   8|           1|           1|
    |brmerge_i_i_i2_12_fu_3640_p2     |    xor   |      0|  0|   8|           1|           1|
    |brmerge_i_i_i2_13_fu_3944_p2     |    xor   |      0|  0|   8|           1|           1|
    |brmerge_i_i_i2_1_fu_836_p2       |    xor   |      0|  0|   8|           1|           1|
    |brmerge_i_i_i2_2_fu_1022_p2      |    xor   |      0|  0|   8|           1|           1|
    |brmerge_i_i_i2_3_fu_1208_p2      |    xor   |      0|  0|   8|           1|           1|
    |brmerge_i_i_i2_4_fu_1394_p2      |    xor   |      0|  0|   8|           1|           1|
    |brmerge_i_i_i2_5_fu_1580_p2      |    xor   |      0|  0|   8|           1|           1|
    |brmerge_i_i_i2_6_fu_1766_p2      |    xor   |      0|  0|   8|           1|           1|
    |brmerge_i_i_i2_7_fu_1952_p2      |    xor   |      0|  0|   8|           1|           1|
    |brmerge_i_i_i2_8_fu_2138_p2      |    xor   |      0|  0|   8|           1|           1|
    |brmerge_i_i_i2_9_fu_2324_p2      |    xor   |      0|  0|   8|           1|           1|
    |brmerge_i_i_i2_fu_660_p2         |    xor   |      0|  0|   8|           1|           1|
    |brmerge_i_i_i2_s_fu_2668_p2      |    xor   |      0|  0|   8|           1|           1|
    |brmerge_i_i_i_10_fu_4132_p2      |    xor   |      0|  0|   8|           1|           1|
    |brmerge_i_i_i_11_fu_4254_p2      |    xor   |      0|  0|   8|           1|           1|
    |brmerge_i_i_i_1_fu_2548_p2       |    xor   |      0|  0|   8|           1|           1|
    |brmerge_i_i_i_2_fu_2802_p2       |    xor   |      0|  0|   8|           1|           1|
    |brmerge_i_i_i_3_fu_2872_p2       |    xor   |      0|  0|   8|           1|           1|
    |brmerge_i_i_i_4_fu_3126_p2       |    xor   |      0|  0|   8|           1|           1|
    |brmerge_i_i_i_5_fu_3196_p2       |    xor   |      0|  0|   8|           1|           1|
    |brmerge_i_i_i_6_fu_3450_p2       |    xor   |      0|  0|   8|           1|           1|
    |brmerge_i_i_i_7_fu_3520_p2       |    xor   |      0|  0|   8|           1|           1|
    |brmerge_i_i_i_8_fu_3814_p2       |    xor   |      0|  0|   8|           1|           1|
    |brmerge_i_i_i_9_fu_3884_p2       |    xor   |      0|  0|   8|           1|           1|
    |brmerge_i_i_i_fu_2478_p2         |    xor   |      0|  0|   8|           1|           1|
    |brmerge_i_i_i_s_fu_4062_p2       |    xor   |      0|  0|   8|           1|           1|
    |deleted_zeros_fu_4314_p2         |    xor   |      0|  0|   8|           1|           1|
    |p_Result_5_not_fu_4302_p2        |    xor   |      0|  0|   8|           1|           2|
    |p_not_i1_fu_4329_p2              |    xor   |      0|  0|   8|           1|           2|
    |sel_tmp9_fu_514_p2               |    xor   |      0|  0|   8|           1|           2|
    |sel_tmp_fu_326_p2                |    xor   |      0|  0|   8|           1|           2|
    |tmp_41_fu_4319_p2                |    xor   |      0|  0|   8|           1|           2|
    |underflow_fu_4352_p2             |    xor   |      0|  0|   8|           1|           1|
    +---------------------------------+----------+-------+---+----+------------+------------+
    |Total                            |          |      0|  0|4599|        1858|        3033|
    +---------------------------------+----------+-------+---+----+------------+------------+

    * Multiplexer: 
    N/A

    * Register: 
    +----------------------------+----+----+-----+-----------+
    |            Name            | FF | LUT| Bits| Const Bits|
    +----------------------------+----+----+-----+-----------+
    |ap_CS_fsm                   |   1|   0|    1|          0|
    |ap_enable_reg_pp0_iter1     |   1|   0|    1|          0|
    |ap_enable_reg_pp0_iter10    |   1|   0|    1|          0|
    |ap_enable_reg_pp0_iter11    |   1|   0|    1|          0|
    |ap_enable_reg_pp0_iter12    |   1|   0|    1|          0|
    |ap_enable_reg_pp0_iter13    |   1|   0|    1|          0|
    |ap_enable_reg_pp0_iter14    |   1|   0|    1|          0|
    |ap_enable_reg_pp0_iter15    |   1|   0|    1|          0|
    |ap_enable_reg_pp0_iter16    |   1|   0|    1|          0|
    |ap_enable_reg_pp0_iter17    |   1|   0|    1|          0|
    |ap_enable_reg_pp0_iter2     |   1|   0|    1|          0|
    |ap_enable_reg_pp0_iter3     |   1|   0|    1|          0|
    |ap_enable_reg_pp0_iter4     |   1|   0|    1|          0|
    |ap_enable_reg_pp0_iter5     |   1|   0|    1|          0|
    |ap_enable_reg_pp0_iter6     |   1|   0|    1|          0|
    |ap_enable_reg_pp0_iter7     |   1|   0|    1|          0|
    |ap_enable_reg_pp0_iter8     |   1|   0|    1|          0|
    |ap_enable_reg_pp0_iter9     |   1|   0|    1|          0|
    |p_Val2_12_reg_4451          |  16|   0|   16|          0|
    |p_Val2_19_1_reg_4493        |  15|   0|   15|          0|
    |p_Val2_24_14_reg_4916       |  15|   0|   15|          0|
    |p_Val2_25_1_reg_4498        |  15|   0|   15|          0|
    |p_Val2_26_1_reg_4503        |  15|   0|   15|          0|
    |p_Val2_27_13_Val_reg_4898   |   2|   0|    2|          0|
    |p_Val2_5_reg_4429           |  16|   0|   16|          0|
    |p_Val2_6_reg_4929           |  28|   0|   28|          0|
    |p_Val2_7_reg_4942           |  15|   0|   15|          0|
    |r_V_4_10_reg_4808           |   5|   0|    5|          0|
    |r_V_4_11_reg_4844           |   4|   0|    4|          0|
    |r_V_4_12_reg_4874           |   3|   0|    3|          0|
    |r_V_4_2_reg_4532            |  14|   0|   14|          0|
    |r_V_4_3_reg_4562            |  13|   0|   13|          0|
    |r_V_4_4_reg_4592            |  12|   0|   12|          0|
    |r_V_4_5_reg_4622            |  11|   0|   11|          0|
    |r_V_4_6_reg_4652            |  10|   0|   10|          0|
    |r_V_4_7_reg_4682            |   9|   0|    9|          0|
    |r_V_4_8_reg_4712            |   8|   0|    8|          0|
    |r_V_4_9_reg_4742            |   7|   0|    7|          0|
    |r_V_4_s_reg_4772            |   6|   0|    6|          0|
    |sel_tmp14_reg_4526          |  14|   0|   14|          0|
    |sel_tmp15_reg_4556          |  13|   0|   13|          0|
    |sel_tmp16_reg_4586          |  12|   0|   12|          0|
    |sel_tmp17_reg_4616          |  11|   0|   11|          0|
    |sel_tmp18_reg_4646          |  10|   0|   10|          0|
    |sel_tmp19_reg_4676          |   9|   0|    9|          0|
    |sel_tmp20_reg_4706          |   8|   0|    8|          0|
    |sel_tmp21_reg_4736          |   7|   0|    7|          0|
    |sel_tmp22_reg_4766          |   6|   0|    6|          0|
    |sel_tmp23_reg_4802          |   5|   0|    5|          0|
    |sel_tmp24_reg_4838          |   4|   0|    4|          0|
    |sel_tmp25_reg_4868          |   3|   0|    3|          0|
    |sel_tmp7_reg_4402           |  15|   0|   15|          0|
    |sel_tmp8_reg_4408           |  15|   0|   15|          0|
    |signbit_reg_4934            |   1|   0|    1|          0|
    |this_assign_10_10_reg_4826  |  15|   0|   15|          0|
    |this_assign_10_11_reg_4862  |  15|   0|   15|          0|
    |this_assign_10_12_reg_4886  |  15|   0|   15|          0|
    |this_assign_10_1_reg_4514   |  15|   0|   15|          0|
    |this_assign_10_2_reg_4544   |  15|   0|   15|          0|
    |this_assign_10_3_reg_4574   |  15|   0|   15|          0|
    |this_assign_10_4_reg_4604   |  15|   0|   15|          0|
    |this_assign_10_5_reg_4634   |  15|   0|   15|          0|
    |this_assign_10_6_reg_4664   |  15|   0|   15|          0|
    |this_assign_10_7_reg_4694   |  15|   0|   15|          0|
    |this_assign_10_8_reg_4724   |  15|   0|   15|          0|
    |this_assign_10_9_reg_4754   |  15|   0|   15|          0|
    |this_assign_10_s_reg_4790   |  15|   0|   15|          0|
    |this_assign_8_10_reg_4923   |  15|   0|   15|          0|
    |this_assign_8_1_reg_4778    |  15|   0|   15|          0|
    |this_assign_8_3_reg_4814    |  15|   0|   15|          0|
    |this_assign_8_5_reg_4850    |  15|   0|   15|          0|
    |this_assign_8_7_reg_4880    |  15|   0|   15|          0|
    |this_assign_8_9_reg_4904    |  15|   0|   15|          0|
    |this_assign_9_10_reg_4820   |  15|   0|   15|          0|
    |this_assign_9_11_reg_4856   |  15|   0|   15|          0|
    |this_assign_9_13_reg_4892   |  15|   0|   15|          0|
    |this_assign_9_1_reg_4508    |  15|   0|   15|          0|
    |this_assign_9_2_reg_4538    |  15|   0|   15|          0|
    |this_assign_9_3_reg_4568    |  15|   0|   15|          0|
    |this_assign_9_4_reg_4598    |  15|   0|   15|          0|
    |this_assign_9_5_reg_4628    |  15|   0|   15|          0|
    |this_assign_9_6_reg_4658    |  15|   0|   15|          0|
    |this_assign_9_7_reg_4688    |  15|   0|   15|          0|
    |this_assign_9_8_reg_4718    |  15|   0|   15|          0|
    |this_assign_9_9_reg_4748    |  15|   0|   15|          0|
    |this_assign_9_reg_4468      |  15|   0|   15|          0|
    |this_assign_9_s_reg_4784    |  15|   0|   15|          0|
    |this_assign_s_reg_4474      |  15|   0|   15|          0|
    |tmp_189_reg_4910            |   1|   0|    1|          0|
    |tmp_193_reg_4947            |   1|   0|    1|          0|
    |tmp_21_10_reg_4796          |   1|   0|    1|          0|
    |tmp_21_11_reg_4832          |   1|   0|    1|          0|
    |tmp_21_1_reg_4480           |   1|   0|    1|          0|
    |tmp_21_2_reg_4520           |   1|   0|    1|          0|
    |tmp_21_3_reg_4550           |   1|   0|    1|          0|
    |tmp_21_4_reg_4580           |   1|   0|    1|          0|
    |tmp_21_5_reg_4610           |   1|   0|    1|          0|
    |tmp_21_6_reg_4640           |   1|   0|    1|          0|
    |tmp_21_7_reg_4670           |   1|   0|    1|          0|
    |tmp_21_8_reg_4700           |   1|   0|    1|          0|
    |tmp_21_9_reg_4730           |   1|   0|    1|          0|
    |tmp_21_s_reg_4760           |   1|   0|    1|          0|
    |tmp_3_reg_4446              |  16|   0|   16|          0|
    |tmp_46_reg_4434             |   1|   0|    1|          0|
    |tmp_49_1_reg_4488           |  14|   0|   14|          0|
    |tmp_4_reg_4414              |   1|   0|    1|          0|
    |tmp_50_reg_4440             |  15|   0|   15|          0|
    |tmp_59_reg_4456             |   1|   0|    1|          0|
    |tmp_60_reg_4462             |  15|   0|   15|          0|
    |tmp_6_reg_4397              |   1|   0|    1|          0|
    |tmp_8_reg_4424              |  16|   0|   16|          0|
    |tmp_reg_4392                |   1|   0|    1|          0|
    |tmp_21_10_reg_4796          |  64|  32|    1|          0|
    |tmp_21_11_reg_4832          |  64|  32|    1|          0|
    |tmp_21_1_reg_4480           |  64|  32|    1|          0|
    |tmp_21_2_reg_4520           |  64|  32|    1|          0|
    |tmp_21_3_reg_4550           |  64|  32|    1|          0|
    |tmp_21_4_reg_4580           |  64|  32|    1|          0|
    |tmp_21_5_reg_4610           |  64|  32|    1|          0|
    |tmp_21_6_reg_4640           |  64|  32|    1|          0|
    |tmp_21_7_reg_4670           |  64|  32|    1|          0|
    |tmp_21_8_reg_4700           |  64|  32|    1|          0|
    |tmp_21_9_reg_4730           |  64|  32|    1|          0|
    |tmp_21_s_reg_4760           |  64|  32|    1|          0|
    |tmp_4_reg_4414              |  64|  32|    1|          0|
    |tmp_6_reg_4397              |  64|  32|    1|          0|
    |tmp_reg_4392                |  64|  32|    1|          0|
    +----------------------------+----+----+-----+-----------+
    |Total                       |1955| 480| 1010|          0|
    +----------------------------+----+----+-----+-----------+



================================================================
== Interface
================================================================
* Summary: 
+----------------+-----+-----+------------+----------------+--------------+
|    RTL Ports   | Dir | Bits|  Protocol  |  Source Object |    C Type    |
+----------------+-----+-----+------------+----------------+--------------+
|ap_clk          |  in |    1| ap_ctrl_hs | cordiccart2pol | return value |
|ap_rst          |  in |    1| ap_ctrl_hs | cordiccart2pol | return value |
|ap_start        |  in |    1| ap_ctrl_hs | cordiccart2pol | return value |
|ap_done         | out |    1| ap_ctrl_hs | cordiccart2pol | return value |
|ap_idle         | out |    1| ap_ctrl_hs | cordiccart2pol | return value |
|ap_ready        | out |    1| ap_ctrl_hs | cordiccart2pol | return value |
|x_V             |  in |   15|   ap_none  |       x_V      |    scalar    |
|y_V             |  in |   15|   ap_none  |       y_V      |    scalar    |
|r_V             | out |   15|   ap_vld   |       r_V      |    pointer   |
|r_V_ap_vld      | out |    1|   ap_vld   |       r_V      |    pointer   |
|theta_V         | out |   15|   ap_vld   |     theta_V    |    pointer   |
|theta_V_ap_vld  | out |    1|   ap_vld   |     theta_V    |    pointer   |
+----------------+-----+-----+------------+----------------+--------------+

