

================================================================
== Vivado HLS Report for 'cordiccart2pol'
================================================================
* Date:           Fri Oct 26 23:14:50 2018

* Version:        2017.4 (Build 2086221 on Fri Dec 15 21:13:33 MST 2017)
* Project:        cordiccart2pol
* Solution:       solution1
* Product family: zynq
* Target device:  xc7z020clg400-1


================================================================
== Performance Estimates
================================================================
+ Timing (ns): 
    * Summary: 
    +--------+-------+----------+------------+
    |  Clock | Target| Estimated| Uncertainty|
    +--------+-------+----------+------------+
    |ap_clk  |  10.00|      8.61|        1.25|
    +--------+-------+----------+------------+

+ Latency (clock cycles): 
    * Summary: 
    +-----+-----+-----+-----+---------+
    |  Latency  |  Interval | Pipeline|
    | min | max | min | max |   Type  |
    +-----+-----+-----+-----+---------+
    |    5|    5|    5|    5|   none  |
    +-----+-----+-----+-----+---------+

    + Detail: 
        * Instance: 
        N/A

        * Loop: 
        N/A



================================================================
== Utilization Estimates
================================================================
* Summary: 
+-----------------+---------+-------+--------+-------+
|       Name      | BRAM_18K| DSP48E|   FF   |  LUT  |
+-----------------+---------+-------+--------+-------+
|DSP              |        -|      -|       -|      -|
|Expression       |        -|      -|       0|   3458|
|FIFO             |        -|      -|       -|      -|
|Instance         |        -|      0|     200|    276|
|Memory           |        4|      -|       0|      0|
|Multiplexer      |        -|      -|       -|     38|
|Register         |        -|      -|     750|      -|
+-----------------+---------+-------+--------+-------+
|Total            |        4|      0|     950|   3772|
+-----------------+---------+-------+--------+-------+
|Available        |      280|    220|  106400|  53200|
+-----------------+---------+-------+--------+-------+
|Utilization (%)  |        1|      0|   ~0   |      7|
+-----------------+---------+-------+--------+-------+

+ Detail: 
    * Instance: 
    +-------------------------+----------------------+---------+-------+-----+-----+
    |         Instance        |        Module        | BRAM_18K| DSP48E|  FF | LUT |
    +-------------------------+----------------------+---------+-------+-----+-----+
    |cordiccart2pol_fpdEe_U1  |cordiccart2pol_fpdEe  |        0|      0|  100|  138|
    |cordiccart2pol_fpdEe_U2  |cordiccart2pol_fpdEe  |        0|      0|  100|  138|
    +-------------------------+----------------------+---------+-------+-----+-----+
    |Total                    |                      |        0|      0|  200|  276|
    +-------------------------+----------------------+---------+-------+-----+-----+

    * DSP48: 
    N/A

    * Memory: 
    +-------------+----------------------+---------+---+----+------+-----+------+-------------+
    |    Memory   |        Module        | BRAM_18K| FF| LUT| Words| Bits| Banks| W*Bits*Banks|
    +-------------+----------------------+---------+---+----+------+-----+------+-------------+
    |my_LUT_r_U   |cordiccart2pol_mybkb  |        2|  0|   0|  1024|   32|     1|        32768|
    |my_LUT_th_U  |cordiccart2pol_mybkb  |        2|  0|   0|  1024|   32|     1|        32768|
    +-------------+----------------------+---------+---+----+------+-----+------+-------------+
    |Total        |                      |        4|  0|   0|  2048|   64|     2|        65536|
    +-------------+----------------------+---------+---+----+------+-----+------+-------------+

    * FIFO: 
    N/A

    * Expression: 
    +------------------------------------+----------+-------+---+-----+------------+------------+
    |            Variable Name           | Operation| DSP48E| FF| LUT | Bitwidth P0| Bitwidth P1|
    +------------------------------------+----------+-------+---+-----+------------+------------+
    |exp_V_1_fu_645_p2                   |     +    |      0|  0|   12|          11|          12|
    |exp_V_fu_360_p2                     |     +    |      0|  0|   12|          11|          12|
    |p_Val2_4_fu_456_p2                  |     +    |      0|  0|   15|           5|           5|
    |p_Val2_9_fu_741_p2                  |     +    |      0|  0|   15|           5|           5|
    |pos1_1_fu_812_p2                    |     +    |      0|  0|   19|           2|          12|
    |pos1_fu_527_p2                      |     +    |      0|  0|   19|           2|          12|
    |pos2_1_fu_821_p2                    |     +    |      0|  0|   19|           2|          12|
    |pos2_fu_536_p2                      |     +    |      0|  0|   19|           2|          12|
    |tmp_14_fu_421_p2                    |     +    |      0|  0|   19|           4|          12|
    |tmp_16_fu_505_p2                    |     +    |      0|  0|   12|          12|          12|
    |tmp_33_fu_334_p2                    |     +    |      0|  0|   19|           3|          12|
    |tmp_46_fu_706_p2                    |     +    |      0|  0|   19|           4|          12|
    |tmp_48_fu_790_p2                    |     +    |      0|  0|   12|          12|          12|
    |tmp_s_fu_266_p2                     |     +    |      0|  0|   19|           3|          12|
    |F2_1_fu_312_p2                      |     -    |      0|  0|   19|          11|          12|
    |F2_fu_244_p2                        |     -    |      0|  0|   19|          11|          12|
    |man_V_1_fu_238_p2                   |     -    |      0|  0|   61|           1|          54|
    |man_V_4_fu_306_p2                   |     -    |      0|  0|   61|           1|          54|
    |tmp_1_fu_272_p2                     |     -    |      0|  0|   19|           2|          12|
    |tmp_34_fu_340_p2                    |     -    |      0|  0|   19|           2|          12|
    |Range1_all_ones_1_fu_585_p2         |    and   |      0|  0|    8|           1|           1|
    |Range1_all_ones_2_fu_1297_p2        |    and   |      0|  0|    8|           1|           1|
    |Range1_all_ones_2_i_1_6_fu_1412_p2  |    and   |      0|  0|    8|           1|           1|
    |Range1_all_ones_2_i_fu_1148_p2      |    and   |      0|  0|    8|           1|           1|
    |Range1_all_ones_2_mu_1_fu_1385_p2   |    and   |      0|  0|    8|           1|           1|
    |Range1_all_ones_2_mu_fu_1121_p2     |    and   |      0|  0|    8|           1|           1|
    |Range1_all_ones_3_fu_870_p2         |    and   |      0|  0|    8|           1|           1|
    |Range1_all_ones_fu_1033_p2          |    and   |      0|  0|    8|           1|           1|
    |brmerge121_demorgan_1_fu_1577_p2    |    and   |      0|  0|    8|           1|           1|
    |brmerge121_demorgan_s_fu_1482_p2    |    and   |      0|  0|    8|           1|           1|
    |carry_1_i_i1_fu_988_p2              |    and   |      0|  0|    8|           1|           1|
    |carry_1_i_i_fu_1252_p2              |    and   |      0|  0|    8|           1|           1|
    |deleted_zeros_0_not_1_fu_1557_p2    |    and   |      0|  0|    8|           1|           1|
    |deleted_zeros_0_not_s_fu_1462_p2    |    and   |      0|  0|    8|           1|           1|
    |or_cond115_i_i1_fu_1006_p2          |    and   |      0|  0|    8|           1|           1|
    |or_cond115_i_i_fu_1270_p2           |    and   |      0|  0|    8|           1|           1|
    |or_cond117_i_i1_fu_1029_p2          |    and   |      0|  0|    8|           1|           1|
    |or_cond117_i_i_fu_1293_p2           |    and   |      0|  0|    8|           1|           1|
    |overflow_1_fu_1571_p2               |    and   |      0|  0|    8|           1|           1|
    |overflow_fu_1476_p2                 |    and   |      0|  0|    8|           1|           1|
    |p_122_i_i1_fu_1048_p2               |    and   |      0|  0|    8|           1|           1|
    |p_122_i_i_fu_1312_p2                |    and   |      0|  0|    8|           1|           1|
    |sel_tmp11_fu_639_p2                 |    and   |      0|  0|    8|           1|           1|
    |sel_tmp15_fu_1171_p2                |    and   |      0|  0|    8|           1|           1|
    |sel_tmp16_fu_1176_p2                |    and   |      0|  0|    8|           1|           1|
    |sel_tmp20_fu_1540_p2                |    and   |      0|  0|    8|           1|           1|
    |sel_tmp23_fu_761_p2                 |    and   |      0|  0|    8|           1|           1|
    |sel_tmp24_fu_766_p2                 |    and   |      0|  0|    8|           1|           1|
    |sel_tmp27_fu_1223_p2                |    and   |      0|  0|    8|           1|           1|
    |sel_tmp2_fu_476_p2                  |    and   |      0|  0|    8|           1|           1|
    |sel_tmp30_fu_777_p2                 |    and   |      0|  0|    8|           1|           1|
    |sel_tmp32_fu_924_p2                 |    and   |      0|  0|    8|           1|           1|
    |sel_tmp36_fu_1435_p2                |    and   |      0|  0|    8|           1|           1|
    |sel_tmp37_fu_1440_p2                |    and   |      0|  0|    8|           1|           1|
    |sel_tmp3_fu_481_p2                  |    and   |      0|  0|    8|           1|           1|
    |sel_tmp41_fu_1635_p2                |    and   |      0|  0|    8|           1|           1|
    |sel_tmp6_fu_492_p2                  |    and   |      0|  0|    8|           1|           1|
    |sel_tmp8_fu_959_p2                  |    and   |      0|  0|    8|           1|           1|
    |tmp10_fu_1629_p2                    |    and   |      0|  0|    8|           1|           1|
    |tmp2_fu_579_p2                      |    and   |      0|  0|    8|           1|           1|
    |tmp4_fu_1165_p2                     |    and   |      0|  0|    8|           1|           1|
    |tmp5_fu_1534_p2                     |    and   |      0|  0|    8|           1|           1|
    |tmp7_fu_864_p2                      |    and   |      0|  0|    8|           1|           1|
    |tmp9_fu_1429_p2                     |    and   |      0|  0|    8|           1|           1|
    |underflow_1_fu_1588_p2              |    and   |      0|  0|    8|           1|           1|
    |underflow_fu_1493_p2                |    and   |      0|  0|    8|           1|           1|
    |tmp_21_fu_569_p2                    |   ashr   |      0|  0|  162|          54|          54|
    |tmp_40_fu_681_p2                    |   ashr   |      0|  0|  162|          54|          54|
    |tmp_52_fu_854_p2                    |   ashr   |      0|  0|  162|          54|          54|
    |tmp_9_fu_396_p2                     |   ashr   |      0|  0|  162|          54|          54|
    |QUAN_INC_1_fu_328_p2                |   icmp   |      0|  0|   13|          10|           1|
    |QUAN_INC_fu_260_p2                  |   icmp   |      0|  0|   13|          10|           1|
    |Range1_all_zeros_1_fu_621_p2        |   icmp   |      0|  0|   29|          54|           1|
    |Range1_all_zeros_3_fu_906_p2        |   icmp   |      0|  0|   29|          54|           1|
    |Range2_all_ones_1_fu_1280_p2        |   icmp   |      0|  0|   29|          54|          54|
    |Range2_all_ones_fu_1016_p2          |   icmp   |      0|  0|   29|          54|          54|
    |icmp5_fu_521_p2                     |   icmp   |      0|  0|   13|          11|           1|
    |icmp_fu_806_p2                      |   icmp   |      0|  0|   13|          11|           1|
    |sel_tmp29_fu_772_p2                 |   icmp   |      0|  0|   13|          12|           2|
    |sel_tmp5_fu_487_p2                  |   icmp   |      0|  0|   13|          12|           2|
    |tmp_12_fu_286_p2                    |   icmp   |      0|  0|   13|          12|           6|
    |tmp_17_fu_545_p2                    |   icmp   |      0|  0|   13|          12|           6|
    |tmp_22_fu_599_p2                    |   icmp   |      0|  0|   13|          12|           6|
    |tmp_25_fu_1038_p2                   |   icmp   |      0|  0|   29|          54|           1|
    |tmp_26_fu_615_p2                    |   icmp   |      0|  0|   13|          12|           6|
    |tmp_32_fu_218_p2                    |   icmp   |      0|  0|   29|          63|           1|
    |tmp_35_fu_658_p2                    |   icmp   |      0|  0|   13|          12|           2|
    |tmp_36_fu_667_p2                    |   icmp   |      0|  0|   13|          12|           6|
    |tmp_38_fu_672_p2                    |   icmp   |      0|  0|   13|          12|           3|
    |tmp_3_fu_373_p2                     |   icmp   |      0|  0|   13|          12|           2|
    |tmp_44_fu_354_p2                    |   icmp   |      0|  0|   13|          12|           6|
    |tmp_49_fu_830_p2                    |   icmp   |      0|  0|   13|          12|           6|
    |tmp_53_fu_884_p2                    |   icmp   |      0|  0|   13|          12|           6|
    |tmp_56_fu_1302_p2                   |   icmp   |      0|  0|   29|          54|           1|
    |tmp_57_fu_900_p2                    |   icmp   |      0|  0|   13|          12|           6|
    |tmp_5_fu_382_p2                     |   icmp   |      0|  0|   13|          12|           6|
    |tmp_6_fu_387_p2                     |   icmp   |      0|  0|   13|          12|           3|
    |tmp_7_fu_182_p2                     |   icmp   |      0|  0|   29|          63|           1|
    |Range2_V_1_fu_609_p2                |   lshr   |      0|  0|  162|          54|          54|
    |Range2_V_3_fu_894_p2                |   lshr   |      0|  0|  162|          54|          54|
    |r_V_1_fu_1275_p2                    |   lshr   |      0|  0|  162|           2|          54|
    |r_V_fu_1011_p2                      |   lshr   |      0|  0|  162|           2|          54|
    |brmerge123_i_i1_fu_1115_p2          |    or    |      0|  0|    8|           1|           1|
    |brmerge123_i_i_fu_1379_p2           |    or    |      0|  0|    8|           1|           1|
    |brmerge_i_i1_fu_1466_p2             |    or    |      0|  0|    8|           1|           1|
    |brmerge_i_i_fu_1561_p2              |    or    |      0|  0|    8|           1|           1|
    |brmerge_i_i_i1_fu_1498_p2           |    or    |      0|  0|    8|           1|           1|
    |brmerge_i_i_i_fu_1593_p2            |    or    |      0|  0|    8|           1|           1|
    |carry_1_not_i_i1_fu_1104_p2         |    or    |      0|  0|    8|           1|           1|
    |carry_1_not_i_i_fu_1368_p2          |    or    |      0|  0|    8|           1|           1|
    |deleted_ones_0_i_i1_fu_1458_p2      |    or    |      0|  0|    8|           1|           1|
    |deleted_ones_0_i_i_fu_1553_p2       |    or    |      0|  0|    8|           1|           1|
    |p_119_i_i1_fu_1054_p2               |    or    |      0|  0|    8|           1|           1|
    |p_119_i_i_fu_1318_p2                |    or    |      0|  0|    8|           1|           1|
    |p_120_i_i1_fu_1134_p2               |    or    |      0|  0|    8|           1|           1|
    |p_120_i_i_fu_1398_p2                |    or    |      0|  0|    8|           1|           1|
    |sel_tmp10_fu_633_p2                 |    or    |      0|  0|    8|           1|           1|
    |sel_tmp122_demorgan_fu_1613_p2      |    or    |      0|  0|    8|           1|           1|
    |sel_tmp31_fu_918_p2                 |    or    |      0|  0|    8|           1|           1|
    |sel_tmp57_demorgan_fu_1518_p2       |    or    |      0|  0|    8|           1|           1|
    |tmp128_demorgan_fu_978_p2           |    or    |      0|  0|    8|           1|           1|
    |tmp134_demorgan_fu_1242_p2          |    or    |      0|  0|    8|           1|           1|
    |tmp3_fu_1099_p2                     |    or    |      0|  0|    8|           1|           1|
    |tmp8_fu_1363_p2                     |    or    |      0|  0|    8|           1|           1|
    |Range1_all_ones_2_i_1_fu_1327_p3    |  select  |      0|  0|    2|           1|           1|
    |Range1_all_ones_2_i_s_fu_1063_p3    |  select  |      0|  0|    2|           1|           1|
    |Range1_all_zeros_2_i_1_fu_1342_p3   |  select  |      0|  0|    2|           1|           1|
    |Range1_all_zeros_2_i_fu_1078_p3     |  select  |      0|  0|    2|           1|           1|
    |Range2_all_ones_1_i_1_fu_1285_p3    |  select  |      0|  0|    2|           1|           1|
    |Range2_all_ones_1_i_s_fu_1021_p3    |  select  |      0|  0|    2|           1|           1|
    |deleted_ones_1_fu_1404_p3           |  select  |      0|  0|    2|           1|           1|
    |deleted_ones_fu_1140_p3             |  select  |      0|  0|    2|           1|           1|
    |deleted_zeros_1_fu_1350_p3          |  select  |      0|  0|    2|           1|           1|
    |deleted_zeros_fu_1086_p3            |  select  |      0|  0|    2|           1|           1|
    |fixed_x_V_fu_1545_p3                |  select  |      0|  0|    5|           1|           5|
    |fixed_y_V_fu_1640_p3                |  select  |      0|  0|    5|           1|           5|
    |p_Repl2_1_fu_1444_p3                |  select  |      0|  0|    2|           1|           1|
    |p_Repl2_s_fu_1180_p3                |  select  |      0|  0|    2|           1|           1|
    |p_Val2_0_i_i_i1_fu_406_p3           |  select  |      0|  0|    2|           1|           2|
    |p_Val2_0_i_i_i3_fu_691_p3           |  select  |      0|  0|    2|           1|           2|
    |p_Val2_10_fu_1235_p3                |  select  |      0|  0|    5|           1|           5|
    |p_Val2_12_fu_365_p3                 |  select  |      0|  0|   54|           1|          54|
    |p_Val2_3_fu_413_p3                  |  select  |      0|  0|    5|           1|           5|
    |p_Val2_5_fu_971_p3                  |  select  |      0|  0|    5|           1|           5|
    |p_Val2_8_fu_698_p3                  |  select  |      0|  0|    5|           1|           5|
    |p_Val2_s_fu_650_p3                  |  select  |      0|  0|   54|           1|          54|
    |qb_1_fu_723_p3                      |  select  |      0|  0|    2|           1|           1|
    |qb_fu_438_p3                        |  select  |      0|  0|    2|           1|           1|
    |sel_tmp12_fu_1058_p3                |  select  |      0|  0|    2|           1|           1|
    |sel_tmp13_fu_1071_p3                |  select  |      0|  0|    2|           1|           1|
    |sel_tmp17_fu_1512_p3                |  select  |      0|  0|    5|           1|           1|
    |sel_tmp18_fu_1522_p3                |  select  |      0|  0|    5|           1|           5|
    |sel_tmp21_fu_1206_p3                |  select  |      0|  0|    5|           1|           5|
    |sel_tmp25_fu_1212_p3                |  select  |      0|  0|    5|           1|           5|
    |sel_tmp28_fu_1228_p3                |  select  |      0|  0|    5|           1|           5|
    |sel_tmp33_fu_1322_p3                |  select  |      0|  0|    2|           1|           1|
    |sel_tmp34_fu_1335_p3                |  select  |      0|  0|    2|           1|           1|
    |sel_tmp38_fu_1607_p3                |  select  |      0|  0|    5|           1|           1|
    |sel_tmp39_fu_1617_p3                |  select  |      0|  0|    5|           1|           5|
    |sel_tmp4_fu_948_p3                  |  select  |      0|  0|    5|           1|           5|
    |sel_tmp9_fu_964_p3                  |  select  |      0|  0|    5|           1|           5|
    |sel_tmp_fu_942_p3                   |  select  |      0|  0|    5|           1|           5|
    |sh_amt_1_fu_346_p3                  |  select  |      0|  0|   12|           1|          12|
    |sh_amt_fu_278_p3                    |  select  |      0|  0|   12|           1|          12|
    |tmp129_cast_cast_fu_498_p3          |  select  |      0|  0|    2|           1|           2|
    |tmp135_cast_cast_fu_783_p3          |  select  |      0|  0|    2|           1|           2|
    |tmp_11_fu_933_p2                    |    shl   |      0|  0|  101|          32|          32|
    |tmp_43_fu_1197_p2                   |    shl   |      0|  0|  101|          32|          32|
    |Range1_all_zeros_2_fu_1307_p2       |    xor   |      0|  0|    8|           2|           1|
    |Range1_all_zeros_fu_1043_p2         |    xor   |      0|  0|    8|           2|           1|
    |Range2_all_ones_1_no_1_fu_1373_p2   |    xor   |      0|  0|    8|           2|           1|
    |Range2_all_ones_1_no_fu_1109_p2     |    xor   |      0|  0|    8|           2|           1|
    |brmerge121_i_i1_fu_1487_p2          |    xor   |      0|  0|    8|           1|           2|
    |brmerge121_i_i_fu_1582_p2           |    xor   |      0|  0|    8|           1|           2|
    |deleted_zeros_1_not_fu_1452_p2      |    xor   |      0|  0|    8|           1|           2|
    |deleted_zeros_not_fu_1188_p2        |    xor   |      0|  0|    8|           1|           2|
    |rev1_fu_844_p2                      |    xor   |      0|  0|    8|           1|           2|
    |rev2_fu_1265_p2                     |    xor   |      0|  0|    8|           1|           2|
    |rev9_fu_1001_p2                     |    xor   |      0|  0|    8|           1|           2|
    |rev_fu_559_p2                       |    xor   |      0|  0|    8|           1|           2|
    |sel_tmp14_fu_1160_p2                |    xor   |      0|  0|    8|           1|           2|
    |sel_tmp18_not_fu_1094_p2            |    xor   |      0|  0|    8|           1|           2|
    |sel_tmp19_fu_1529_p2                |    xor   |      0|  0|    8|           1|           2|
    |sel_tmp1_fu_470_p2                  |    xor   |      0|  0|    8|           1|           2|
    |sel_tmp22_fu_755_p2                 |    xor   |      0|  0|    8|           1|           2|
    |sel_tmp26_fu_1218_p2                |    xor   |      0|  0|    8|           1|           2|
    |sel_tmp35_fu_1424_p2                |    xor   |      0|  0|    8|           1|           2|
    |sel_tmp40_fu_1624_p2                |    xor   |      0|  0|    8|           1|           2|
    |sel_tmp7_fu_954_p2                  |    xor   |      0|  0|    8|           1|           2|
    |sel_tmp83_not_fu_1358_p2            |    xor   |      0|  0|    8|           1|           2|
    |tmp1_fu_982_p2                      |    xor   |      0|  0|    8|           1|           2|
    |tmp6_fu_1246_p2                     |    xor   |      0|  0|    8|           1|           2|
    |tmp_24_not_fu_627_p2                |    xor   |      0|  0|    8|           1|           2|
    |tmp_27_fu_1154_p2                   |    xor   |      0|  0|    8|           2|           1|
    |tmp_29_fu_1471_p2                   |    xor   |      0|  0|    8|           1|           2|
    |tmp_56_not_fu_912_p2                |    xor   |      0|  0|    8|           1|           2|
    |tmp_58_fu_1418_p2                   |    xor   |      0|  0|    8|           2|           1|
    |tmp_59_fu_1566_p2                   |    xor   |      0|  0|    8|           1|           2|
    +------------------------------------+----------+-------+---+-----+------------+------------+
    |Total                               |          |      0|  0| 3458|        1328|        1350|
    +------------------------------------+----------+-------+---+-----+------------+------------+

    * Multiplexer: 
    +-----------+----+-----------+-----+-----------+
    |    Name   | LUT| Input Size| Bits| Total Bits|
    +-----------+----+-----------+-----+-----------+
    |ap_NS_fsm  |  38|          7|    1|          7|
    +-----------+----+-----------+-----+-----------+
    |Total      |  38|          7|    1|          7|
    +-----------+----+-----------+-----+-----------+

    * Register: 
    +------------------------------+----+----+-----+-----------+
    |             Name             | FF | LUT| Bits| Const Bits|
    +------------------------------+----+----+-----+-----------+
    |F2_1_reg_1773                 |  12|   0|   12|          0|
    |F2_reg_1731                   |  12|   0|   12|          0|
    |QUAN_INC_1_reg_1782           |   1|   0|    1|          0|
    |QUAN_INC_reg_1740             |   1|   0|    1|          0|
    |Range1_all_ones_1_reg_1877    |   1|   0|    1|          0|
    |Range1_all_ones_3_reg_1994    |   1|   0|    1|          0|
    |Range1_all_zeros_1_reg_1906   |   1|   0|    1|          0|
    |Range1_all_zeros_3_reg_2023   |   1|   0|    1|          0|
    |Range2_V_1_reg_1900           |  54|   0|   54|          0|
    |Range2_V_3_reg_2017           |  54|   0|   54|          0|
    |ap_CS_fsm                     |   6|   0|    6|          0|
    |deleted_ones_1_reg_2081       |   1|   0|    1|          0|
    |deleted_ones_reg_2047         |   1|   0|    1|          0|
    |deleted_zeros_1_not_reg_2097  |   1|   0|    1|          0|
    |deleted_zeros_not_reg_2063    |   1|   0|    1|          0|
    |exp_tmp_V_1_reg_1699          |  11|   0|   11|          0|
    |exp_tmp_V_reg_1672            |  11|   0|   11|          0|
    |icmp5_reg_1852                |   1|   0|    1|          0|
    |icmp_reg_1969                 |   1|   0|    1|          0|
    |isneg_1_reg_1689              |   1|   0|    1|          0|
    |isneg_reg_1662                |   1|   0|    1|          0|
    |man_V_1_reg_1726              |  54|   0|   54|          0|
    |man_V_4_reg_1768              |  54|   0|   54|          0|
    |newsignbit_1_reg_2075         |   1|   0|    1|          0|
    |newsignbit_reg_2041           |   1|   0|    1|          0|
    |p_Repl2_1_reg_2091            |   1|   0|    1|          0|
    |p_Repl2_s_reg_2057            |   1|   0|    1|          0|
    |p_Result_3_reg_1721           |  52|   0|   54|          2|
    |p_Result_4_reg_1763           |  52|   0|   54|          2|
    |p_Val2_10_reg_2068            |   5|   0|    5|          0|
    |p_Val2_4_reg_1821             |   5|   0|    5|          0|
    |p_Val2_5_reg_2034             |   5|   0|    5|          0|
    |p_Val2_9_reg_1938             |   5|   0|    5|          0|
    |pos1_1_reg_1975               |  12|   0|   12|          0|
    |pos1_reg_1858                 |  12|   0|   12|          0|
    |rev1_reg_1987                 |   1|   0|    1|          0|
    |rev_reg_1870                  |   1|   0|    1|          0|
    |sel_tmp11_reg_1911            |   1|   0|    1|          0|
    |sel_tmp14_reg_2052            |   1|   0|    1|          0|
    |sel_tmp23_reg_1950            |   1|   0|    1|          0|
    |sel_tmp24_reg_1955            |   1|   0|    1|          0|
    |sel_tmp2_reg_1833             |   1|   0|    1|          0|
    |sel_tmp30_reg_1962            |   1|   0|    1|          0|
    |sel_tmp32_reg_2028            |   1|   0|    1|          0|
    |sel_tmp35_reg_2086            |   1|   0|    1|          0|
    |sel_tmp3_reg_1838             |   1|   0|    1|          0|
    |sel_tmp6_reg_1845             |   1|   0|    1|          0|
    |sh_amt_1_cast_reg_1917        |  32|   0|   32|          0|
    |sh_amt_1_reg_1788             |  12|   0|   12|          0|
    |sh_amt_cast_reg_1800          |  32|   0|   32|          0|
    |sh_amt_reg_1746               |  12|   0|   12|          0|
    |tmp_12_reg_1753               |   1|   0|    1|          0|
    |tmp_13_reg_1677               |  52|   0|   52|          0|
    |tmp_17_reg_1863               |   1|   0|    1|          0|
    |tmp_20_reg_1810               |   5|   0|    5|          0|
    |tmp_22_reg_1889               |   1|   0|    1|          0|
    |tmp_24_reg_1895               |  32|   0|   54|         22|
    |tmp_2_reg_1716                |  11|   0|   12|          1|
    |tmp_30_reg_1758               |  11|   0|   12|          1|
    |tmp_32_reg_1709               |   1|   0|    1|          0|
    |tmp_35_reg_1922               |   1|   0|    1|          0|
    |tmp_3_reg_1805                |   1|   0|    1|          0|
    |tmp_42_reg_1816               |   1|   0|    1|          0|
    |tmp_44_reg_1795               |   1|   0|    1|          0|
    |tmp_45_reg_1827               |   1|   0|    1|          0|
    |tmp_49_reg_1980               |   1|   0|    1|          0|
    |tmp_53_reg_2006               |   1|   0|    1|          0|
    |tmp_54_reg_2012               |  32|   0|   54|         22|
    |tmp_64_reg_1884               |   1|   0|    1|          0|
    |tmp_69_reg_1704               |  52|   0|   52|          0|
    |tmp_71_reg_1927               |   5|   0|    5|          0|
    |tmp_75_reg_1933               |   1|   0|    1|          0|
    |tmp_76_reg_1944               |   1|   0|    1|          0|
    |tmp_7_reg_1682                |   1|   0|    1|          0|
    |tmp_81_reg_2001               |   1|   0|    1|          0|
    +------------------------------+----+----+-----+-----------+
    |Total                         | 750|   0|  800|         50|
    +------------------------------+----+----+-----+-----------+



================================================================
== Interface
================================================================
* Summary: 
+--------------+-----+-----+------------+----------------+--------------+
|   RTL Ports  | Dir | Bits|  Protocol  |  Source Object |    C Type    |
+--------------+-----+-----+------------+----------------+--------------+
|ap_clk        |  in |    1| ap_ctrl_hs | cordiccart2pol | return value |
|ap_rst        |  in |    1| ap_ctrl_hs | cordiccart2pol | return value |
|ap_start      |  in |    1| ap_ctrl_hs | cordiccart2pol | return value |
|ap_done       | out |    1| ap_ctrl_hs | cordiccart2pol | return value |
|ap_idle       | out |    1| ap_ctrl_hs | cordiccart2pol | return value |
|ap_ready      | out |    1| ap_ctrl_hs | cordiccart2pol | return value |
|x             |  in |   32|   ap_none  |        x       |    scalar    |
|y             |  in |   32|   ap_none  |        y       |    scalar    |
|r             | out |   32|   ap_vld   |        r       |    pointer   |
|r_ap_vld      | out |    1|   ap_vld   |        r       |    pointer   |
|theta         | out |   32|   ap_vld   |      theta     |    pointer   |
|theta_ap_vld  | out |    1|   ap_vld   |      theta     |    pointer   |
+--------------+-----+-----+------------+----------------+--------------+

