

================================================================
== Vivado HLS Report for 'cordiccart2pol'
================================================================
* Date:           Fri Oct 26 15:54:43 2018

* Version:        2017.4 (Build 2086221 on Fri Dec 15 21:13:33 MST 2017)
* Project:        cordiccart2pol
* Solution:       solution1
* Product family: zynq
* Target device:  xc7z020clg400-1


================================================================
== Performance Estimates
================================================================
+ Timing (ns): 
    * Summary: 
    +--------+-------+----------+------------+
    |  Clock | Target| Estimated| Uncertainty|
    +--------+-------+----------+------------+
    |ap_clk  |  10.00|      8.60|        1.25|
    +--------+-------+----------+------------+

+ Latency (clock cycles): 
    * Summary: 
    +-----+-----+-----+-----+---------+
    |  Latency  |  Interval | Pipeline|
    | min | max | min | max |   Type  |
    +-----+-----+-----+-----+---------+
    |    5|    5|    5|    5|   none  |
    +-----+-----+-----+-----+---------+

    + Detail: 
        * Instance: 
        N/A

        * Loop: 
        N/A



================================================================
== Utilization Estimates
================================================================
* Summary: 
+-----------------+---------+-------+--------+-------+
|       Name      | BRAM_18K| DSP48E|   FF   |  LUT  |
+-----------------+---------+-------+--------+-------+
|DSP              |        -|      -|       -|      -|
|Expression       |        -|      -|       0|   3784|
|FIFO             |        -|      -|       -|      -|
|Instance         |        -|      0|     200|    276|
|Memory           |       64|      -|       0|      0|
|Multiplexer      |        -|      -|       -|     38|
|Register         |        -|      -|     934|      -|
+-----------------+---------+-------+--------+-------+
|Total            |       64|      0|    1134|   4098|
+-----------------+---------+-------+--------+-------+
|Available        |      280|    220|  106400|  53200|
+-----------------+---------+-------+--------+-------+
|Utilization (%)  |       22|      0|       1|      7|
+-----------------+---------+-------+--------+-------+

+ Detail: 
    * Instance: 
    +-------------------------+----------------------+---------+-------+-----+-----+
    |         Instance        |        Module        | BRAM_18K| DSP48E|  FF | LUT |
    +-------------------------+----------------------+---------+-------+-----+-----+
    |cordiccart2pol_fpdEe_U1  |cordiccart2pol_fpdEe  |        0|      0|  100|  138|
    |cordiccart2pol_fpdEe_U2  |cordiccart2pol_fpdEe  |        0|      0|  100|  138|
    +-------------------------+----------------------+---------+-------+-----+-----+
    |Total                    |                      |        0|      0|  200|  276|
    +-------------------------+----------------------+---------+-------+-----+-----+

    * DSP48: 
    N/A

    * Memory: 
    +-------------+----------------------+---------+---+----+-------+-----+------+-------------+
    |    Memory   |        Module        | BRAM_18K| FF| LUT| Words | Bits| Banks| W*Bits*Banks|
    +-------------+----------------------+---------+---+----+-------+-----+------+-------------+
    |my_LUT_r_U   |cordiccart2pol_mybkb  |       32|  0|   0|  16384|   32|     1|       524288|
    |my_LUT_th_U  |cordiccart2pol_mybkb  |       32|  0|   0|  16384|   32|     1|       524288|
    +-------------+----------------------+---------+---+----+-------+-----+------+-------------+
    |Total        |                      |       64|  0|   0|  32768|   64|     2|      1048576|
    +-------------+----------------------+---------+---+----+-------+-----+------+-------------+

    * FIFO: 
    N/A

    * Expression: 
    +------------------------------------+----------+-------+---+-----+------------+------------+
    |            Variable Name           | Operation| DSP48E| FF| LUT | Bitwidth P0| Bitwidth P1|
    +------------------------------------+----------+-------+---+-----+------------+------------+
    |exp_V_1_fu_661_p2                   |     +    |      0|  0|   12|          11|          12|
    |exp_V_fu_388_p2                     |     +    |      0|  0|   12|          11|          12|
    |p_Val2_3_fu_473_p2                  |     +    |      0|  0|   39|          32|          32|
    |p_Val2_8_fu_746_p2                  |     +    |      0|  0|   39|          32|          32|
    |pos1_1_fu_816_p2                    |     +    |      0|  0|   19|           2|          12|
    |pos1_fu_543_p2                      |     +    |      0|  0|   19|           2|          12|
    |pos2_1_fu_825_p2                    |     +    |      0|  0|   19|           2|          12|
    |pos2_fu_552_p2                      |     +    |      0|  0|   19|           2|          12|
    |tmp_12_fu_438_p2                    |     +    |      0|  0|   19|           6|          12|
    |tmp_14_fu_521_p2                    |     +    |      0|  0|   12|          12|          12|
    |tmp_32_fu_340_p2                    |     +    |      0|  0|   19|           6|          12|
    |tmp_43_fu_711_p2                    |     +    |      0|  0|   19|           6|          12|
    |tmp_45_fu_794_p2                    |     +    |      0|  0|   12|          12|          12|
    |tmp_s_fu_260_p2                     |     +    |      0|  0|   19|           6|          12|
    |F2_1_fu_328_p2                      |     -    |      0|  0|   19|          11|          12|
    |F2_fu_248_p2                        |     -    |      0|  0|   19|          11|          12|
    |man_V_1_fu_242_p2                   |     -    |      0|  0|   61|           1|          54|
    |man_V_4_fu_322_p2                   |     -    |      0|  0|   61|           1|          54|
    |tmp_1_fu_266_p2                     |     -    |      0|  0|   19|           5|          12|
    |tmp_33_fu_346_p2                    |     -    |      0|  0|   19|           5|          12|
    |Range1_all_ones_1_fu_601_p2         |    and   |      0|  0|    8|           1|           1|
    |Range1_all_ones_2_fu_1261_p2        |    and   |      0|  0|    8|           1|           1|
    |Range1_all_ones_2_i_1_8_fu_1515_p2  |    and   |      0|  0|    8|           1|           1|
    |Range1_all_ones_2_i_fu_1418_p2      |    and   |      0|  0|    8|           1|           1|
    |Range1_all_ones_2_mu_1_fu_1349_p2   |    and   |      0|  0|    8|           1|           1|
    |Range1_all_ones_2_mu_fu_1117_p2     |    and   |      0|  0|    8|           1|           1|
    |Range1_all_ones_3_fu_874_p2         |    and   |      0|  0|    8|           1|           1|
    |Range1_all_ones_fu_1029_p2          |    and   |      0|  0|    8|           1|           1|
    |brmerge121_demorgan_1_fu_1560_p2    |    and   |      0|  0|    8|           1|           1|
    |brmerge121_demorgan_s_fu_1463_p2    |    and   |      0|  0|    8|           1|           1|
    |carry_1_i_i1_fu_984_p2              |    and   |      0|  0|    8|           1|           1|
    |carry_1_i_i_fu_1216_p2              |    and   |      0|  0|    8|           1|           1|
    |deleted_zeros_0_not_1_fu_1540_p2    |    and   |      0|  0|    8|           1|           1|
    |deleted_zeros_0_not_s_fu_1443_p2    |    and   |      0|  0|    8|           1|           1|
    |or_cond115_i_i1_fu_1002_p2          |    and   |      0|  0|    8|           1|           1|
    |or_cond115_i_i_fu_1234_p2           |    and   |      0|  0|    8|           1|           1|
    |or_cond117_i_i1_fu_1025_p2          |    and   |      0|  0|    8|           1|           1|
    |or_cond117_i_i_fu_1257_p2           |    and   |      0|  0|    8|           1|           1|
    |overflow_1_fu_1554_p2               |    and   |      0|  0|    8|           1|           1|
    |overflow_fu_1457_p2                 |    and   |      0|  0|    8|           1|           1|
    |p_122_i_i1_fu_1044_p2               |    and   |      0|  0|    8|           1|           1|
    |p_122_i_i_fu_1276_p2                |    and   |      0|  0|    8|           1|           1|
    |sel_tmp11_fu_655_p2                 |    and   |      0|  0|    8|           1|           1|
    |sel_tmp15_fu_1155_p2                |    and   |      0|  0|    8|           1|           1|
    |sel_tmp16_fu_1432_p2                |    and   |      0|  0|    8|           1|           1|
    |sel_tmp18_fu_1510_p2                |    and   |      0|  0|    8|           1|           1|
    |sel_tmp21_fu_766_p2                 |    and   |      0|  0|    8|           1|           1|
    |sel_tmp22_fu_771_p2                 |    and   |      0|  0|    8|           1|           1|
    |sel_tmp25_fu_1187_p2                |    and   |      0|  0|    8|           1|           1|
    |sel_tmp28_fu_782_p2                 |    and   |      0|  0|    8|           1|           1|
    |sel_tmp2_fu_493_p2                  |    and   |      0|  0|    8|           1|           1|
    |sel_tmp30_fu_928_p2                 |    and   |      0|  0|    8|           1|           1|
    |sel_tmp34_fu_1387_p2                |    and   |      0|  0|    8|           1|           1|
    |sel_tmp35_fu_1529_p2                |    and   |      0|  0|    8|           1|           1|
    |sel_tmp37_fu_1607_p2                |    and   |      0|  0|    8|           1|           1|
    |sel_tmp3_fu_498_p2                  |    and   |      0|  0|    8|           1|           1|
    |sel_tmp6_fu_509_p2                  |    and   |      0|  0|    8|           1|           1|
    |sel_tmp8_fu_955_p2                  |    and   |      0|  0|    8|           1|           1|
    |tmp10_fu_1601_p2                    |    and   |      0|  0|    8|           1|           1|
    |tmp2_fu_595_p2                      |    and   |      0|  0|    8|           1|           1|
    |tmp4_fu_1149_p2                     |    and   |      0|  0|    8|           1|           1|
    |tmp5_fu_1504_p2                     |    and   |      0|  0|    8|           1|           1|
    |tmp7_fu_868_p2                      |    and   |      0|  0|    8|           1|           1|
    |tmp9_fu_1381_p2                     |    and   |      0|  0|    8|           1|           1|
    |underflow_1_fu_1571_p2              |    and   |      0|  0|    8|           1|           1|
    |underflow_fu_1474_p2                |    and   |      0|  0|    8|           1|           1|
    |tmp_19_fu_585_p2                    |   ashr   |      0|  0|  162|          54|          54|
    |tmp_39_fu_687_p2                    |   ashr   |      0|  0|  162|          54|          54|
    |tmp_48_fu_858_p2                    |   ashr   |      0|  0|  162|          54|          54|
    |tmp_9_fu_414_p2                     |   ashr   |      0|  0|  162|          54|          54|
    |QUAN_INC_1_fu_334_p2                |   icmp   |      0|  0|   13|          12|           5|
    |QUAN_INC_fu_254_p2                  |   icmp   |      0|  0|   13|          12|           5|
    |Range1_all_zeros_1_fu_637_p2        |   icmp   |      0|  0|   29|          54|           1|
    |Range1_all_zeros_3_fu_910_p2        |   icmp   |      0|  0|   29|          54|           1|
    |Range2_all_ones_1_fu_1244_p2        |   icmp   |      0|  0|   29|          54|          54|
    |Range2_all_ones_fu_1012_p2          |   icmp   |      0|  0|   29|          54|          54|
    |icmp1_fu_376_p2                     |   icmp   |      0|  0|   11|           7|           1|
    |icmp2_fu_810_p2                     |   icmp   |      0|  0|   13|          11|           1|
    |icmp5_fu_537_p2                     |   icmp   |      0|  0|   13|          11|           1|
    |icmp_fu_296_p2                      |   icmp   |      0|  0|   11|           7|           1|
    |sel_tmp27_fu_777_p2                 |   icmp   |      0|  0|   13|          12|           5|
    |sel_tmp5_fu_504_p2                  |   icmp   |      0|  0|   13|          12|           5|
    |tmp_11_fu_302_p2                    |   icmp   |      0|  0|   13|          12|           6|
    |tmp_15_fu_561_p2                    |   icmp   |      0|  0|   13|          12|           6|
    |tmp_20_fu_615_p2                    |   icmp   |      0|  0|   13|          12|           6|
    |tmp_23_fu_1034_p2                   |   icmp   |      0|  0|   29|          54|           1|
    |tmp_24_fu_631_p2                    |   icmp   |      0|  0|   13|          12|           6|
    |tmp_31_fu_222_p2                    |   icmp   |      0|  0|   29|          63|           1|
    |tmp_34_fu_674_p2                    |   icmp   |      0|  0|   13|          12|           5|
    |tmp_35_fu_360_p2                    |   icmp   |      0|  0|   13|          12|           6|
    |tmp_3_fu_401_p2                     |   icmp   |      0|  0|   13|          12|           5|
    |tmp_42_fu_382_p2                    |   icmp   |      0|  0|   13|          12|           6|
    |tmp_46_fu_834_p2                    |   icmp   |      0|  0|   13|          12|           6|
    |tmp_50_fu_888_p2                    |   icmp   |      0|  0|   13|          12|           6|
    |tmp_52_fu_1266_p2                   |   icmp   |      0|  0|   29|          54|           1|
    |tmp_53_fu_904_p2                    |   icmp   |      0|  0|   13|          12|           6|
    |tmp_5_fu_280_p2                     |   icmp   |      0|  0|   13|          12|           6|
    |tmp_7_fu_186_p2                     |   icmp   |      0|  0|   29|          63|           1|
    |Range2_V_1_fu_625_p2                |   lshr   |      0|  0|  162|          54|          54|
    |Range2_V_3_fu_898_p2                |   lshr   |      0|  0|  162|          54|          54|
    |r_V_1_fu_1239_p2                    |   lshr   |      0|  0|  162|           2|          54|
    |r_V_fu_1007_p2                      |   lshr   |      0|  0|  162|           2|          54|
    |brmerge123_i_i1_fu_1111_p2          |    or    |      0|  0|    8|           1|           1|
    |brmerge123_i_i_fu_1343_p2           |    or    |      0|  0|    8|           1|           1|
    |brmerge_i_i1_fu_1447_p2             |    or    |      0|  0|    8|           1|           1|
    |brmerge_i_i_fu_1544_p2              |    or    |      0|  0|    8|           1|           1|
    |brmerge_i_i_i1_fu_1480_p2           |    or    |      0|  0|    8|           1|           1|
    |brmerge_i_i_i_fu_1577_p2            |    or    |      0|  0|    8|           1|           1|
    |carry_1_not_i_i1_fu_1100_p2         |    or    |      0|  0|    8|           1|           1|
    |carry_1_not_i_i_fu_1332_p2          |    or    |      0|  0|    8|           1|           1|
    |deleted_ones_0_i_i1_fu_1428_p2      |    or    |      0|  0|    8|           1|           1|
    |deleted_ones_0_i_i_fu_1525_p2       |    or    |      0|  0|    8|           1|           1|
    |p_119_i_i1_fu_1050_p2               |    or    |      0|  0|    8|           1|           1|
    |p_119_i_i_fu_1282_p2                |    or    |      0|  0|    8|           1|           1|
    |p_120_i_i1_fu_1130_p2               |    or    |      0|  0|    8|           1|           1|
    |p_120_i_i_fu_1362_p2                |    or    |      0|  0|    8|           1|           1|
    |sel_tmp10_fu_649_p2                 |    or    |      0|  0|    8|           1|           1|
    |sel_tmp122_demorgan_fu_1592_p2      |    or    |      0|  0|    8|           1|           1|
    |sel_tmp29_fu_922_p2                 |    or    |      0|  0|    8|           1|           1|
    |sel_tmp57_demorgan_fu_1495_p2       |    or    |      0|  0|    8|           1|           1|
    |tmp128_demorgan_fu_974_p2           |    or    |      0|  0|    8|           1|           1|
    |tmp134_demorgan_fu_1206_p2          |    or    |      0|  0|    8|           1|           1|
    |tmp3_fu_1095_p2                     |    or    |      0|  0|    8|           1|           1|
    |tmp8_fu_1327_p2                     |    or    |      0|  0|    8|           1|           1|
    |Range1_all_ones_2_i_1_fu_1291_p3    |  select  |      0|  0|    2|           1|           1|
    |Range1_all_ones_2_i_s_fu_1059_p3    |  select  |      0|  0|    2|           1|           1|
    |Range1_all_zeros_2_i_1_fu_1306_p3   |  select  |      0|  0|    2|           1|           1|
    |Range1_all_zeros_2_i_fu_1074_p3     |  select  |      0|  0|    2|           1|           1|
    |Range2_all_ones_1_i_1_fu_1249_p3    |  select  |      0|  0|    2|           1|           1|
    |Range2_all_ones_1_i_s_fu_1017_p3    |  select  |      0|  0|    2|           1|           1|
    |deleted_ones_1_fu_1368_p3           |  select  |      0|  0|    2|           1|           1|
    |deleted_ones_fu_1136_p3             |  select  |      0|  0|    2|           1|           1|
    |deleted_zeros_1_fu_1314_p3          |  select  |      0|  0|    2|           1|           1|
    |deleted_zeros_fu_1082_p3            |  select  |      0|  0|    2|           1|           1|
    |p_Repl2_1_fu_1533_p3                |  select  |      0|  0|    2|           1|           1|
    |p_Repl2_s_fu_1436_p3                |  select  |      0|  0|    2|           1|           1|
    |p_Val2_0_i_i_i1_fu_424_p3           |  select  |      0|  0|    2|           1|           2|
    |p_Val2_0_i_i_i3_fu_697_p3           |  select  |      0|  0|    2|           1|           2|
    |p_Val2_11_fu_666_p3                 |  select  |      0|  0|   54|           1|          54|
    |p_Val2_2_fu_431_p3                  |  select  |      0|  0|   32|           1|          32|
    |p_Val2_4_fu_967_p3                  |  select  |      0|  0|   32|           1|          32|
    |p_Val2_7_fu_704_p3                  |  select  |      0|  0|   32|           1|          32|
    |p_Val2_9_fu_1199_p3                 |  select  |      0|  0|   32|           1|          32|
    |p_Val2_s_fu_393_p3                  |  select  |      0|  0|   54|           1|          54|
    |qb_1_fu_728_p3                      |  select  |      0|  0|    2|           1|           1|
    |qb_fu_455_p3                        |  select  |      0|  0|    2|           1|           1|
    |sel_tmp12_fu_1054_p3                |  select  |      0|  0|    2|           1|           1|
    |sel_tmp13_fu_1067_p3                |  select  |      0|  0|    2|           1|           1|
    |sel_tmp19_fu_1170_p3                |  select  |      0|  0|   32|           1|          32|
    |sel_tmp23_fu_1176_p3                |  select  |      0|  0|   32|           1|          32|
    |sel_tmp26_fu_1192_p3                |  select  |      0|  0|   32|           1|          32|
    |sel_tmp31_fu_1286_p3                |  select  |      0|  0|    2|           1|           1|
    |sel_tmp32_fu_1299_p3                |  select  |      0|  0|    2|           1|           1|
    |sel_tmp4_fu_944_p3                  |  select  |      0|  0|   32|           1|          32|
    |sel_tmp9_fu_960_p3                  |  select  |      0|  0|   32|           1|          32|
    |sel_tmp_fu_938_p3                   |  select  |      0|  0|   32|           1|          32|
    |sh_amt_1_fu_352_p3                  |  select  |      0|  0|   12|           1|          12|
    |sh_amt_fu_272_p3                    |  select  |      0|  0|   12|           1|          12|
    |tmp129_cast_cast_fu_514_p3          |  select  |      0|  0|    2|           1|           2|
    |tmp135_cast_cast_fu_787_p3          |  select  |      0|  0|    2|           1|           2|
    |tmp_57_fu_1622_p3                   |  select  |      0|  0|    7|           1|           1|
    |tmp_59_fu_1628_p3                   |  select  |      0|  0|    7|           1|           7|
    |tmp_60_fu_1635_p3                   |  select  |      0|  0|    7|           1|           7|
    |tmp_63_fu_1653_p3                   |  select  |      0|  0|    7|           1|           1|
    |tmp_64_fu_1659_p3                   |  select  |      0|  0|    7|           1|           7|
    |tmp_65_fu_1666_p3                   |  select  |      0|  0|    7|           1|           7|
    |tmp_40_fu_1166_p2                   |    shl   |      0|  0|  101|          32|          32|
    |tmp_6_fu_934_p2                     |    shl   |      0|  0|  101|          32|          32|
    |Range1_all_zeros_2_fu_1271_p2       |    xor   |      0|  0|    8|           2|           1|
    |Range1_all_zeros_fu_1039_p2         |    xor   |      0|  0|    8|           2|           1|
    |Range2_all_ones_1_no_1_fu_1337_p2   |    xor   |      0|  0|    8|           2|           1|
    |Range2_all_ones_1_no_fu_1105_p2     |    xor   |      0|  0|    8|           2|           1|
    |brmerge121_i_i1_fu_1468_p2          |    xor   |      0|  0|    8|           1|           2|
    |brmerge121_i_i_fu_1565_p2           |    xor   |      0|  0|    8|           1|           2|
    |deleted_zeros_1_not_fu_1392_p2      |    xor   |      0|  0|    8|           1|           2|
    |deleted_zeros_not_fu_1160_p2        |    xor   |      0|  0|    8|           1|           2|
    |rev1_fu_848_p2                      |    xor   |      0|  0|    8|           1|           2|
    |rev2_fu_1229_p2                     |    xor   |      0|  0|    8|           1|           2|
    |rev9_fu_997_p2                      |    xor   |      0|  0|    8|           1|           2|
    |rev_fu_575_p2                       |    xor   |      0|  0|    8|           1|           2|
    |sel_tmp14_fu_1144_p2                |    xor   |      0|  0|    8|           1|           2|
    |sel_tmp17_fu_1499_p2                |    xor   |      0|  0|    8|           1|           2|
    |sel_tmp18_not_fu_1090_p2            |    xor   |      0|  0|    8|           1|           2|
    |sel_tmp1_fu_487_p2                  |    xor   |      0|  0|    8|           1|           2|
    |sel_tmp20_fu_760_p2                 |    xor   |      0|  0|    8|           1|           2|
    |sel_tmp24_fu_1182_p2                |    xor   |      0|  0|    8|           1|           2|
    |sel_tmp33_fu_1376_p2                |    xor   |      0|  0|    8|           1|           2|
    |sel_tmp36_fu_1596_p2                |    xor   |      0|  0|    8|           1|           2|
    |sel_tmp7_fu_950_p2                  |    xor   |      0|  0|    8|           1|           2|
    |sel_tmp83_not_fu_1322_p2            |    xor   |      0|  0|    8|           1|           2|
    |tmp1_fu_978_p2                      |    xor   |      0|  0|    8|           1|           2|
    |tmp6_fu_1210_p2                     |    xor   |      0|  0|    8|           1|           2|
    |tmp_22_not_fu_643_p2                |    xor   |      0|  0|    8|           1|           2|
    |tmp_26_fu_1422_p2                   |    xor   |      0|  0|    8|           2|           1|
    |tmp_28_fu_1452_p2                   |    xor   |      0|  0|    8|           1|           2|
    |tmp_53_not_fu_916_p2                |    xor   |      0|  0|    8|           1|           2|
    |tmp_54_fu_1519_p2                   |    xor   |      0|  0|    8|           2|           1|
    |tmp_55_fu_1549_p2                   |    xor   |      0|  0|    8|           1|           2|
    +------------------------------------+----------+-------+---+-----+------------+------------+
    |Total                               |          |      0|  0| 3784|        1392|        1698|
    +------------------------------------+----------+-------+---+-----+------------+------------+

    * Multiplexer: 
    +-----------+----+-----------+-----+-----------+
    |    Name   | LUT| Input Size| Bits| Total Bits|
    +-----------+----+-----------+-----+-----------+
    |ap_NS_fsm  |  38|          7|    1|          7|
    +-----------+----+-----------+-----+-----------+
    |Total      |  38|          7|    1|          7|
    +-----------+----+-----------+-----+-----------+

    * Register: 
    +--------------------------------+----+----+-----+-----------+
    |              Name              | FF | LUT| Bits| Const Bits|
    +--------------------------------+----+----+-----+-----------+
    |F2_1_reg_1807                   |  12|   0|   12|          0|
    |F2_reg_1757                     |  12|   0|   12|          0|
    |QUAN_INC_1_reg_1816             |   1|   0|    1|          0|
    |QUAN_INC_reg_1766               |   1|   0|    1|          0|
    |Range1_all_ones_1_reg_1919      |   1|   0|    1|          0|
    |Range1_all_ones_2_i_1_reg_2133  |   1|   0|    1|          0|
    |Range1_all_ones_2_i_s_reg_2092  |   1|   0|    1|          0|
    |Range1_all_ones_3_reg_2036      |   1|   0|    1|          0|
    |Range1_all_zeros_1_reg_1948     |   1|   0|    1|          0|
    |Range1_all_zeros_3_reg_2065     |   1|   0|    1|          0|
    |Range2_V_1_reg_1942             |  54|   0|   54|          0|
    |Range2_V_3_reg_2059             |  54|   0|   54|          0|
    |ap_CS_fsm                       |   6|   0|    6|          0|
    |carry_1_i_i1_reg_2081           |   1|   0|    1|          0|
    |carry_1_i_i_reg_2122            |   1|   0|    1|          0|
    |deleted_ones_1_reg_2138         |   1|   0|    1|          0|
    |deleted_ones_reg_2097           |   1|   0|    1|          0|
    |deleted_zeros_1_not_reg_2153    |   1|   0|    1|          0|
    |deleted_zeros_not_reg_2112      |   1|   0|    1|          0|
    |exp_tmp_V_1_reg_1725            |  11|   0|   11|          0|
    |exp_tmp_V_reg_1698              |  11|   0|   11|          0|
    |icmp1_reg_1832                  |   1|   0|    1|          0|
    |icmp2_reg_2011                  |   1|   0|    1|          0|
    |icmp5_reg_1894                  |   1|   0|    1|          0|
    |icmp_reg_1782                   |   1|   0|    1|          0|
    |isneg_1_reg_1715                |   1|   0|    1|          0|
    |isneg_reg_1688                  |   1|   0|    1|          0|
    |man_V_1_reg_1752                |  54|   0|   54|          0|
    |man_V_4_reg_1802                |  54|   0|   54|          0|
    |newsignbit_1_reg_2127           |   1|   0|    1|          0|
    |newsignbit_reg_2086             |   1|   0|    1|          0|
    |p_Result_3_reg_1747             |  52|   0|   54|          2|
    |p_Result_4_reg_1797             |  52|   0|   54|          2|
    |p_Val2_3_reg_1863               |  32|   0|   32|          0|
    |p_Val2_4_reg_2076               |  32|   0|   32|          0|
    |p_Val2_8_reg_1980               |  32|   0|   32|          0|
    |p_Val2_9_reg_2117               |  32|   0|   32|          0|
    |pos1_1_reg_2017                 |  12|   0|   12|          0|
    |pos1_reg_1900                   |  12|   0|   12|          0|
    |rev1_reg_2029                   |   1|   0|    1|          0|
    |rev_reg_1912                    |   1|   0|    1|          0|
    |sel_tmp11_reg_1953              |   1|   0|    1|          0|
    |sel_tmp14_reg_2102              |   1|   0|    1|          0|
    |sel_tmp15_reg_2107              |   1|   0|    1|          0|
    |sel_tmp21_reg_1992              |   1|   0|    1|          0|
    |sel_tmp22_reg_1997              |   1|   0|    1|          0|
    |sel_tmp28_reg_2004              |   1|   0|    1|          0|
    |sel_tmp2_reg_1875               |   1|   0|    1|          0|
    |sel_tmp30_reg_2070              |   1|   0|    1|          0|
    |sel_tmp33_reg_2143              |   1|   0|    1|          0|
    |sel_tmp34_reg_2148              |   1|   0|    1|          0|
    |sel_tmp3_reg_1880               |   1|   0|    1|          0|
    |sel_tmp6_reg_1887               |   1|   0|    1|          0|
    |sh_amt_1_cast_reg_1959          |  32|   0|   32|          0|
    |sh_amt_1_reg_1822               |  12|   0|   12|          0|
    |sh_amt_cast_reg_1842            |  32|   0|   32|          0|
    |sh_amt_reg_1772                 |  12|   0|   12|          0|
    |tmp_10_reg_1703                 |  52|   0|   52|          0|
    |tmp_11_reg_1787                 |   1|   0|    1|          0|
    |tmp_15_reg_1905                 |   1|   0|    1|          0|
    |tmp_16_reg_1852                 |  32|   0|   32|          0|
    |tmp_20_reg_1931                 |   1|   0|    1|          0|
    |tmp_22_reg_1937                 |  32|   0|   54|         22|
    |tmp_29_reg_1792                 |  11|   0|   12|          1|
    |tmp_2_reg_1742                  |  11|   0|   12|          1|
    |tmp_31_reg_1735                 |   1|   0|    1|          0|
    |tmp_34_reg_1964                 |   1|   0|    1|          0|
    |tmp_35_reg_1827                 |   1|   0|    1|          0|
    |tmp_36_reg_1858                 |   1|   0|    1|          0|
    |tmp_38_reg_1869                 |   1|   0|    1|          0|
    |tmp_3_reg_1847                  |   1|   0|    1|          0|
    |tmp_42_reg_1837                 |   1|   0|    1|          0|
    |tmp_46_reg_2022                 |   1|   0|    1|          0|
    |tmp_50_reg_2048                 |   1|   0|    1|          0|
    |tmp_51_reg_2054                 |  32|   0|   54|         22|
    |tmp_56_reg_2158                 |   7|   0|    7|          0|
    |tmp_58_reg_1926                 |   1|   0|    1|          0|
    |tmp_5_reg_1777                  |   1|   0|    1|          0|
    |tmp_62_reg_2164                 |   7|   0|    7|          0|
    |tmp_74_reg_1730                 |  52|   0|   52|          0|
    |tmp_75_reg_1969                 |  32|   0|   32|          0|
    |tmp_79_reg_1975                 |   1|   0|    1|          0|
    |tmp_7_reg_1708                  |   1|   0|    1|          0|
    |tmp_80_reg_1986                 |   1|   0|    1|          0|
    |tmp_85_reg_2043                 |   1|   0|    1|          0|
    +--------------------------------+----+----+-----+-----------+
    |Total                           | 934|   0|  984|         50|
    +--------------------------------+----+----+-----+-----------+



================================================================
== Interface
================================================================
* Summary: 
+--------------+-----+-----+------------+----------------+--------------+
|   RTL Ports  | Dir | Bits|  Protocol  |  Source Object |    C Type    |
+--------------+-----+-----+------------+----------------+--------------+
|ap_clk        |  in |    1| ap_ctrl_hs | cordiccart2pol | return value |
|ap_rst        |  in |    1| ap_ctrl_hs | cordiccart2pol | return value |
|ap_start      |  in |    1| ap_ctrl_hs | cordiccart2pol | return value |
|ap_done       | out |    1| ap_ctrl_hs | cordiccart2pol | return value |
|ap_idle       | out |    1| ap_ctrl_hs | cordiccart2pol | return value |
|ap_ready      | out |    1| ap_ctrl_hs | cordiccart2pol | return value |
|x             |  in |   32|   ap_none  |        x       |    scalar    |
|y             |  in |   32|   ap_none  |        y       |    scalar    |
|r             | out |   32|   ap_vld   |        r       |    pointer   |
|r_ap_vld      | out |    1|   ap_vld   |        r       |    pointer   |
|theta         | out |   32|   ap_vld   |      theta     |    pointer   |
|theta_ap_vld  | out |    1|   ap_vld   |      theta     |    pointer   |
+--------------+-----+-----+------------+----------------+--------------+

