

================================================================
== Vivado HLS Report for 'dft'
================================================================
* Date:           Thu Nov  8 15:34:59 2018

* Version:        2017.4 (Build 2086221 on Fri Dec 15 21:13:33 MST 2017)
* Project:        hls
* Solution:       solution1
* Product family: zynq
* Target device:  xc7z020clg484-1


================================================================
== Performance Estimates
================================================================
+ Timing (ns): 
    * Summary: 
    +--------+-------+----------+------------+
    |  Clock | Target| Estimated| Uncertainty|
    +--------+-------+----------+------------+
    |ap_clk  |  10.00|      8.63|        1.25|
    +--------+-------+----------+------------+

+ Latency (clock cycles): 
    * Summary: 
    +---------+---------+---------+---------+---------+
    |      Latency      |      Interval     | Pipeline|
    |   min   |   max   |   min   |   max   |   Type  |
    +---------+---------+---------+---------+---------+
    |  4526338|  5050626|  4526338|  5050626|   none  |
    +---------+---------+---------+---------+---------+

    + Detail: 
        * Instance: 
        +--------------------------------+---------------------+-----+-----+-----+-----+---------+
        |                                |                     |  Latency  |  Interval | Pipeline|
        |            Instance            |        Module       | min | max | min | max |   Type  |
        +--------------------------------+---------------------+-----+-----+-----+-----+---------+
        |grp_sin_or_cos_double_s_fu_193  |sin_or_cos_double_s  |   40|   48|   40|   48|   none  |
        |grp_sin_or_cos_double_s_fu_212  |sin_or_cos_double_s  |   40|   48|   40|   48|   none  |
        +--------------------------------+---------------------+-----+-----+-----+-----+---------+

        * Loop: 
        +-------------+---------+---------+---------------+-----------+-----------+------+----------+
        |             |      Latency      |   Iteration   |  Initiation Interval  | Trip |          |
        |  Loop Name  |   min   |   max   |    Latency    |  achieved |   target  | Count| Pipelined|
        +-------------+---------+---------+---------------+-----------+-----------+------+----------+
        |- Loop 1     |  4525824|  5050112| 17679 ~ 19727 |          -|          -|   256|    no    |
        | + Loop 1.1  |    17664|    19712|    69 ~ 77    |          -|          -|   256|    no    |
        |- Loop 2     |      512|      512|              2|          -|          -|   256|    no    |
        +-------------+---------+---------+---------------+-----------+-----------+------+----------+



================================================================
== Utilization Estimates
================================================================
* Summary: 
+-----------------+---------+-------+--------+-------+
|       Name      | BRAM_18K| DSP48E|   FF   |  LUT  |
+-----------------+---------+-------+--------+-------+
|DSP              |        -|      -|       -|      -|
|Expression       |        -|      -|       0|     95|
|FIFO             |        -|      -|       -|      -|
|Instance         |       16|    199|   11631|  18578|
|Memory           |        2|      -|       0|      0|
|Multiplexer      |        -|      -|       -|    502|
|Register         |        -|      -|     831|      -|
+-----------------+---------+-------+--------+-------+
|Total            |       18|    199|   12462|  19175|
+-----------------+---------+-------+--------+-------+
|Available        |      280|    220|  106400|  53200|
+-----------------+---------+-------+--------+-------+
|Utilization (%)  |        6|     90|      11|     36|
+-----------------+---------+-------+--------+-------+

+ Detail: 
    * Instance: 
    +--------------------------------+----------------------+---------+-------+------+------+
    |            Instance            |        Module        | BRAM_18K| DSP48E|  FF  |  LUT |
    +--------------------------------+----------------------+---------+-------+------+------+
    |dft_dmul_64ns_64nvdy_U44        |dft_dmul_64ns_64nvdy  |        0|     11|   317|   578|
    |dft_fadd_32ns_32nqcK_U35        |dft_fadd_32ns_32nqcK  |        0|      2|   205|   390|
    |dft_faddfsub_32nspcA_U34        |dft_faddfsub_32nspcA  |        0|      2|   205|   390|
    |dft_fmul_32ns_32nrcU_U36        |dft_fmul_32ns_32nrcU  |        0|      3|   143|   321|
    |dft_fmul_32ns_32nrcU_U37        |dft_fmul_32ns_32nrcU  |        0|      3|   143|   321|
    |dft_fmul_32ns_32nrcU_U38        |dft_fmul_32ns_32nrcU  |        0|      3|   143|   321|
    |dft_fmul_32ns_32nrcU_U39        |dft_fmul_32ns_32nrcU  |        0|      3|   143|   321|
    |dft_fpext_32ns_64udo_U43        |dft_fpext_32ns_64udo  |        0|      0|   100|   138|
    |dft_fptrunc_64ns_tde_U41        |dft_fptrunc_64ns_tde  |        0|      0|   128|   277|
    |dft_fptrunc_64ns_tde_U42        |dft_fptrunc_64ns_tde  |        0|      0|   128|   277|
    |dft_sitofp_32ns_3sc4_U40        |dft_sitofp_32ns_3sc4  |        0|      0|   340|   554|
    |grp_sin_or_cos_double_s_fu_193  |sin_or_cos_double_s   |        8|     86|  4818|  7345|
    |grp_sin_or_cos_double_s_fu_212  |sin_or_cos_double_s   |        8|     86|  4818|  7345|
    +--------------------------------+----------------------+---------+-------+------+------+
    |Total                           |                      |       16|    199| 11631| 18578|
    +--------------------------------+----------------------+---------+-------+------+------+

    * DSP48: 
    N/A

    * Memory: 
    +---------------------+----------------------+---------+---+----+------+-----+------+-------------+
    |        Memory       |        Module        | BRAM_18K| FF| LUT| Words| Bits| Banks| W*Bits*Banks|
    +---------------------+----------------------+---------+---+----+------+-----+------+-------------+
    |temp_real_samples_U  |dft_temp_real_samncg  |        1|  0|   0|   256|   32|     1|         8192|
    |temp_imag_samples_U  |dft_temp_real_samncg  |        1|  0|   0|   256|   32|     1|         8192|
    +---------------------+----------------------+---------+---+----+------+-----+------+-------------+
    |Total                |                      |        2|  0|   0|   512|   64|     2|        16384|
    +---------------------+----------------------+---------+---+----+------+-----+------+-------------+

    * FIFO: 
    N/A

    * Expression: 
    +----------------------------------+----------+-------+---+----+------------+------------+
    |           Variable Name          | Operation| DSP48E| FF| LUT| Bitwidth P0| Bitwidth P1|
    +----------------------------------+----------+-------+---+----+------------+------------+
    |i_4_fu_359_p2                     |     +    |      0|  0|  16|           9|           1|
    |i_5_fu_318_p2                     |     +    |      0|  0|  16|           9|           1|
    |j_1_fu_341_p2                     |     +    |      0|  0|  16|           9|           1|
    |exitcond1_fu_335_p2               |   icmp   |      0|  0|  13|           9|          10|
    |exitcond2_fu_312_p2               |   icmp   |      0|  0|  13|           9|          10|
    |exitcond_fu_353_p2                |   icmp   |      0|  0|  13|           9|          10|
    |ap_block_state28_on_subcall_done  |    or    |      0|  0|   8|           1|           1|
    +----------------------------------+----------+-------+---+----+------------+------------+
    |Total                             |          |      0|  0|  95|          55|          34|
    +----------------------------------+----------+-------+---+----+------------+------------+

    * Multiplexer: 
    +----------------------------+-----+-----------+-----+-----------+
    |            Name            | LUT | Input Size| Bits| Total Bits|
    +----------------------------+-----+-----------+-----+-----------+
    |ap_NS_fsm                   |  205|         47|    1|         47|
    |grp_fu_231_opcode           |   15|          3|    2|          6|
    |grp_fu_231_p0               |   15|          3|   32|         96|
    |grp_fu_231_p1               |   15|          3|   32|         96|
    |grp_fu_235_p0               |   15|          3|   32|         96|
    |grp_fu_235_p1               |   15|          3|   32|         96|
    |grp_fu_241_p0               |   15|          3|   32|         96|
    |grp_fu_241_p1               |   15|          3|   32|         96|
    |grp_fu_257_p0               |   15|          3|   32|         96|
    |grp_fu_260_p0               |   15|          3|   64|        192|
    |grp_fu_266_p0               |   15|          3|   32|         96|
    |i_1_reg_182                 |    9|          2|    9|         18|
    |i_reg_134                   |    9|          2|    9|         18|
    |imag_sample_address0        |   15|          3|    8|         24|
    |j_reg_170                   |    9|          2|    9|         18|
    |real_sample_address0        |   15|          3|    8|         24|
    |temp_imag_samples_address0  |   21|          4|    8|         32|
    |temp_imag_samples_d0        |   15|          3|   32|         96|
    |temp_real_samples_address0  |   21|          4|    8|         32|
    |temp_real_samples_d0        |   15|          3|   32|         96|
    |tmp_4_reg_146               |    9|          2|   32|         64|
    |tmp_5_reg_158               |    9|          2|   32|         64|
    +----------------------------+-----+-----------+-----+-----------+
    |Total                       |  502|        107|  510|       1499|
    +----------------------------+-----+-----------+-----+-----------+

    * Register: 
    +------------------------------------------------+----+----+-----+-----------+
    |                      Name                      | FF | LUT| Bits| Const Bits|
    +------------------------------------------------+----+----+-----+-----------+
    |ap_CS_fsm                                       |  46|   0|   46|          0|
    |ap_reg_grp_sin_or_cos_double_s_fu_193_ap_start  |   1|   0|    1|          0|
    |ap_reg_grp_sin_or_cos_double_s_fu_212_ap_start  |   1|   0|    1|          0|
    |c_reg_437                                       |  32|   0|   32|          0|
    |i_1_reg_182                                     |   9|   0|    9|          0|
    |i_4_reg_479                                     |   9|   0|    9|          0|
    |i_5_reg_379                                     |   9|   0|    9|          0|
    |i_reg_134                                       |   9|   0|    9|          0|
    |imag_sample_load_reg_455                        |  32|   0|   32|          0|
    |j_1_reg_412                                     |   9|   0|    9|          0|
    |j_reg_170                                       |   9|   0|    9|          0|
    |real_sample_load_reg_449                        |  32|   0|   32|          0|
    |reg_274                                         |  32|   0|   32|          0|
    |reg_280                                         |  64|   0|   64|          0|
    |reg_287                                         |  32|   0|   32|          0|
    |reg_293                                         |  32|   0|   32|          0|
    |reg_300                                         |  32|   0|   32|          0|
    |s_reg_443                                       |  32|   0|   32|          0|
    |temp_imag_samples_ad_reg_394                    |   8|   0|    8|          0|
    |temp_real_samples_ad_reg_389                    |   8|   0|    8|          0|
    |tmp_11_reg_461                                  |  32|   0|   32|          0|
    |tmp_14_reg_466                                  |  32|   0|   32|          0|
    |tmp_15_reg_471                                  |  32|   0|   32|          0|
    |tmp_3_reg_384                                   |  64|   0|   64|          0|
    |tmp_4_reg_146                                   |  32|   0|   32|          0|
    |tmp_5_reg_158                                   |  32|   0|   32|          0|
    |tmp_6_reg_484                                   |   9|   0|   64|         55|
    |tmp_i9_reg_422                                  |  64|   0|   64|          0|
    |tmp_i_reg_417                                   |  64|   0|   64|          0|
    |w_reg_399                                       |  32|   0|   32|          0|
    +------------------------------------------------+----+----+-----+-----------+
    |Total                                           | 831|   0|  886|         55|
    +------------------------------------------------+----+----+-----+-----------+



================================================================
== Interface
================================================================
* Summary: 
+----------------------+-----+-----+------------+--------------+--------------+
|       RTL Ports      | Dir | Bits|  Protocol  | Source Object|    C Type    |
+----------------------+-----+-----+------------+--------------+--------------+
|ap_clk                |  in |    1| ap_ctrl_hs |      dft     | return value |
|ap_rst                |  in |    1| ap_ctrl_hs |      dft     | return value |
|ap_start              |  in |    1| ap_ctrl_hs |      dft     | return value |
|ap_done               | out |    1| ap_ctrl_hs |      dft     | return value |
|ap_idle               | out |    1| ap_ctrl_hs |      dft     | return value |
|ap_ready              | out |    1| ap_ctrl_hs |      dft     | return value |
|real_sample_address0  | out |    8|  ap_memory |  real_sample |     array    |
|real_sample_ce0       | out |    1|  ap_memory |  real_sample |     array    |
|real_sample_we0       | out |    1|  ap_memory |  real_sample |     array    |
|real_sample_d0        | out |   32|  ap_memory |  real_sample |     array    |
|real_sample_q0        |  in |   32|  ap_memory |  real_sample |     array    |
|imag_sample_address0  | out |    8|  ap_memory |  imag_sample |     array    |
|imag_sample_ce0       | out |    1|  ap_memory |  imag_sample |     array    |
|imag_sample_we0       | out |    1|  ap_memory |  imag_sample |     array    |
|imag_sample_d0        | out |   32|  ap_memory |  imag_sample |     array    |
|imag_sample_q0        |  in |   32|  ap_memory |  imag_sample |     array    |
+----------------------+-----+-----+------------+--------------+--------------+

