

================================================================
== Vivado HLS Report for 'fir'
================================================================
* Date:           Fri Oct 12 20:58:48 2018

* Version:        2017.4 (Build 2086221 on Fri Dec 15 21:13:33 MST 2017)
* Project:        baseline
* Solution:       solution1
* Product family: zynq
* Target device:  xc7z020clg400-1


================================================================
== Performance Estimates
================================================================
+ Timing (ns): 
    * Summary: 
    +--------+-------+----------+------------+
    |  Clock | Target| Estimated| Uncertainty|
    +--------+-------+----------+------------+
    |ap_clk  |  10.00|      8.51|        1.25|
    +--------+-------+----------+------------+

+ Latency (clock cycles): 
    * Summary: 
    +-----+-----+-----+-----+---------+
    |  Latency  |  Interval | Pipeline|
    | min | max | min | max |   Type  |
    +-----+-----+-----+-----+---------+
    |  259|  259|  259|  259|   none  |
    +-----+-----+-----+-----+---------+

    + Detail: 
        * Instance: 
        N/A

        * Loop: 
        +----------+-----+-----+----------+-----------+-----------+------+----------+
        |          |  Latency  | Iteration|  Initiation Interval  | Trip |          |
        | Loop Name| min | max |  Latency |  achieved |   target  | Count| Pipelined|
        +----------+-----+-----+----------+-----------+-----------+------+----------+
        |- Loop 1  |  257|  257|         4|          2|          2|   128|    yes   |
        +----------+-----+-----+----------+-----------+-----------+------+----------+



================================================================
== Utilization Estimates
================================================================
* Summary: 
+-----------------+---------+-------+--------+-------+
|       Name      | BRAM_18K| DSP48E|   FF   |  LUT  |
+-----------------+---------+-------+--------+-------+
|DSP              |        -|      -|       -|      -|
|Expression       |        -|      3|       0|    125|
|FIFO             |        -|      -|       -|      -|
|Instance         |        -|      -|       -|      -|
|Memory           |        1|      -|       5|     10|
|Multiplexer      |        -|      -|       -|    135|
|Register         |        -|      -|     126|      -|
+-----------------+---------+-------+--------+-------+
|Total            |        1|      3|     131|    270|
+-----------------+---------+-------+--------+-------+
|Available        |      280|    220|  106400|  53200|
+-----------------+---------+-------+--------+-------+
|Utilization (%)  |    ~0   |      1|   ~0   |   ~0  |
+-----------------+---------+-------+--------+-------+

+ Detail: 
    * Instance: 
    N/A

    * DSP48: 
    N/A

    * Memory: 
    +----------+------------+---------+---+----+------+-----+------+-------------+
    |  Memory  |   Module   | BRAM_18K| FF| LUT| Words| Bits| Banks| W*Bits*Banks|
    +----------+------------+---------+---+----+------+-----+------+-------------+
    |c_U       |fir_c       |        0|  5|  10|   128|    5|     1|          640|
    |regMem_U  |fir_regMem  |        1|  0|   0|   128|   32|     1|         4096|
    +----------+------------+---------+---+----+------+-----+------+-------------+
    |Total     |            |        1|  5|  10|   256|   37|     2|         4736|
    +----------+------------+---------+---+----+------+-----+------+-------------+

    * FIFO: 
    N/A

    * Expression: 
    +-------------------------+----------+-------+---+----+------------+------------+
    |      Variable Name      | Operation| DSP48E| FF| LUT| Bitwidth P0| Bitwidth P1|
    +-------------------------+----------+-------+---+----+------------+------------+
    |tmp_6_fu_172_p2          |     *    |      3|  0|  20|          32|           5|
    |grp_fu_133_p2            |     +    |      0|  0|  15|           8|           2|
    |sum_1_fu_178_p2          |     +    |      0|  0|  39|          32|          32|
    |ap_condition_248         |    and   |      0|  0|   8|           1|           1|
    |ap_condition_252         |    and   |      0|  0|   8|           1|           1|
    |ap_condition_98          |    and   |      0|  0|   8|           1|           1|
    |tmp_1_fu_148_p2          |   icmp   |      0|  0|  11|           8|           1|
    |ap_enable_pp0            |    xor   |      0|  0|   8|           1|           2|
    |ap_enable_reg_pp0_iter1  |    xor   |      0|  0|   8|           2|           1|
    +-------------------------+----------+-------+---+----+------------+------------+
    |Total                    |          |      3|  0| 125|          86|          46|
    +-------------------------+----------+-------+---+----+------------+------------+

    * Multiplexer: 
    +-----------------------------------+----+-----------+-----+-----------+
    |                Name               | LUT| Input Size| Bits| Total Bits|
    +-----------------------------------+----+-----------+-----+-----------+
    |ap_NS_fsm                          |  27|          5|    1|          5|
    |ap_enable_reg_pp0_iter1            |  15|          3|    1|          3|
    |ap_phi_mux_i_phi_fu_103_p4         |   9|          2|    8|         16|
    |ap_phi_reg_pp0_iter1_xij1_reg_124  |  15|          3|   32|         96|
    |grp_fu_133_p0                      |  15|          3|    8|         24|
    |i_reg_99                           |   9|          2|    8|         16|
    |regMem_address0                    |  21|          4|    7|         28|
    |regMem_d0                          |  15|          3|   32|         96|
    |sum_reg_111                        |   9|          2|   32|         64|
    +-----------------------------------+----+-----------+-----+-----------+
    |Total                              | 135|         27|  129|        348|
    +-----------------------------------+----+-----------+-----+-----------+

    * Register: 
    +-----------------------------------+----+----+-----+-----------+
    |                Name               | FF | LUT| Bits| Const Bits|
    +-----------------------------------+----+----+-----+-----------+
    |ap_CS_fsm                          |   4|   0|    4|          0|
    |ap_enable_reg_pp0_iter0            |   1|   0|    1|          0|
    |ap_enable_reg_pp0_iter1            |   1|   0|    1|          0|
    |ap_phi_reg_pp0_iter1_xij1_reg_124  |  32|   0|   32|          0|
    |ap_reg_pp0_iter1_tmp_reg_189       |   1|   0|    1|          0|
    |c_load_reg_212                     |   5|   0|    5|          0|
    |i_1_reg_217                        |   8|   0|    8|          0|
    |i_reg_99                           |   8|   0|    8|          0|
    |sum_reg_111                        |  32|   0|   32|          0|
    |tmp_1_reg_193                      |   1|   0|    1|          0|
    |tmp_6_reg_222                      |  32|   0|   32|          0|
    |tmp_reg_189                        |   1|   0|    1|          0|
    +-----------------------------------+----+----+-----+-----------+
    |Total                              | 126|   0|  126|          0|
    +-----------------------------------+----+----+-----+-----------+



================================================================
== Interface
================================================================
* Summary: 
+----------+-----+-----+------------+--------------+--------------+
| RTL Ports| Dir | Bits|  Protocol  | Source Object|    C Type    |
+----------+-----+-----+------------+--------------+--------------+
|ap_clk    |  in |    1| ap_ctrl_hs |      fir     | return value |
|ap_rst    |  in |    1| ap_ctrl_hs |      fir     | return value |
|ap_start  |  in |    1| ap_ctrl_hs |      fir     | return value |
|ap_done   | out |    1| ap_ctrl_hs |      fir     | return value |
|ap_idle   | out |    1| ap_ctrl_hs |      fir     | return value |
|ap_ready  | out |    1| ap_ctrl_hs |      fir     | return value |
|y         | out |   32|   ap_vld   |       y      |    pointer   |
|y_ap_vld  | out |    1|   ap_vld   |       y      |    pointer   |
|x         |  in |   32|   ap_none  |       x      |    scalar    |
+----------+-----+-----+------------+--------------+--------------+

